#
# There is insufficient memory for the Java Runtime Environment to continue.
# Native memory allocation (malloc) failed to allocate 1295376 bytes. Error detail: Chunk::new
# Possible reasons:
#   The system is out of physical RAM or swap space
#   This process is running with CompressedOops enabled, and the Java Heap may be blocking the growth of the native heap
# Possible solutions:
#   Reduce memory load on the system
#   Increase physical memory or swap space
#   Check if swap backing store is full
#   Decrease Java heap size (-Xmx/-Xms)
#   Decrease number of Java threads
#   Decrease Java thread stack sizes (-Xss)
#   Set larger code cache with -XX:ReservedCodeCacheSize=
#   JVM is running with Unscaled Compressed Oops mode in which the Java heap is
#     placed in the first 4GB address space. The Java Heap base address is the
#     maximum limit for the native heap growth. Please use -XX:HeapBaseMinAddress
#     to set the Java Heap base and to place the Java Heap above 4GB virtual address.
# This output file may be truncated or incomplete.
#
#  Out of Memory Error (arena.cpp:168), pid=9888, tid=18728
#
# JRE version: OpenJDK Runtime Environment Temurin-21.0.10+7 (21.0.10+7) (build 21.0.10+7-LTS)
# Java VM: OpenJDK 64-Bit Server VM Temurin-21.0.10+7 (21.0.10+7-LTS, mixed mode, sharing, tiered, compressed oops, compressed class ptrs, g1 gc, windows-amd64)
# No core dump will be written. Minidumps are not enabled by default on client versions of Windows
#

---------------  S U M M A R Y ------------

Command Line: --add-opens=java.base/java.lang=ALL-UNNAMED --add-opens=java.base/java.lang.invoke=ALL-UNNAMED --add-opens=java.base/java.util=ALL-UNNAMED --add-opens=java.prefs/java.util.prefs=ALL-UNNAMED --add-exports=jdk.compiler/com.sun.tools.javac.api=ALL-UNNAMED --add-exports=jdk.compiler/com.sun.tools.javac.util=ALL-UNNAMED --add-opens=java.base/java.util=ALL-UNNAMED --add-opens=java.prefs/java.util.prefs=ALL-UNNAMED --add-opens=java.base/java.nio.charset=ALL-UNNAMED --add-opens=java.base/java.net=ALL-UNNAMED --add-opens=java.base/java.util.concurrent.atomic=ALL-UNNAMED --add-opens=java.xml/javax.xml.namespace=ALL-UNNAMED -XX:MaxMetaspaceSize=512m -XX:ReservedCodeCacheSize=128m -XX:+HeapDumpOnOutOfMemoryError -Xmx1536m -Dfile.encoding=UTF-8 -Duser.country=US -Duser.language=en -Duser.variant -javaagent:C:\Users\oshad\.gradle\wrapper\dists\gradle-8.13-bin\5xuhj0ry160q40clulazy9h7d\gradle-8.13\lib\agents\gradle-instrumentation-agent-8.13.jar org.gradle.launcher.daemon.bootstrap.GradleDaemon 8.13

Host: AMD Ryzen 7 3700U with Radeon Vega Mobile Gfx  , 8 cores, 13G,  Windows 11 , 64 bit Build 26100 (10.0.26100.8246)
Time: Sat May  2 19:18:03 2026 Sri Lanka Standard Time elapsed time: 5.052353 seconds (0d 0h 0m 5s)

---------------  T H R E A D  ---------------

Current thread (0x000001c2e0610b90):  JavaThread "C2 CompilerThread1" daemon [_thread_in_native, id=18728, stack(0x0000001ca1800000,0x0000001ca1900000) (1024K)]


Current CompileTask:
C2:5052 2689       4       java.lang.invoke.MethodType::makeImpl (109 bytes)

Stack: [0x0000001ca1800000,0x0000001ca1900000]
Native frames: (J=compiled Java code, j=interpreted, Vv=VM code, C=native code)
V  [jvm.dll+0x6d7a39]
V  [jvm.dll+0x8b4b26]
V  [jvm.dll+0x8b70de]
V  [jvm.dll+0x8b77c3]
V  [jvm.dll+0x284346]
V  [jvm.dll+0xc66ed]
V  [jvm.dll+0xc6c31]
V  [jvm.dll+0x3bec01]
V  [jvm.dll+0x1e3f69]
V  [jvm.dll+0x24c6b3]
V  [jvm.dll+0x24bb40]
V  [jvm.dll+0x1cb34e]
V  [jvm.dll+0x25b85d]
V  [jvm.dll+0x259dea]
V  [jvm.dll+0x3f857e]
V  [jvm.dll+0x85f59d]
V  [jvm.dll+0x6d626d]
C  [ucrtbase.dll+0x37b0]
C  [KERNEL32.DLL+0x2e8d7]
C  [ntdll.dll+0x8c3fc]


---------------  P R O C E S S  ---------------

Threads class SMR info:
_java_thread_list=0x000001c281c657d0, length=26, elements={
0x000001c2d08eeeb0, 0x000001c2e05ca6e0, 0x000001c2e05cbcb0, 0x000001c2e05cd740,
0x000001c2e05ce550, 0x000001c2e05efb30, 0x000001c2e05f9240, 0x000001c2e05fd6c0,
0x000001c2e0613b40, 0x000001c2e07b9030, 0x000001c2e0829d40, 0x000001c2e0610b90,
0x000001c281645a60, 0x000001c2819055e0, 0x000001c2817ce900, 0x000001c2819969f0,
0x000001c281997060, 0x000001c281a9d910, 0x000001c281a9cbf0, 0x000001c281a9e630,
0x000001c281a9c560, 0x000001c281a9bed0, 0x000001c281a9b840, 0x000001c281a9d280,
0x000001c281a9dfa0, 0x000001c2e0611260
}

Java Threads: ( => current thread )
  0x000001c2d08eeeb0 JavaThread "main"                              [_thread_blocked, id=10512, stack(0x0000001ca0600000,0x0000001ca0700000) (1024K)]
  0x000001c2e05ca6e0 JavaThread "Reference Handler"          daemon [_thread_blocked, id=22628, stack(0x0000001ca0e00000,0x0000001ca0f00000) (1024K)]
  0x000001c2e05cbcb0 JavaThread "Finalizer"                  daemon [_thread_blocked, id=25348, stack(0x0000001ca0f00000,0x0000001ca1000000) (1024K)]
  0x000001c2e05cd740 JavaThread "Signal Dispatcher"          daemon [_thread_blocked, id=16544, stack(0x0000001ca1000000,0x0000001ca1100000) (1024K)]
  0x000001c2e05ce550 JavaThread "Attach Listener"            daemon [_thread_blocked, id=26712, stack(0x0000001ca1100000,0x0000001ca1200000) (1024K)]
  0x000001c2e05efb30 JavaThread "Service Thread"             daemon [_thread_blocked, id=9420, stack(0x0000001ca1200000,0x0000001ca1300000) (1024K)]
  0x000001c2e05f9240 JavaThread "Monitor Deflation Thread"   daemon [_thread_blocked, id=23836, stack(0x0000001ca1300000,0x0000001ca1400000) (1024K)]
  0x000001c2e05fd6c0 JavaThread "C2 CompilerThread0"         daemon [_thread_in_native, id=15268, stack(0x0000001ca1400000,0x0000001ca1500000) (1024K)]
  0x000001c2e0613b40 JavaThread "C1 CompilerThread0"         daemon [_thread_blocked, id=12056, stack(0x0000001ca1500000,0x0000001ca1600000) (1024K)]
  0x000001c2e07b9030 JavaThread "Common-Cleaner"             daemon [_thread_blocked, id=4904, stack(0x0000001ca1600000,0x0000001ca1700000) (1024K)]
  0x000001c2e0829d40 JavaThread "Notification Thread"        daemon [_thread_blocked, id=1352, stack(0x0000001ca1700000,0x0000001ca1800000) (1024K)]
=>0x000001c2e0610b90 JavaThread "C2 CompilerThread1"         daemon [_thread_in_native, id=18728, stack(0x0000001ca1800000,0x0000001ca1900000) (1024K)]
  0x000001c281645a60 JavaThread "Daemon health stats"               [_thread_blocked, id=16888, stack(0x0000001ca1900000,0x0000001ca1a00000) (1024K)]
  0x000001c2819055e0 JavaThread "Incoming local TCP Connector on port 51578"        [_thread_in_native, id=10056, stack(0x0000001ca2100000,0x0000001ca2200000) (1024K)]
  0x000001c2817ce900 JavaThread "Daemon periodic checks"            [_thread_blocked, id=24676, stack(0x0000001ca2200000,0x0000001ca2300000) (1024K)]
  0x000001c2819969f0 JavaThread "Daemon"                            [_thread_blocked, id=14488, stack(0x0000001ca2300000,0x0000001ca2400000) (1024K)]
  0x000001c281997060 JavaThread "Handler for socket connection from /127.0.0.1:51578 to /127.0.0.1:51579"        [_thread_in_native, id=26012, stack(0x0000001ca2400000,0x0000001ca2500000) (1024K)]
  0x000001c281a9d910 JavaThread "Cancel handler"                    [_thread_blocked, id=1608, stack(0x0000001ca2500000,0x0000001ca2600000) (1024K)]
  0x000001c281a9cbf0 JavaThread "Daemon worker"                     [_thread_in_Java, id=22876, stack(0x0000001ca2600000,0x0000001ca2700000) (1024K)]
  0x000001c281a9e630 JavaThread "Asynchronous log dispatcher for DefaultDaemonConnection: socket connection from /127.0.0.1:51578 to /127.0.0.1:51579"        [_thread_blocked, id=26512, stack(0x0000001ca2700000,0x0000001ca2800000) (1024K)]
  0x000001c281a9c560 JavaThread "Stdin handler"                     [_thread_blocked, id=20148, stack(0x0000001ca2800000,0x0000001ca2900000) (1024K)]
  0x000001c281a9bed0 JavaThread "Daemon client event forwarder"        [_thread_blocked, id=27176, stack(0x0000001ca2900000,0x0000001ca2a00000) (1024K)]
  0x000001c281a9b840 JavaThread "Cache worker for journal cache (C:\Users\oshad\.gradle\caches\journal-1)"        [_thread_blocked, id=14544, stack(0x0000001ca2a00000,0x0000001ca2b00000) (1024K)]
  0x000001c281a9d280 JavaThread "File lock request listener"        [_thread_in_native, id=26408, stack(0x0000001ca2b00000,0x0000001ca2c00000) (1024K)]
  0x000001c281a9dfa0 JavaThread "Cache worker for file hash cache (C:\Users\oshad\.gradle\caches\8.13\fileHashes)"        [_thread_blocked, id=5028, stack(0x0000001ca2c00000,0x0000001ca2d00000) (1024K)]
  0x000001c2e0611260 JavaThread "C2 CompilerThread2"         daemon [_thread_blocked, id=22700, stack(0x0000001ca2d00000,0x0000001ca2e00000) (1024K)]
Total: 26

Other Threads:
  0x000001c2e05ac0e0 VMThread "VM Thread"                           [id=11200, stack(0x0000001ca0d00000,0x0000001ca0e00000) (1024K)]
  0x000001c2e0598330 WatcherThread "VM Periodic Task Thread"        [id=7100, stack(0x0000001ca0c00000,0x0000001ca0d00000) (1024K)]
  0x000001c2d0935da0 WorkerThread "GC Thread#0"                     [id=20828, stack(0x0000001ca0700000,0x0000001ca0800000) (1024K)]
  0x000001c2e08166d0 WorkerThread "GC Thread#1"                     [id=22068, stack(0x0000001ca1a00000,0x0000001ca1b00000) (1024K)]
  0x000001c2e0816a80 WorkerThread "GC Thread#2"                     [id=8808, stack(0x0000001ca1b00000,0x0000001ca1c00000) (1024K)]
  0x000001c2803e8b00 WorkerThread "GC Thread#3"                     [id=16852, stack(0x0000001ca1c00000,0x0000001ca1d00000) (1024K)]
  0x000001c2803e8eb0 WorkerThread "GC Thread#4"                     [id=23436, stack(0x0000001ca1d00000,0x0000001ca1e00000) (1024K)]
  0x000001c2817adef0 WorkerThread "GC Thread#5"                     [id=20356, stack(0x0000001ca1e00000,0x0000001ca1f00000) (1024K)]
  0x000001c2817ae2a0 WorkerThread "GC Thread#6"                     [id=5136, stack(0x0000001ca1f00000,0x0000001ca2000000) (1024K)]
  0x000001c2817b6a70 WorkerThread "GC Thread#7"                     [id=3048, stack(0x0000001ca2000000,0x0000001ca2100000) (1024K)]
  0x000001c2d0942ca0 ConcurrentGCThread "G1 Main Marker"            [id=3940, stack(0x0000001ca0800000,0x0000001ca0900000) (1024K)]
  0x000001c2d09453f0 WorkerThread "G1 Conc#0"                       [id=25504, stack(0x0000001ca0900000,0x0000001ca0a00000) (1024K)]
  0x000001c2e04685a0 ConcurrentGCThread "G1 Refine#0"               [id=10812, stack(0x0000001ca0a00000,0x0000001ca0b00000) (1024K)]
  0x000001c2e0469ee0 ConcurrentGCThread "G1 Service"                [id=21808, stack(0x0000001ca0b00000,0x0000001ca0c00000) (1024K)]
Total: 14

Threads with active compile tasks:
C2 CompilerThread0  5085 2640   !   4       java.lang.ClassLoader::loadClass (121 bytes)
C1 CompilerThread0  5085 2832   !   3       sun.net.www.protocol.file.Handler::openConnection (274 bytes)
C2 CompilerThread1  5085 2689       4       java.lang.invoke.MethodType::makeImpl (109 bytes)
Total: 3

VM state: not at safepoint (normal execution)

VM Mutex/Monitor currently owned by a thread: None

Heap address: 0x00000000a0000000, size: 1536 MB, Compressed Oops mode: 32-bit

CDS archive(s) mapped at: [0x000001c2e1000000-0x000001c2e1ba0000-0x000001c2e1ba0000), size 12189696, SharedBaseAddress: 0x000001c2e1000000, ArchiveRelocationMode: 1.
Compressed class space mapped at: 0x000001c2e2000000-0x000001c2fc000000, reserved size: 436207616
Narrow klass base: 0x000001c2e1000000, Narrow klass shift: 0, Narrow klass range: 0x100000000

GC Precious Log:
 CardTable entry size: 512
 Card Set container configuration: InlinePtr #cards 5 size 8 Array Of Cards #cards 12 size 40 Howl #buckets 4 coarsen threshold 1843 Howl Bitmap #cards 512 size 80 coarsen threshold 460 Card regions per heap region 1 cards per card region 2048
 CPUs: 8 total, 8 available
 Memory: 14222M
 Large Page Support: Disabled
 NUMA Support: Disabled
 Compressed Oops: Enabled (32-bit)
 Heap Region Size: 1M
 Heap Min Capacity: 8M
 Heap Initial Capacity: 224M
 Heap Max Capacity: 1536M
 Pre-touch: Disabled
 Parallel Workers: 8
 Concurrent Workers: 2
 Concurrent Refinement Workers: 8
 Periodic GC: Disabled

Heap:
 garbage-first heap   total 229376K, used 74709K [0x00000000a0000000, 0x0000000100000000)
  region size 1024K, 63 young (64512K), 7 survivors (7168K)
 Metaspace       used 17173K, committed 17664K, reserved 491520K
  class space    used 2456K, committed 2688K, reserved 425984K

Heap Regions: E=young(eden), S=young(survivor), O=old, HS=humongous(starts), HC=humongous(continues), CS=collection set, F=free, TAMS=top-at-mark-start, PB=parsable bottom
|   0|0x00000000a0000000, 0x00000000a0100000, 0x00000000a0100000|100%|HS|  |TAMS 0x00000000a0000000| PB 0x00000000a0000000| Complete 
|   1|0x00000000a0100000, 0x00000000a0200000, 0x00000000a0200000|100%|HC|  |TAMS 0x00000000a0100000| PB 0x00000000a0100000| Complete 
|   2|0x00000000a0200000, 0x00000000a0300000, 0x00000000a0300000|100%|HC|  |TAMS 0x00000000a0200000| PB 0x00000000a0200000| Complete 
|   3|0x00000000a0300000, 0x00000000a0400000, 0x00000000a0400000|100%| O|  |TAMS 0x00000000a0300000| PB 0x00000000a0300000| Untracked 
|   4|0x00000000a0400000, 0x00000000a0500000, 0x00000000a0500000|100%| O|  |TAMS 0x00000000a0400000| PB 0x00000000a0400000| Untracked 
|   5|0x00000000a0500000, 0x00000000a0600000, 0x00000000a0600000|100%| O|  |TAMS 0x00000000a0500000| PB 0x00000000a0500000| Untracked 
|   6|0x00000000a0600000, 0x00000000a0700000, 0x00000000a0700000|100%|HS|  |TAMS 0x00000000a0600000| PB 0x00000000a0600000| Complete 
|   7|0x00000000a0700000, 0x00000000a0700000, 0x00000000a0800000|  0%| F|  |TAMS 0x00000000a0700000| PB 0x00000000a0700000| Untracked 
|   8|0x00000000a0800000, 0x00000000a0900000, 0x00000000a0900000|100%| O|  |TAMS 0x00000000a0800000| PB 0x00000000a0800000| Untracked 
|   9|0x00000000a0900000, 0x00000000a0a00000, 0x00000000a0a00000|100%| O|  |TAMS 0x00000000a0900000| PB 0x00000000a0900000| Untracked 
|  10|0x00000000a0a00000, 0x00000000a0b00000, 0x00000000a0b00000|100%| O|  |TAMS 0x00000000a0a00000| PB 0x00000000a0a00000| Untracked 
|  11|0x00000000a0b00000, 0x00000000a0c00000, 0x00000000a0c00000|100%| O|  |TAMS 0x00000000a0b00000| PB 0x00000000a0b00000| Untracked 
|  12|0x00000000a0c00000, 0x00000000a0cc4cf0, 0x00000000a0d00000| 76%| O|  |TAMS 0x00000000a0c00000| PB 0x00000000a0c00000| Untracked 
|  13|0x00000000a0d00000, 0x00000000a0d00000, 0x00000000a0e00000|  0%| F|  |TAMS 0x00000000a0d00000| PB 0x00000000a0d00000| Untracked 
|  14|0x00000000a0e00000, 0x00000000a0e00000, 0x00000000a0f00000|  0%| F|  |TAMS 0x00000000a0e00000| PB 0x00000000a0e00000| Untracked 
|  15|0x00000000a0f00000, 0x00000000a0f00000, 0x00000000a1000000|  0%| F|  |TAMS 0x00000000a0f00000| PB 0x00000000a0f00000| Untracked 
|  16|0x00000000a1000000, 0x00000000a1000000, 0x00000000a1100000|  0%| F|  |TAMS 0x00000000a1000000| PB 0x00000000a1000000| Untracked 
|  17|0x00000000a1100000, 0x00000000a1100000, 0x00000000a1200000|  0%| F|  |TAMS 0x00000000a1100000| PB 0x00000000a1100000| Untracked 
|  18|0x00000000a1200000, 0x00000000a1200000, 0x00000000a1300000|  0%| F|  |TAMS 0x00000000a1200000| PB 0x00000000a1200000| Untracked 
|  19|0x00000000a1300000, 0x00000000a1300000, 0x00000000a1400000|  0%| F|  |TAMS 0x00000000a1300000| PB 0x00000000a1300000| Untracked 
|  20|0x00000000a1400000, 0x00000000a1400000, 0x00000000a1500000|  0%| F|  |TAMS 0x00000000a1400000| PB 0x00000000a1400000| Untracked 
|  21|0x00000000a1500000, 0x00000000a1500000, 0x00000000a1600000|  0%| F|  |TAMS 0x00000000a1500000| PB 0x00000000a1500000| Untracked 
|  22|0x00000000a1600000, 0x00000000a1600000, 0x00000000a1700000|  0%| F|  |TAMS 0x00000000a1600000| PB 0x00000000a1600000| Untracked 
|  23|0x00000000a1700000, 0x00000000a1700000, 0x00000000a1800000|  0%| F|  |TAMS 0x00000000a1700000| PB 0x00000000a1700000| Untracked 
|  24|0x00000000a1800000, 0x00000000a1800000, 0x00000000a1900000|  0%| F|  |TAMS 0x00000000a1800000| PB 0x00000000a1800000| Untracked 
|  25|0x00000000a1900000, 0x00000000a1900000, 0x00000000a1a00000|  0%| F|  |TAMS 0x00000000a1900000| PB 0x00000000a1900000| Untracked 
|  26|0x00000000a1a00000, 0x00000000a1a00000, 0x00000000a1b00000|  0%| F|  |TAMS 0x00000000a1a00000| PB 0x00000000a1a00000| Untracked 
|  27|0x00000000a1b00000, 0x00000000a1b00000, 0x00000000a1c00000|  0%| F|  |TAMS 0x00000000a1b00000| PB 0x00000000a1b00000| Untracked 
|  28|0x00000000a1c00000, 0x00000000a1c00000, 0x00000000a1d00000|  0%| F|  |TAMS 0x00000000a1c00000| PB 0x00000000a1c00000| Untracked 
|  29|0x00000000a1d00000, 0x00000000a1d00000, 0x00000000a1e00000|  0%| F|  |TAMS 0x00000000a1d00000| PB 0x00000000a1d00000| Untracked 
|  30|0x00000000a1e00000, 0x00000000a1e00000, 0x00000000a1f00000|  0%| F|  |TAMS 0x00000000a1e00000| PB 0x00000000a1e00000| Untracked 
|  31|0x00000000a1f00000, 0x00000000a1f00000, 0x00000000a2000000|  0%| F|  |TAMS 0x00000000a1f00000| PB 0x00000000a1f00000| Untracked 
|  32|0x00000000a2000000, 0x00000000a2000000, 0x00000000a2100000|  0%| F|  |TAMS 0x00000000a2000000| PB 0x00000000a2000000| Untracked 
|  33|0x00000000a2100000, 0x00000000a2100000, 0x00000000a2200000|  0%| F|  |TAMS 0x00000000a2100000| PB 0x00000000a2100000| Untracked 
|  34|0x00000000a2200000, 0x00000000a2200000, 0x00000000a2300000|  0%| F|  |TAMS 0x00000000a2200000| PB 0x00000000a2200000| Untracked 
|  35|0x00000000a2300000, 0x00000000a2300000, 0x00000000a2400000|  0%| F|  |TAMS 0x00000000a2300000| PB 0x00000000a2300000| Untracked 
|  36|0x00000000a2400000, 0x00000000a2400000, 0x00000000a2500000|  0%| F|  |TAMS 0x00000000a2400000| PB 0x00000000a2400000| Untracked 
|  37|0x00000000a2500000, 0x00000000a2500000, 0x00000000a2600000|  0%| F|  |TAMS 0x00000000a2500000| PB 0x00000000a2500000| Untracked 
|  38|0x00000000a2600000, 0x00000000a2600000, 0x00000000a2700000|  0%| F|  |TAMS 0x00000000a2600000| PB 0x00000000a2600000| Untracked 
|  39|0x00000000a2700000, 0x00000000a2700000, 0x00000000a2800000|  0%| F|  |TAMS 0x00000000a2700000| PB 0x00000000a2700000| Untracked 
|  40|0x00000000a2800000, 0x00000000a2800000, 0x00000000a2900000|  0%| F|  |TAMS 0x00000000a2800000| PB 0x00000000a2800000| Untracked 
|  41|0x00000000a2900000, 0x00000000a2900000, 0x00000000a2a00000|  0%| F|  |TAMS 0x00000000a2900000| PB 0x00000000a2900000| Untracked 
|  42|0x00000000a2a00000, 0x00000000a2a00000, 0x00000000a2b00000|  0%| F|  |TAMS 0x00000000a2a00000| PB 0x00000000a2a00000| Untracked 
|  43|0x00000000a2b00000, 0x00000000a2b00000, 0x00000000a2c00000|  0%| F|  |TAMS 0x00000000a2b00000| PB 0x00000000a2b00000| Untracked 
|  44|0x00000000a2c00000, 0x00000000a2c00000, 0x00000000a2d00000|  0%| F|  |TAMS 0x00000000a2c00000| PB 0x00000000a2c00000| Untracked 
|  45|0x00000000a2d00000, 0x00000000a2d00000, 0x00000000a2e00000|  0%| F|  |TAMS 0x00000000a2d00000| PB 0x00000000a2d00000| Untracked 
|  46|0x00000000a2e00000, 0x00000000a2e00000, 0x00000000a2f00000|  0%| F|  |TAMS 0x00000000a2e00000| PB 0x00000000a2e00000| Untracked 
|  47|0x00000000a2f00000, 0x00000000a2f00000, 0x00000000a3000000|  0%| F|  |TAMS 0x00000000a2f00000| PB 0x00000000a2f00000| Untracked 
|  48|0x00000000a3000000, 0x00000000a3000000, 0x00000000a3100000|  0%| F|  |TAMS 0x00000000a3000000| PB 0x00000000a3000000| Untracked 
|  49|0x00000000a3100000, 0x00000000a3100000, 0x00000000a3200000|  0%| F|  |TAMS 0x00000000a3100000| PB 0x00000000a3100000| Untracked 
|  50|0x00000000a3200000, 0x00000000a3200000, 0x00000000a3300000|  0%| F|  |TAMS 0x00000000a3200000| PB 0x00000000a3200000| Untracked 
|  51|0x00000000a3300000, 0x00000000a3300000, 0x00000000a3400000|  0%| F|  |TAMS 0x00000000a3300000| PB 0x00000000a3300000| Untracked 
|  52|0x00000000a3400000, 0x00000000a3400000, 0x00000000a3500000|  0%| F|  |TAMS 0x00000000a3400000| PB 0x00000000a3400000| Untracked 
|  53|0x00000000a3500000, 0x00000000a3500000, 0x00000000a3600000|  0%| F|  |TAMS 0x00000000a3500000| PB 0x00000000a3500000| Untracked 
|  54|0x00000000a3600000, 0x00000000a3600000, 0x00000000a3700000|  0%| F|  |TAMS 0x00000000a3600000| PB 0x00000000a3600000| Untracked 
|  55|0x00000000a3700000, 0x00000000a3700000, 0x00000000a3800000|  0%| F|  |TAMS 0x00000000a3700000| PB 0x00000000a3700000| Untracked 
|  56|0x00000000a3800000, 0x00000000a3800000, 0x00000000a3900000|  0%| F|  |TAMS 0x00000000a3800000| PB 0x00000000a3800000| Untracked 
|  57|0x00000000a3900000, 0x00000000a3900000, 0x00000000a3a00000|  0%| F|  |TAMS 0x00000000a3900000| PB 0x00000000a3900000| Untracked 
|  58|0x00000000a3a00000, 0x00000000a3a00000, 0x00000000a3b00000|  0%| F|  |TAMS 0x00000000a3a00000| PB 0x00000000a3a00000| Untracked 
|  59|0x00000000a3b00000, 0x00000000a3b00000, 0x00000000a3c00000|  0%| F|  |TAMS 0x00000000a3b00000| PB 0x00000000a3b00000| Untracked 
|  60|0x00000000a3c00000, 0x00000000a3c00000, 0x00000000a3d00000|  0%| F|  |TAMS 0x00000000a3c00000| PB 0x00000000a3c00000| Untracked 
|  61|0x00000000a3d00000, 0x00000000a3d00000, 0x00000000a3e00000|  0%| F|  |TAMS 0x00000000a3d00000| PB 0x00000000a3d00000| Untracked 
|  62|0x00000000a3e00000, 0x00000000a3e00000, 0x00000000a3f00000|  0%| F|  |TAMS 0x00000000a3e00000| PB 0x00000000a3e00000| Untracked 
|  63|0x00000000a3f00000, 0x00000000a3f00000, 0x00000000a4000000|  0%| F|  |TAMS 0x00000000a3f00000| PB 0x00000000a3f00000| Untracked 
|  64|0x00000000a4000000, 0x00000000a4000000, 0x00000000a4100000|  0%| F|  |TAMS 0x00000000a4000000| PB 0x00000000a4000000| Untracked 
|  65|0x00000000a4100000, 0x00000000a4100000, 0x00000000a4200000|  0%| F|  |TAMS 0x00000000a4100000| PB 0x00000000a4100000| Untracked 
|  66|0x00000000a4200000, 0x00000000a4200000, 0x00000000a4300000|  0%| F|  |TAMS 0x00000000a4200000| PB 0x00000000a4200000| Untracked 
|  67|0x00000000a4300000, 0x00000000a4300000, 0x00000000a4400000|  0%| F|  |TAMS 0x00000000a4300000| PB 0x00000000a4300000| Untracked 
|  68|0x00000000a4400000, 0x00000000a4400000, 0x00000000a4500000|  0%| F|  |TAMS 0x00000000a4400000| PB 0x00000000a4400000| Untracked 
|  69|0x00000000a4500000, 0x00000000a4500000, 0x00000000a4600000|  0%| F|  |TAMS 0x00000000a4500000| PB 0x00000000a4500000| Untracked 
|  70|0x00000000a4600000, 0x00000000a4600000, 0x00000000a4700000|  0%| F|  |TAMS 0x00000000a4600000| PB 0x00000000a4600000| Untracked 
|  71|0x00000000a4700000, 0x00000000a4700000, 0x00000000a4800000|  0%| F|  |TAMS 0x00000000a4700000| PB 0x00000000a4700000| Untracked 
|  72|0x00000000a4800000, 0x00000000a4800000, 0x00000000a4900000|  0%| F|  |TAMS 0x00000000a4800000| PB 0x00000000a4800000| Untracked 
|  73|0x00000000a4900000, 0x00000000a4900000, 0x00000000a4a00000|  0%| F|  |TAMS 0x00000000a4900000| PB 0x00000000a4900000| Untracked 
|  74|0x00000000a4a00000, 0x00000000a4a00000, 0x00000000a4b00000|  0%| F|  |TAMS 0x00000000a4a00000| PB 0x00000000a4a00000| Untracked 
|  75|0x00000000a4b00000, 0x00000000a4b00000, 0x00000000a4c00000|  0%| F|  |TAMS 0x00000000a4b00000| PB 0x00000000a4b00000| Untracked 
|  76|0x00000000a4c00000, 0x00000000a4c00000, 0x00000000a4d00000|  0%| F|  |TAMS 0x00000000a4c00000| PB 0x00000000a4c00000| Untracked 
|  77|0x00000000a4d00000, 0x00000000a4d00000, 0x00000000a4e00000|  0%| F|  |TAMS 0x00000000a4d00000| PB 0x00000000a4d00000| Untracked 
|  78|0x00000000a4e00000, 0x00000000a4e00000, 0x00000000a4f00000|  0%| F|  |TAMS 0x00000000a4e00000| PB 0x00000000a4e00000| Untracked 
|  79|0x00000000a4f00000, 0x00000000a4f00000, 0x00000000a5000000|  0%| F|  |TAMS 0x00000000a4f00000| PB 0x00000000a4f00000| Untracked 
|  80|0x00000000a5000000, 0x00000000a5000000, 0x00000000a5100000|  0%| F|  |TAMS 0x00000000a5000000| PB 0x00000000a5000000| Untracked 
|  81|0x00000000a5100000, 0x00000000a5100000, 0x00000000a5200000|  0%| F|  |TAMS 0x00000000a5100000| PB 0x00000000a5100000| Untracked 
|  82|0x00000000a5200000, 0x00000000a5200000, 0x00000000a5300000|  0%| F|  |TAMS 0x00000000a5200000| PB 0x00000000a5200000| Untracked 
|  83|0x00000000a5300000, 0x00000000a5300000, 0x00000000a5400000|  0%| F|  |TAMS 0x00000000a5300000| PB 0x00000000a5300000| Untracked 
|  84|0x00000000a5400000, 0x00000000a5400000, 0x00000000a5500000|  0%| F|  |TAMS 0x00000000a5400000| PB 0x00000000a5400000| Untracked 
|  85|0x00000000a5500000, 0x00000000a5500000, 0x00000000a5600000|  0%| F|  |TAMS 0x00000000a5500000| PB 0x00000000a5500000| Untracked 
|  86|0x00000000a5600000, 0x00000000a5600000, 0x00000000a5700000|  0%| F|  |TAMS 0x00000000a5600000| PB 0x00000000a5600000| Untracked 
|  87|0x00000000a5700000, 0x00000000a5700000, 0x00000000a5800000|  0%| F|  |TAMS 0x00000000a5700000| PB 0x00000000a5700000| Untracked 
|  88|0x00000000a5800000, 0x00000000a5800000, 0x00000000a5900000|  0%| F|  |TAMS 0x00000000a5800000| PB 0x00000000a5800000| Untracked 
|  89|0x00000000a5900000, 0x00000000a5900000, 0x00000000a5a00000|  0%| F|  |TAMS 0x00000000a5900000| PB 0x00000000a5900000| Untracked 
|  90|0x00000000a5a00000, 0x00000000a5a00000, 0x00000000a5b00000|  0%| F|  |TAMS 0x00000000a5a00000| PB 0x00000000a5a00000| Untracked 
|  91|0x00000000a5b00000, 0x00000000a5b00000, 0x00000000a5c00000|  0%| F|  |TAMS 0x00000000a5b00000| PB 0x00000000a5b00000| Untracked 
|  92|0x00000000a5c00000, 0x00000000a5c00000, 0x00000000a5d00000|  0%| F|  |TAMS 0x00000000a5c00000| PB 0x00000000a5c00000| Untracked 
|  93|0x00000000a5d00000, 0x00000000a5d00000, 0x00000000a5e00000|  0%| F|  |TAMS 0x00000000a5d00000| PB 0x00000000a5d00000| Untracked 
|  94|0x00000000a5e00000, 0x00000000a5e00000, 0x00000000a5f00000|  0%| F|  |TAMS 0x00000000a5e00000| PB 0x00000000a5e00000| Untracked 
|  95|0x00000000a5f00000, 0x00000000a5f00000, 0x00000000a6000000|  0%| F|  |TAMS 0x00000000a5f00000| PB 0x00000000a5f00000| Untracked 
|  96|0x00000000a6000000, 0x00000000a6000000, 0x00000000a6100000|  0%| F|  |TAMS 0x00000000a6000000| PB 0x00000000a6000000| Untracked 
|  97|0x00000000a6100000, 0x00000000a6100000, 0x00000000a6200000|  0%| F|  |TAMS 0x00000000a6100000| PB 0x00000000a6100000| Untracked 
|  98|0x00000000a6200000, 0x00000000a6200000, 0x00000000a6300000|  0%| F|  |TAMS 0x00000000a6200000| PB 0x00000000a6200000| Untracked 
|  99|0x00000000a6300000, 0x00000000a6300000, 0x00000000a6400000|  0%| F|  |TAMS 0x00000000a6300000| PB 0x00000000a6300000| Untracked 
| 100|0x00000000a6400000, 0x00000000a6400000, 0x00000000a6500000|  0%| F|  |TAMS 0x00000000a6400000| PB 0x00000000a6400000| Untracked 
| 101|0x00000000a6500000, 0x00000000a6500000, 0x00000000a6600000|  0%| F|  |TAMS 0x00000000a6500000| PB 0x00000000a6500000| Untracked 
| 102|0x00000000a6600000, 0x00000000a6600000, 0x00000000a6700000|  0%| F|  |TAMS 0x00000000a6600000| PB 0x00000000a6600000| Untracked 
| 103|0x00000000a6700000, 0x00000000a6700000, 0x00000000a6800000|  0%| F|  |TAMS 0x00000000a6700000| PB 0x00000000a6700000| Untracked 
| 104|0x00000000a6800000, 0x00000000a6800000, 0x00000000a6900000|  0%| F|  |TAMS 0x00000000a6800000| PB 0x00000000a6800000| Untracked 
| 105|0x00000000a6900000, 0x00000000a6900000, 0x00000000a6a00000|  0%| F|  |TAMS 0x00000000a6900000| PB 0x00000000a6900000| Untracked 
| 106|0x00000000a6a00000, 0x00000000a6a00000, 0x00000000a6b00000|  0%| F|  |TAMS 0x00000000a6a00000| PB 0x00000000a6a00000| Untracked 
| 107|0x00000000a6b00000, 0x00000000a6b00000, 0x00000000a6c00000|  0%| F|  |TAMS 0x00000000a6b00000| PB 0x00000000a6b00000| Untracked 
| 108|0x00000000a6c00000, 0x00000000a6c00000, 0x00000000a6d00000|  0%| F|  |TAMS 0x00000000a6c00000| PB 0x00000000a6c00000| Untracked 
| 109|0x00000000a6d00000, 0x00000000a6d00000, 0x00000000a6e00000|  0%| F|  |TAMS 0x00000000a6d00000| PB 0x00000000a6d00000| Untracked 
| 110|0x00000000a6e00000, 0x00000000a6e00000, 0x00000000a6f00000|  0%| F|  |TAMS 0x00000000a6e00000| PB 0x00000000a6e00000| Untracked 
| 111|0x00000000a6f00000, 0x00000000a6f00000, 0x00000000a7000000|  0%| F|  |TAMS 0x00000000a6f00000| PB 0x00000000a6f00000| Untracked 
| 112|0x00000000a7000000, 0x00000000a7000000, 0x00000000a7100000|  0%| F|  |TAMS 0x00000000a7000000| PB 0x00000000a7000000| Untracked 
| 113|0x00000000a7100000, 0x00000000a7100000, 0x00000000a7200000|  0%| F|  |TAMS 0x00000000a7100000| PB 0x00000000a7100000| Untracked 
| 114|0x00000000a7200000, 0x00000000a7200000, 0x00000000a7300000|  0%| F|  |TAMS 0x00000000a7200000| PB 0x00000000a7200000| Untracked 
| 115|0x00000000a7300000, 0x00000000a7300000, 0x00000000a7400000|  0%| F|  |TAMS 0x00000000a7300000| PB 0x00000000a7300000| Untracked 
| 116|0x00000000a7400000, 0x00000000a7400000, 0x00000000a7500000|  0%| F|  |TAMS 0x00000000a7400000| PB 0x00000000a7400000| Untracked 
| 117|0x00000000a7500000, 0x00000000a7500000, 0x00000000a7600000|  0%| F|  |TAMS 0x00000000a7500000| PB 0x00000000a7500000| Untracked 
| 118|0x00000000a7600000, 0x00000000a7600000, 0x00000000a7700000|  0%| F|  |TAMS 0x00000000a7600000| PB 0x00000000a7600000| Untracked 
| 119|0x00000000a7700000, 0x00000000a7700000, 0x00000000a7800000|  0%| F|  |TAMS 0x00000000a7700000| PB 0x00000000a7700000| Untracked 
| 120|0x00000000a7800000, 0x00000000a7800000, 0x00000000a7900000|  0%| F|  |TAMS 0x00000000a7800000| PB 0x00000000a7800000| Untracked 
| 121|0x00000000a7900000, 0x00000000a7900000, 0x00000000a7a00000|  0%| F|  |TAMS 0x00000000a7900000| PB 0x00000000a7900000| Untracked 
| 122|0x00000000a7a00000, 0x00000000a7a00000, 0x00000000a7b00000|  0%| F|  |TAMS 0x00000000a7a00000| PB 0x00000000a7a00000| Untracked 
| 123|0x00000000a7b00000, 0x00000000a7b00000, 0x00000000a7c00000|  0%| F|  |TAMS 0x00000000a7b00000| PB 0x00000000a7b00000| Untracked 
| 124|0x00000000a7c00000, 0x00000000a7c00000, 0x00000000a7d00000|  0%| F|  |TAMS 0x00000000a7c00000| PB 0x00000000a7c00000| Untracked 
| 125|0x00000000a7d00000, 0x00000000a7d00000, 0x00000000a7e00000|  0%| F|  |TAMS 0x00000000a7d00000| PB 0x00000000a7d00000| Untracked 
| 126|0x00000000a7e00000, 0x00000000a7e00000, 0x00000000a7f00000|  0%| F|  |TAMS 0x00000000a7e00000| PB 0x00000000a7e00000| Untracked 
| 127|0x00000000a7f00000, 0x00000000a7f00000, 0x00000000a8000000|  0%| F|  |TAMS 0x00000000a7f00000| PB 0x00000000a7f00000| Untracked 
| 128|0x00000000a8000000, 0x00000000a8000000, 0x00000000a8100000|  0%| F|  |TAMS 0x00000000a8000000| PB 0x00000000a8000000| Untracked 
| 129|0x00000000a8100000, 0x00000000a8100000, 0x00000000a8200000|  0%| F|  |TAMS 0x00000000a8100000| PB 0x00000000a8100000| Untracked 
| 130|0x00000000a8200000, 0x00000000a8200000, 0x00000000a8300000|  0%| F|  |TAMS 0x00000000a8200000| PB 0x00000000a8200000| Untracked 
| 131|0x00000000a8300000, 0x00000000a8300000, 0x00000000a8400000|  0%| F|  |TAMS 0x00000000a8300000| PB 0x00000000a8300000| Untracked 
| 132|0x00000000a8400000, 0x00000000a8400000, 0x00000000a8500000|  0%| F|  |TAMS 0x00000000a8400000| PB 0x00000000a8400000| Untracked 
| 133|0x00000000a8500000, 0x00000000a8500000, 0x00000000a8600000|  0%| F|  |TAMS 0x00000000a8500000| PB 0x00000000a8500000| Untracked 
| 134|0x00000000a8600000, 0x00000000a8600000, 0x00000000a8700000|  0%| F|  |TAMS 0x00000000a8600000| PB 0x00000000a8600000| Untracked 
| 135|0x00000000a8700000, 0x00000000a8700000, 0x00000000a8800000|  0%| F|  |TAMS 0x00000000a8700000| PB 0x00000000a8700000| Untracked 
| 136|0x00000000a8800000, 0x00000000a8800000, 0x00000000a8900000|  0%| F|  |TAMS 0x00000000a8800000| PB 0x00000000a8800000| Untracked 
| 137|0x00000000a8900000, 0x00000000a8900000, 0x00000000a8a00000|  0%| F|  |TAMS 0x00000000a8900000| PB 0x00000000a8900000| Untracked 
| 138|0x00000000a8a00000, 0x00000000a8a00000, 0x00000000a8b00000|  0%| F|  |TAMS 0x00000000a8a00000| PB 0x00000000a8a00000| Untracked 
| 139|0x00000000a8b00000, 0x00000000a8b00000, 0x00000000a8c00000|  0%| F|  |TAMS 0x00000000a8b00000| PB 0x00000000a8b00000| Untracked 
| 140|0x00000000a8c00000, 0x00000000a8c00000, 0x00000000a8d00000|  0%| F|  |TAMS 0x00000000a8c00000| PB 0x00000000a8c00000| Untracked 
| 141|0x00000000a8d00000, 0x00000000a8d00000, 0x00000000a8e00000|  0%| F|  |TAMS 0x00000000a8d00000| PB 0x00000000a8d00000| Untracked 
| 142|0x00000000a8e00000, 0x00000000a8e00000, 0x00000000a8f00000|  0%| F|  |TAMS 0x00000000a8e00000| PB 0x00000000a8e00000| Untracked 
| 143|0x00000000a8f00000, 0x00000000a8f00000, 0x00000000a9000000|  0%| F|  |TAMS 0x00000000a8f00000| PB 0x00000000a8f00000| Untracked 
| 144|0x00000000a9000000, 0x00000000a9000000, 0x00000000a9100000|  0%| F|  |TAMS 0x00000000a9000000| PB 0x00000000a9000000| Untracked 
| 145|0x00000000a9100000, 0x00000000a9100000, 0x00000000a9200000|  0%| F|  |TAMS 0x00000000a9100000| PB 0x00000000a9100000| Untracked 
| 146|0x00000000a9200000, 0x00000000a9200000, 0x00000000a9300000|  0%| F|  |TAMS 0x00000000a9200000| PB 0x00000000a9200000| Untracked 
| 147|0x00000000a9300000, 0x00000000a9300000, 0x00000000a9400000|  0%| F|  |TAMS 0x00000000a9300000| PB 0x00000000a9300000| Untracked 
| 148|0x00000000a9400000, 0x00000000a9400000, 0x00000000a9500000|  0%| F|  |TAMS 0x00000000a9400000| PB 0x00000000a9400000| Untracked 
| 149|0x00000000a9500000, 0x00000000a9500000, 0x00000000a9600000|  0%| F|  |TAMS 0x00000000a9500000| PB 0x00000000a9500000| Untracked 
| 150|0x00000000a9600000, 0x00000000a9600000, 0x00000000a9700000|  0%| F|  |TAMS 0x00000000a9600000| PB 0x00000000a9600000| Untracked 
| 151|0x00000000a9700000, 0x00000000a9700000, 0x00000000a9800000|  0%| F|  |TAMS 0x00000000a9700000| PB 0x00000000a9700000| Untracked 
| 152|0x00000000a9800000, 0x00000000a9800000, 0x00000000a9900000|  0%| F|  |TAMS 0x00000000a9800000| PB 0x00000000a9800000| Untracked 
| 153|0x00000000a9900000, 0x00000000a9900000, 0x00000000a9a00000|  0%| F|  |TAMS 0x00000000a9900000| PB 0x00000000a9900000| Untracked 
| 154|0x00000000a9a00000, 0x00000000a9a00000, 0x00000000a9b00000|  0%| F|  |TAMS 0x00000000a9a00000| PB 0x00000000a9a00000| Untracked 
| 155|0x00000000a9b00000, 0x00000000a9b00000, 0x00000000a9c00000|  0%| F|  |TAMS 0x00000000a9b00000| PB 0x00000000a9b00000| Untracked 
| 156|0x00000000a9c00000, 0x00000000a9c00000, 0x00000000a9d00000|  0%| F|  |TAMS 0x00000000a9c00000| PB 0x00000000a9c00000| Untracked 
| 157|0x00000000a9d00000, 0x00000000a9d00000, 0x00000000a9e00000|  0%| F|  |TAMS 0x00000000a9d00000| PB 0x00000000a9d00000| Untracked 
| 158|0x00000000a9e00000, 0x00000000a9e00000, 0x00000000a9f00000|  0%| F|  |TAMS 0x00000000a9e00000| PB 0x00000000a9e00000| Untracked 
| 159|0x00000000a9f00000, 0x00000000a9f00000, 0x00000000aa000000|  0%| F|  |TAMS 0x00000000a9f00000| PB 0x00000000a9f00000| Untracked 
| 160|0x00000000aa000000, 0x00000000aa000000, 0x00000000aa100000|  0%| F|  |TAMS 0x00000000aa000000| PB 0x00000000aa000000| Untracked 
| 161|0x00000000aa100000, 0x00000000aa200000, 0x00000000aa200000|100%| E|  |TAMS 0x00000000aa100000| PB 0x00000000aa100000| Complete 
| 162|0x00000000aa200000, 0x00000000aa300000, 0x00000000aa300000|100%| E|CS|TAMS 0x00000000aa200000| PB 0x00000000aa200000| Complete 
| 163|0x00000000aa300000, 0x00000000aa330860, 0x00000000aa400000| 18%| S|CS|TAMS 0x00000000aa300000| PB 0x00000000aa300000| Complete 
| 164|0x00000000aa400000, 0x00000000aa500000, 0x00000000aa500000|100%| S|CS|TAMS 0x00000000aa400000| PB 0x00000000aa400000| Complete 
| 165|0x00000000aa500000, 0x00000000aa600000, 0x00000000aa600000|100%| S|CS|TAMS 0x00000000aa500000| PB 0x00000000aa500000| Complete 
| 166|0x00000000aa600000, 0x00000000aa700000, 0x00000000aa700000|100%| S|CS|TAMS 0x00000000aa600000| PB 0x00000000aa600000| Complete 
| 167|0x00000000aa700000, 0x00000000aa800000, 0x00000000aa800000|100%| S|CS|TAMS 0x00000000aa700000| PB 0x00000000aa700000| Complete 
| 168|0x00000000aa800000, 0x00000000aa900000, 0x00000000aa900000|100%| S|CS|TAMS 0x00000000aa800000| PB 0x00000000aa800000| Complete 
| 169|0x00000000aa900000, 0x00000000aaa00000, 0x00000000aaa00000|100%| S|CS|TAMS 0x00000000aa900000| PB 0x00000000aa900000| Complete 
| 170|0x00000000aaa00000, 0x00000000aab00000, 0x00000000aab00000|100%| E|CS|TAMS 0x00000000aaa00000| PB 0x00000000aaa00000| Complete 
| 171|0x00000000aab00000, 0x00000000aac00000, 0x00000000aac00000|100%| E|CS|TAMS 0x00000000aab00000| PB 0x00000000aab00000| Complete 
| 172|0x00000000aac00000, 0x00000000aad00000, 0x00000000aad00000|100%| E|CS|TAMS 0x00000000aac00000| PB 0x00000000aac00000| Complete 
| 173|0x00000000aad00000, 0x00000000aae00000, 0x00000000aae00000|100%| E|CS|TAMS 0x00000000aad00000| PB 0x00000000aad00000| Complete 
| 174|0x00000000aae00000, 0x00000000aaf00000, 0x00000000aaf00000|100%| E|CS|TAMS 0x00000000aae00000| PB 0x00000000aae00000| Complete 
| 175|0x00000000aaf00000, 0x00000000ab000000, 0x00000000ab000000|100%| E|CS|TAMS 0x00000000aaf00000| PB 0x00000000aaf00000| Complete 
| 176|0x00000000ab000000, 0x00000000ab100000, 0x00000000ab100000|100%| E|CS|TAMS 0x00000000ab000000| PB 0x00000000ab000000| Complete 
| 177|0x00000000ab100000, 0x00000000ab200000, 0x00000000ab200000|100%| E|CS|TAMS 0x00000000ab100000| PB 0x00000000ab100000| Complete 
| 178|0x00000000ab200000, 0x00000000ab300000, 0x00000000ab300000|100%| E|CS|TAMS 0x00000000ab200000| PB 0x00000000ab200000| Complete 
| 179|0x00000000ab300000, 0x00000000ab400000, 0x00000000ab400000|100%| E|CS|TAMS 0x00000000ab300000| PB 0x00000000ab300000| Complete 
| 180|0x00000000ab400000, 0x00000000ab500000, 0x00000000ab500000|100%| E|CS|TAMS 0x00000000ab400000| PB 0x00000000ab400000| Complete 
| 181|0x00000000ab500000, 0x00000000ab600000, 0x00000000ab600000|100%| E|CS|TAMS 0x00000000ab500000| PB 0x00000000ab500000| Complete 
| 182|0x00000000ab600000, 0x00000000ab700000, 0x00000000ab700000|100%| E|CS|TAMS 0x00000000ab600000| PB 0x00000000ab600000| Complete 
| 183|0x00000000ab700000, 0x00000000ab800000, 0x00000000ab800000|100%| E|CS|TAMS 0x00000000ab700000| PB 0x00000000ab700000| Complete 
| 184|0x00000000ab800000, 0x00000000ab900000, 0x00000000ab900000|100%| E|CS|TAMS 0x00000000ab800000| PB 0x00000000ab800000| Complete 
| 185|0x00000000ab900000, 0x00000000aba00000, 0x00000000aba00000|100%| E|CS|TAMS 0x00000000ab900000| PB 0x00000000ab900000| Complete 
| 186|0x00000000aba00000, 0x00000000abb00000, 0x00000000abb00000|100%| E|CS|TAMS 0x00000000aba00000| PB 0x00000000aba00000| Complete 
| 187|0x00000000abb00000, 0x00000000abc00000, 0x00000000abc00000|100%| E|CS|TAMS 0x00000000abb00000| PB 0x00000000abb00000| Complete 
| 188|0x00000000abc00000, 0x00000000abd00000, 0x00000000abd00000|100%| E|CS|TAMS 0x00000000abc00000| PB 0x00000000abc00000| Complete 
| 189|0x00000000abd00000, 0x00000000abe00000, 0x00000000abe00000|100%| E|CS|TAMS 0x00000000abd00000| PB 0x00000000abd00000| Complete 
| 190|0x00000000abe00000, 0x00000000abf00000, 0x00000000abf00000|100%| E|CS|TAMS 0x00000000abe00000| PB 0x00000000abe00000| Complete 
| 191|0x00000000abf00000, 0x00000000ac000000, 0x00000000ac000000|100%| E|CS|TAMS 0x00000000abf00000| PB 0x00000000abf00000| Complete 
| 192|0x00000000ac000000, 0x00000000ac100000, 0x00000000ac100000|100%| E|CS|TAMS 0x00000000ac000000| PB 0x00000000ac000000| Complete 
| 193|0x00000000ac100000, 0x00000000ac200000, 0x00000000ac200000|100%| E|CS|TAMS 0x00000000ac100000| PB 0x00000000ac100000| Complete 
| 194|0x00000000ac200000, 0x00000000ac300000, 0x00000000ac300000|100%| E|CS|TAMS 0x00000000ac200000| PB 0x00000000ac200000| Complete 
| 195|0x00000000ac300000, 0x00000000ac400000, 0x00000000ac400000|100%| E|CS|TAMS 0x00000000ac300000| PB 0x00000000ac300000| Complete 
| 196|0x00000000ac400000, 0x00000000ac500000, 0x00000000ac500000|100%| E|CS|TAMS 0x00000000ac400000| PB 0x00000000ac400000| Complete 
| 197|0x00000000ac500000, 0x00000000ac600000, 0x00000000ac600000|100%| E|CS|TAMS 0x00000000ac500000| PB 0x00000000ac500000| Complete 
| 198|0x00000000ac600000, 0x00000000ac700000, 0x00000000ac700000|100%| E|CS|TAMS 0x00000000ac600000| PB 0x00000000ac600000| Complete 
| 199|0x00000000ac700000, 0x00000000ac800000, 0x00000000ac800000|100%| E|CS|TAMS 0x00000000ac700000| PB 0x00000000ac700000| Complete 
| 200|0x00000000ac800000, 0x00000000ac900000, 0x00000000ac900000|100%| E|CS|TAMS 0x00000000ac800000| PB 0x00000000ac800000| Complete 
| 201|0x00000000ac900000, 0x00000000aca00000, 0x00000000aca00000|100%| E|CS|TAMS 0x00000000ac900000| PB 0x00000000ac900000| Complete 
| 202|0x00000000aca00000, 0x00000000acb00000, 0x00000000acb00000|100%| E|CS|TAMS 0x00000000aca00000| PB 0x00000000aca00000| Complete 
| 203|0x00000000acb00000, 0x00000000acc00000, 0x00000000acc00000|100%| E|CS|TAMS 0x00000000acb00000| PB 0x00000000acb00000| Complete 
| 204|0x00000000acc00000, 0x00000000acd00000, 0x00000000acd00000|100%| E|CS|TAMS 0x00000000acc00000| PB 0x00000000acc00000| Complete 
| 205|0x00000000acd00000, 0x00000000ace00000, 0x00000000ace00000|100%| E|CS|TAMS 0x00000000acd00000| PB 0x00000000acd00000| Complete 
| 206|0x00000000ace00000, 0x00000000acf00000, 0x00000000acf00000|100%| E|CS|TAMS 0x00000000ace00000| PB 0x00000000ace00000| Complete 
| 207|0x00000000acf00000, 0x00000000ad000000, 0x00000000ad000000|100%| E|CS|TAMS 0x00000000acf00000| PB 0x00000000acf00000| Complete 
| 208|0x00000000ad000000, 0x00000000ad100000, 0x00000000ad100000|100%| E|CS|TAMS 0x00000000ad000000| PB 0x00000000ad000000| Complete 
| 209|0x00000000ad100000, 0x00000000ad200000, 0x00000000ad200000|100%| E|CS|TAMS 0x00000000ad100000| PB 0x00000000ad100000| Complete 
| 210|0x00000000ad200000, 0x00000000ad300000, 0x00000000ad300000|100%| E|CS|TAMS 0x00000000ad200000| PB 0x00000000ad200000| Complete 
| 211|0x00000000ad300000, 0x00000000ad400000, 0x00000000ad400000|100%| E|CS|TAMS 0x00000000ad300000| PB 0x00000000ad300000| Complete 
| 212|0x00000000ad400000, 0x00000000ad500000, 0x00000000ad500000|100%| E|CS|TAMS 0x00000000ad400000| PB 0x00000000ad400000| Complete 
| 213|0x00000000ad500000, 0x00000000ad600000, 0x00000000ad600000|100%| E|CS|TAMS 0x00000000ad500000| PB 0x00000000ad500000| Complete 
| 214|0x00000000ad600000, 0x00000000ad700000, 0x00000000ad700000|100%| E|CS|TAMS 0x00000000ad600000| PB 0x00000000ad600000| Complete 
| 215|0x00000000ad700000, 0x00000000ad800000, 0x00000000ad800000|100%| E|CS|TAMS 0x00000000ad700000| PB 0x00000000ad700000| Complete 
| 216|0x00000000ad800000, 0x00000000ad900000, 0x00000000ad900000|100%| E|CS|TAMS 0x00000000ad800000| PB 0x00000000ad800000| Complete 
| 217|0x00000000ad900000, 0x00000000ada00000, 0x00000000ada00000|100%| E|CS|TAMS 0x00000000ad900000| PB 0x00000000ad900000| Complete 
| 218|0x00000000ada00000, 0x00000000adb00000, 0x00000000adb00000|100%| E|CS|TAMS 0x00000000ada00000| PB 0x00000000ada00000| Complete 
| 219|0x00000000adb00000, 0x00000000adc00000, 0x00000000adc00000|100%| E|CS|TAMS 0x00000000adb00000| PB 0x00000000adb00000| Complete 
| 220|0x00000000adc00000, 0x00000000add00000, 0x00000000add00000|100%| E|CS|TAMS 0x00000000adc00000| PB 0x00000000adc00000| Complete 
| 221|0x00000000add00000, 0x00000000ade00000, 0x00000000ade00000|100%| E|CS|TAMS 0x00000000add00000| PB 0x00000000add00000| Complete 
| 222|0x00000000ade00000, 0x00000000adf00000, 0x00000000adf00000|100%| E|CS|TAMS 0x00000000ade00000| PB 0x00000000ade00000| Complete 
| 223|0x00000000adf00000, 0x00000000ae000000, 0x00000000ae000000|100%| E|CS|TAMS 0x00000000adf00000| PB 0x00000000adf00000| Complete 

Card table byte_map: [0x000001c2dc010000,0x000001c2dc310000] _byte_map_base: 0x000001c2dbb10000

Marking Bits: (CMBitMap*) 0x000001c2d09363c0
 Bits: [0x000001c2dc310000, 0x000001c2ddb10000)

Polling page: 0x000001c2ce750000

Metaspace:

Usage:
  Non-class:     14.40 MB used.
      Class:      2.41 MB used.
       Both:     16.81 MB used.

Virtual space:
  Non-class space:       64.00 MB reserved,      14.69 MB ( 23%) committed,  1 nodes.
      Class space:      416.00 MB reserved,       2.62 MB ( <1%) committed,  1 nodes.
             Both:      480.00 MB reserved,      17.31 MB (  4%) committed. 

Chunk freelists:
   Non-Class:  432.00 KB
       Class:  13.39 MB
        Both:  13.81 MB

MaxMetaspaceSize: 512.00 MB
CompressedClassSpaceSize: 416.00 MB
Initial GC threshold: 21.00 MB
Current GC threshold: 21.00 MB
CDS: on
 - commit_granule_bytes: 65536.
 - commit_granule_words: 8192.
 - virtual_space_node_default_size: 8388608.
 - enlarge_chunks_in_place: 1.
 - use_allocation_guard: 0.


Internal statistics:

num_allocs_failed_limit: 0.
num_arena_births: 686.
num_arena_deaths: 0.
num_vsnodes_births: 2.
num_vsnodes_deaths: 0.
num_space_committed: 277.
num_space_uncommitted: 0.
num_chunks_returned_to_freelist: 0.
num_chunks_taken_from_freelist: 1323.
num_chunk_merges: 0.
num_chunk_splits: 864.
num_chunks_enlarged: 576.
num_inconsistent_stats: 0.

CodeCache: size=131072Kb used=8434Kb max_used=8435Kb free=122637Kb
 bounds [0x000001c2d3af0000, 0x000001c2d4340000, 0x000001c2dbaf0000]
 total_blobs=3396, nmethods=2831, adapters=469, full_count=0
Compilation: enabled, stopped_count=0, restarted_count=0

Compilation events (20 events):
Event: 4.027 Thread 0x000001c2e0613b40 2818       3       java.lang.invoke.DirectMethodHandle::makeAllocator (137 bytes)
Event: 4.028 Thread 0x000001c2e0613b40 nmethod 2818 0x000001c2d431dd10 code [0x000001c2d431df20, 0x000001c2d431e3a8]
Event: 4.042 Thread 0x000001c2e0611260 nmethod 2792 0x000001c2d4324410 code [0x000001c2d4324780, 0x000001c2d4326f50]
Event: 4.042 Thread 0x000001c2e0611260 2803       4       jdk.internal.org.objectweb.asm.Frame::getAbstractTypeFromDescriptor (415 bytes)
Event: 4.133 Thread 0x000001c2e0613b40 2819       3       jdk.internal.misc.Unsafe::weakCompareAndSetInt (11 bytes)
Event: 4.134 Thread 0x000001c2e0613b40 nmethod 2819 0x000001c2d4324090 code [0x000001c2d4324220, 0x000001c2d4324348]
Event: 4.397 Thread 0x000001c2e0613b40 2820       3       java.util.HashMap::put (13 bytes)
Event: 4.397 Thread 0x000001c2e0613b40 nmethod 2820 0x000001c2d4323a90 code [0x000001c2d4323c60, 0x000001c2d4323f68]
Event: 4.692 Thread 0x000001c2e0613b40 2822       3       java.util.concurrent.TimeUnit::toNanos (45 bytes)
Event: 4.692 Thread 0x000001c2e0613b40 nmethod 2822 0x000001c2d4323210 code [0x000001c2d43233c0, 0x000001c2d4323610]
Event: 4.753 Thread 0x000001c2e0613b40 2823       3       jdk.internal.misc.Unsafe::putReferenceOpaque (9 bytes)
Event: 4.753 Thread 0x000001c2e0613b40 nmethod 2823 0x000001c2d4322e90 code [0x000001c2d4323020, 0x000001c2d4323180]
Event: 4.768 Thread 0x000001c2e0613b40 2824       3       java.util.concurrent.locks.AbstractQueuedSynchronizer$ConditionObject::canReacquire (38 bytes)
Event: 4.769 Thread 0x000001c2e0613b40 nmethod 2824 0x000001c2d4322810 code [0x000001c2d43229e0, 0x000001c2d4322d28]
Event: 4.815 Thread 0x000001c2e0613b40 2825       3       java.util.concurrent.locks.LockSupport::setBlocker (12 bytes)
Event: 4.815 Thread 0x000001c2e0613b40 nmethod 2825 0x000001c2d4322390 code [0x000001c2d4322540, 0x000001c2d4322748]
Event: 4.892 Thread 0x000001c2e0613b40 2827       1       jdk.internal.event.ThreadSleepEvent::isEnabled (2 bytes)
Event: 4.892 Thread 0x000001c2e0613b40 nmethod 2827 0x000001c2d4321890 code [0x000001c2d4321a20, 0x000001c2d4321ae8]
Event: 4.892 Thread 0x000001c2e0613b40 2828       1       org.gradle.launcher.daemon.server.exec.DaemonConnectionBackedEventConsumer::access$000 (5 bytes)
Event: 4.892 Thread 0x000001c2e0613b40 nmethod 2828 0x000001c2d4321590 code [0x000001c2d4321720, 0x000001c2d43217d0]

GC Heap History (6 events):
Event: 0.524 GC heap before
{Heap before GC invocations=0 (full 0):
 garbage-first heap   total 229376K, used 22528K [0x00000000a0000000, 0x0000000100000000)
  region size 1024K, 23 young (23552K), 0 survivors (0K)
 Metaspace       used 1074K, committed 1216K, reserved 491520K
  class space    used 81K, committed 128K, reserved 425984K
}
Event: 0.528 GC heap after
{Heap after GC invocations=1 (full 0):
 garbage-first heap   total 229376K, used 2303K [0x00000000a0000000, 0x0000000100000000)
  region size 1024K, 3 young (3072K), 3 survivors (3072K)
 Metaspace       used 1074K, committed 1216K, reserved 491520K
  class space    used 81K, committed 128K, reserved 425984K
}
Event: 1.428 GC heap before
{Heap before GC invocations=1 (full 0):
 garbage-first heap   total 229376K, used 41215K [0x00000000a0000000, 0x0000000100000000)
  region size 1024K, 39 young (39936K), 3 survivors (3072K)
 Metaspace       used 4396K, committed 4608K, reserved 491520K
  class space    used 561K, committed 640K, reserved 425984K
}
Event: 1.433 GC heap after
{Heap after GC invocations=2 (full 0):
 garbage-first heap   total 229376K, used 10830K [0x00000000a0000000, 0x0000000100000000)
  region size 1024K, 5 young (5120K), 5 survivors (5120K)
 Metaspace       used 4396K, committed 4608K, reserved 491520K
  class space    used 561K, committed 640K, reserved 425984K
}
Event: 2.402 GC heap before
{Heap before GC invocations=2 (full 0):
 garbage-first heap   total 229376K, used 62030K [0x00000000a0000000, 0x0000000100000000)
  region size 1024K, 54 young (55296K), 5 survivors (5120K)
 Metaspace       used 6766K, committed 7040K, reserved 491520K
  class space    used 920K, committed 1024K, reserved 425984K
}
Event: 2.409 GC heap after
{Heap after GC invocations=3 (full 0):
 garbage-first heap   total 229376K, used 18389K [0x00000000a0000000, 0x0000000100000000)
  region size 1024K, 7 young (7168K), 7 survivors (7168K)
 Metaspace       used 6766K, committed 7040K, reserved 491520K
  class space    used 920K, committed 1024K, reserved 425984K
}

Dll operation events (14 events):
Event: 0.011 Loaded shared library C:\Users\oshad\.antigravity\extensions\redhat.java-1.54.0-win32-x64\jre\21.0.10-win32-x86_64\bin\java.dll
Event: 0.073 Loaded shared library C:\Users\oshad\.antigravity\extensions\redhat.java-1.54.0-win32-x64\jre\21.0.10-win32-x86_64\bin\zip.dll
Event: 0.094 Loaded shared library C:\Users\oshad\.antigravity\extensions\redhat.java-1.54.0-win32-x64\jre\21.0.10-win32-x86_64\bin\instrument.dll
Event: 0.100 Loaded shared library C:\Users\oshad\.antigravity\extensions\redhat.java-1.54.0-win32-x64\jre\21.0.10-win32-x86_64\bin\net.dll
Event: 0.103 Loaded shared library C:\Users\oshad\.antigravity\extensions\redhat.java-1.54.0-win32-x64\jre\21.0.10-win32-x86_64\bin\nio.dll
Event: 0.107 Loaded shared library C:\Users\oshad\.antigravity\extensions\redhat.java-1.54.0-win32-x64\jre\21.0.10-win32-x86_64\bin\zip.dll
Event: 0.447 Loaded shared library C:\Users\oshad\.antigravity\extensions\redhat.java-1.54.0-win32-x64\jre\21.0.10-win32-x86_64\bin\jimage.dll
Event: 0.658 Loaded shared library C:\Users\oshad\.antigravity\extensions\redhat.java-1.54.0-win32-x64\jre\21.0.10-win32-x86_64\bin\verify.dll
Event: 0.801 Loaded shared library C:\Users\oshad\.gradle\native\1def1411415f61bf3af743bc5b6707747c0891f09f0c88961ee8f79bc544acac\windows-amd64\native-platform.dll
Event: 0.818 Loaded shared library C:\Users\oshad\.gradle\native\0.2.7\x86_64-windows-gnu\gradle-fileevents.dll
Event: 2.345 Loaded shared library C:\Users\oshad\.antigravity\extensions\redhat.java-1.54.0-win32-x64\jre\21.0.10-win32-x86_64\bin\management.dll
Event: 2.348 Loaded shared library C:\Users\oshad\.antigravity\extensions\redhat.java-1.54.0-win32-x64\jre\21.0.10-win32-x86_64\bin\management_ext.dll
Event: 2.522 Loaded shared library C:\Users\oshad\.antigravity\extensions\redhat.java-1.54.0-win32-x64\jre\21.0.10-win32-x86_64\bin\extnet.dll
Event: 2.783 Loaded shared library C:\Users\oshad\.antigravity\extensions\redhat.java-1.54.0-win32-x64\jre\21.0.10-win32-x86_64\bin\sunmscapi.dll

Deoptimization events (20 events):
Event: 3.148 Thread 0x000001c281a9cbf0 DEOPT PACKING pc=0x000001c2d3f15b00 sp=0x0000001ca26fbba0
Event: 3.148 Thread 0x000001c281a9cbf0 DEOPT UNPACKING pc=0x000001c2d3b44422 sp=0x0000001ca26fbb18 mode 2
Event: 3.529 Thread 0x000001c281a9d280 Uncommon trap: trap_request=0xffffff45 fr.pc=0x000001c2d410da1c relative=0x000000000000017c
Event: 3.529 Thread 0x000001c281a9d280 Uncommon trap: reason=unstable_if action=reinterpret pc=0x000001c2d410da1c method=java.util.concurrent.locks.ReentrantLock$NonfairSync.initialTryLock()Z @ 25 c2
Event: 3.529 Thread 0x000001c281a9d280 DEOPT PACKING pc=0x000001c2d410da1c sp=0x0000001ca2bff0e0
Event: 3.529 Thread 0x000001c281a9d280 DEOPT UNPACKING pc=0x000001c2d3b44422 sp=0x0000001ca2bff080 mode 2
Event: 3.550 Thread 0x000001c281a9cbf0 DEOPT PACKING pc=0x000001c2d3d5fbd9 sp=0x0000001ca26fa900
Event: 3.550 Thread 0x000001c281a9cbf0 DEOPT UNPACKING pc=0x000001c2d3b44bc2 sp=0x0000001ca26f9d98 mode 0
Event: 3.633 Thread 0x000001c281a9cbf0 Uncommon trap: trap_request=0xffffff45 fr.pc=0x000001c2d3cd9370 relative=0x0000000000000cf0
Event: 3.633 Thread 0x000001c281a9cbf0 Uncommon trap: reason=unstable_if action=reinterpret pc=0x000001c2d3cd9370 method=java.io.WinNTFileSystem.resolve(Ljava/lang/String;Ljava/lang/String;)Ljava/lang/String; @ 19 c2
Event: 3.633 Thread 0x000001c281a9cbf0 DEOPT PACKING pc=0x000001c2d3cd9370 sp=0x0000001ca26fb220
Event: 3.633 Thread 0x000001c281a9cbf0 DEOPT UNPACKING pc=0x000001c2d3b44422 sp=0x0000001ca26fb1b8 mode 2
Event: 3.635 Thread 0x000001c281a9cbf0 Uncommon trap: trap_request=0xffffff45 fr.pc=0x000001c2d3f3a810 relative=0x0000000000000630
Event: 3.636 Thread 0x000001c281a9cbf0 Uncommon trap: reason=unstable_if action=reinterpret pc=0x000001c2d3f3a810 method=java.io.File.getName()Ljava/lang/String; @ 16 c2
Event: 3.636 Thread 0x000001c281a9cbf0 DEOPT PACKING pc=0x000001c2d3f3a810 sp=0x0000001ca26fb1e0
Event: 3.636 Thread 0x000001c281a9cbf0 DEOPT UNPACKING pc=0x000001c2d3b44422 sp=0x0000001ca26fb1b0 mode 2
Event: 3.750 Thread 0x000001c281a9cbf0 Uncommon trap: trap_request=0xffffff45 fr.pc=0x000001c2d3ce5a14 relative=0x00000000000000f4
Event: 3.750 Thread 0x000001c281a9cbf0 Uncommon trap: reason=unstable_if action=reinterpret pc=0x000001c2d3ce5a14 method=java.util.HashMap.hash(Ljava/lang/Object;)I @ 1 c2
Event: 3.750 Thread 0x000001c281a9cbf0 DEOPT PACKING pc=0x000001c2d3ce5a14 sp=0x0000001ca26fc280
Event: 3.750 Thread 0x000001c281a9cbf0 DEOPT UNPACKING pc=0x000001c2d3b44422 sp=0x0000001ca26fc1c0 mode 2

Classes loaded (20 events):
Event: 3.922 Loading class java/lang/invoke/BoundMethodHandle$Species_LLLLLLLLLLLLLLL
Event: 3.922 Loading class java/lang/invoke/BoundMethodHandle$Species_LLLLLLLLLLLLLLL done
Event: 3.926 Loading class java/lang/invoke/BoundMethodHandle$Species_LLLLLLLLLLLLLLLL
Event: 3.926 Loading class java/lang/invoke/BoundMethodHandle$Species_LLLLLLLLLLLLLLLL done
Event: 3.929 Loading class java/lang/invoke/BoundMethodHandle$Species_LLLLLLLLLLLLLLLLL
Event: 3.929 Loading class java/lang/invoke/BoundMethodHandle$Species_LLLLLLLLLLLLLLLLL done
Event: 3.931 Loading class java/lang/invoke/BoundMethodHandle$Species_LLLLLLLLLLLLLLLLLL
Event: 3.931 Loading class java/lang/invoke/BoundMethodHandle$Species_LLLLLLLLLLLLLLLLLL done
Event: 3.936 Loading class java/lang/invoke/BoundMethodHandle$Species_LLLLLLLLLLLLLLLLLLL
Event: 3.936 Loading class java/lang/invoke/BoundMethodHandle$Species_LLLLLLLLLLLLLLLLLLL done
Event: 3.941 Loading class java/lang/invoke/BoundMethodHandle$Species_LLLLLLLLLLLLLLLLLLLL
Event: 3.941 Loading class java/lang/invoke/BoundMethodHandle$Species_LLLLLLLLLLLLLLLLLLLL done
Event: 3.945 Loading class java/lang/invoke/BoundMethodHandle$Species_LLLLLLLLLLLLLLLLLLLLL
Event: 3.945 Loading class java/lang/invoke/BoundMethodHandle$Species_LLLLLLLLLLLLLLLLLLLLL done
Event: 3.949 Loading class java/lang/invoke/BoundMethodHandle$Species_LLLLLLLLLLLLLLLLLLLLLL
Event: 3.949 Loading class java/lang/invoke/BoundMethodHandle$Species_LLLLLLLLLLLLLLLLLLLLLL done
Event: 3.951 Loading class java/lang/invoke/BoundMethodHandle$Species_LLLLLLLLLLLLLLLLLLLLLLL
Event: 3.951 Loading class java/lang/invoke/BoundMethodHandle$Species_LLLLLLLLLLLLLLLLLLLLLLL done
Event: 3.954 Loading class java/lang/invoke/BoundMethodHandle$Species_LLLLLLLLLLLLLLLLLLLLLLLL
Event: 3.954 Loading class java/lang/invoke/BoundMethodHandle$Species_LLLLLLLLLLLLLLLLLLLLLLLL done

Classes unloaded (0 events):
No events

Classes redefined (0 events):
No events

Internal exceptions (20 events):
Event: 3.607 Thread 0x000001c281a9cbf0 Exception <a 'java/lang/NoSuchMethodError'{0x00000000ab4083c0}: 'java.lang.Object java.lang.invoke.DirectMethodHandle$Holder.invokeVirtual(java.lang.Object, java.lang.Object, java.lang.Object, java.lang.Object, java.lang.Object, java.lang.Object, java.lang.Object, java.lang.Object)'> (0x00000000ab4083c0) 
thrown [s\src\hotspot\share\interpreter\linkResolver.cpp, line 773]
Event: 3.629 Thread 0x000001c281a9cbf0 Exception <a 'java/lang/NoSuchMethodError'{0x00000000ab4ab7f0}: 'java.lang.Object java.lang.invoke.DirectMethodHandle$Holder.invokeVirtual(java.lang.Object, java.lang.Object, java.lang.Object, java.lang.Object, java.lang.Object, java.lang.Object, java.lang.Object, java.lang.Object, java.lang.Object, java.lang.Object)'> (0x00000000ab4ab7f0) 
thrown [s\src\hotspot\share\interpreter\linkResolver.cpp, line 773]
Event: 3.676 Thread 0x000001c281a9cbf0 Exception <a 'java/lang/NoSuchMethodError'{0x00000000ab397028}: 'java.lang.Object java.lang.invoke.DirectMethodHandle$Holder.invokeInterface(java.lang.Object, java.lang.Object, java.lang.Object)'> (0x00000000ab397028) 
thrown [s\src\hotspot\share\interpreter\linkResolver.cpp, line 773]
Event: 3.707 Thread 0x000001c281a9cbf0 Exception <a 'java/lang/NoSuchMethodError'{0x00000000ab2989f0}: 'int java.lang.invoke.DirectMethodHandle$Holder.invokeSpecialIFC(java.lang.Object, java.lang.Object, java.lang.Object, java.lang.Object)'> (0x00000000ab2989f0) 
thrown [s\src\hotspot\share\interpreter\linkResolver.cpp, line 773]
Event: 3.709 Thread 0x000001c281a9cbf0 Exception <a 'java/lang/IncompatibleClassChangeError'{0x00000000ab2a5e48}: Found class java.lang.Object, but interface was expected> (0x00000000ab2a5e48) 
thrown [s\src\hotspot\share\interpreter\linkResolver.cpp, line 840]
Event: 3.750 Thread 0x000001c281a9cbf0 Implicit null exception at 0x000001c2d3ce5966 to 0x000001c2d3ce5a0a
Event: 3.788 Thread 0x000001c281a9cbf0 Exception <a 'java/lang/NoSuchMethodError'{0x00000000ab0a1c98}: 'int java.lang.invoke.DirectMethodHandle$Holder.invokeStatic(java.lang.Object, java.lang.Object, java.lang.Object, java.lang.Object)'> (0x00000000ab0a1c98) 
thrown [s\src\hotspot\share\interpreter\linkResolver.cpp, line 773]
Event: 3.912 Thread 0x000001c281a9cbf0 Exception <a 'java/lang/NoSuchMethodError'{0x00000000aad16a08}: 'java.lang.Object java.lang.invoke.DelegatingMethodHandle$Holder.reinvoke_L(java.lang.Object, java.lang.Object, java.lang.Object, java.lang.Object, java.lang.Object, java.lang.Object, java.lang.Object, java.lang.Object, java.lang.Object, java.lang.Object, java.lang.Object, java.lang.Object, java.lang.Object, java.lang.Object, java.lang.Object, java.lang.Object, java.lang.Object, java.lang.Object, java.lang.Object, java.lang.Object, java.lang.O
Event: 3.921 Thread 0x000001c281a9cbf0 Exception <a 'java/lang/NoSuchMethodError'{0x00000000aad85bf0}: 'java.lang.Object java.lang.invoke.DirectMethodHandle$Holder.invokeStatic(java.lang.Object, java.lang.Object, java.lang.Object, java.lang.Object, java.lang.Object, java.lang.Object, java.lang.Object, java.lang.Object, java.lang.Object, java.lang.Object, java.lang.Object, java.lang.Object, java.lang.Object, java.lang.Object, java.lang.Object, java.lang.Object, java.lang.Object)'> (0x00000000aad85bf0) 
thrown [s\src\hotspot\share\interpreter\lin
Event: 3.925 Thread 0x000001c281a9cbf0 Exception <a 'java/lang/NoSuchMethodError'{0x00000000aadae9b8}: 'java.lang.Object java.lang.invoke.DirectMethodHandle$Holder.invokeStatic(java.lang.Object, java.lang.Object, java.lang.Object, java.lang.Object, java.lang.Object, java.lang.Object, java.lang.Object, java.lang.Object, java.lang.Object, java.lang.Object, java.lang.Object, java.lang.Object, java.lang.Object, java.lang.Object, java.lang.Object, java.lang.Object, java.lang.Object, java.lang.Object)'> (0x00000000aadae9b8) 
thrown [s\src\hotspot\sha
Event: 3.927 Thread 0x000001c281a9cbf0 Exception <a 'java/lang/NoSuchMethodError'{0x00000000aadd8c30}: 'java.lang.Object java.lang.invoke.DirectMethodHandle$Holder.invokeStatic(java.lang.Object, java.lang.Object, java.lang.Object, java.lang.Object, java.lang.Object, java.lang.Object, java.lang.Object, java.lang.Object, java.lang.Object, java.lang.Object, java.lang.Object, java.lang.Object, java.lang.Object, java.lang.Object, java.lang.Object, java.lang.Object, java.lang.Object, java.lang.Object, java.lang.Object)'> (0x00000000aadd8c30) 
thrown 
Event: 3.930 Thread 0x000001c281a9cbf0 Exception <a 'java/lang/NoSuchMethodError'{0x00000000aac04530}: 'java.lang.Object java.lang.invoke.DirectMethodHandle$Holder.invokeStatic(java.lang.Object, java.lang.Object, java.lang.Object, java.lang.Object, java.lang.Object, java.lang.Object, java.lang.Object, java.lang.Object, java.lang.Object, java.lang.Object, java.lang.Object, java.lang.Object, java.lang.Object, java.lang.Object, java.lang.Object, java.lang.Object, java.lang.Object, java.lang.Object, java.lang.Object, java.lang.Object)'> (0x00000000
Event: 3.933 Thread 0x000001c281a9cbf0 Exception <a 'java/lang/NoSuchMethodError'{0x00000000aac30de0}: 'java.lang.Object java.lang.invoke.DirectMethodHandle$Holder.invokeStatic(java.lang.Object, java.lang.Object, java.lang.Object, java.lang.Object, java.lang.Object, java.lang.Object, java.lang.Object, java.lang.Object, java.lang.Object, java.lang.Object, java.lang.Object, java.lang.Object, java.lang.Object, java.lang.Object, java.lang.Object, java.lang.Object, java.lang.Object, java.lang.Object, java.lang.Object, java.lang.Object, java.lang.Obj
Event: 3.938 Thread 0x000001c281a9cbf0 Exception <a 'java/lang/NoSuchMethodError'{0x00000000aac5e888}: 'java.lang.Object java.lang.invoke.DirectMethodHandle$Holder.invokeStatic(java.lang.Object, java.lang.Object, java.lang.Object, java.lang.Object, java.lang.Object, java.lang.Object, java.lang.Object, java.lang.Object, java.lang.Object, java.lang.Object, java.lang.Object, java.lang.Object, java.lang.Object, java.lang.Object, java.lang.Object, java.lang.Object, java.lang.Object, java.lang.Object, java.lang.Object, java.lang.Object, java.lang.Obj
Event: 3.943 Thread 0x000001c281a9cbf0 Exception <a 'java/lang/NoSuchMethodError'{0x00000000aac8d698}: 'java.lang.Object java.lang.invoke.DirectMethodHandle$Holder.invokeStatic(java.lang.Object, java.lang.Object, java.lang.Object, java.lang.Object, java.lang.Object, java.lang.Object, java.lang.Object, java.lang.Object, java.lang.Object, java.lang.Object, java.lang.Object, java.lang.Object, java.lang.Object, java.lang.Object, java.lang.Object, java.lang.Object, java.lang.Object, java.lang.Object, java.lang.Object, java.lang.Object, java.lang.Obj
Event: 3.947 Thread 0x000001c281a9cbf0 Exception <a 'java/lang/NoSuchMethodError'{0x00000000aacbcd50}: 'java.lang.Object java.lang.invoke.DirectMethodHandle$Holder.invokeStatic(java.lang.Object, java.lang.Object, java.lang.Object, java.lang.Object, java.lang.Object, java.lang.Object, java.lang.Object, java.lang.Object, java.lang.Object, java.lang.Object, java.lang.Object, java.lang.Object, java.lang.Object, java.lang.Object, java.lang.Object, java.lang.Object, java.lang.Object, java.lang.Object, java.lang.Object, java.lang.Object, java.lang.Obj
Event: 3.950 Thread 0x000001c281a9cbf0 Exception <a 'java/lang/NoSuchMethodError'{0x00000000aaced498}: 'java.lang.Object java.lang.invoke.DirectMethodHandle$Holder.invokeStatic(java.lang.Object, java.lang.Object, java.lang.Object, java.lang.Object, java.lang.Object, java.lang.Object, java.lang.Object, java.lang.Object, java.lang.Object, java.lang.Object, java.lang.Object, java.lang.Object, java.lang.Object, java.lang.Object, java.lang.Object, java.lang.Object, java.lang.Object, java.lang.Object, java.lang.Object, java.lang.Object, java.lang.Obj
Event: 3.953 Thread 0x000001c281a9cbf0 Exception <a 'java/lang/NoSuchMethodError'{0x00000000aab1e5c0}: 'java.lang.Object java.lang.invoke.DirectMethodHandle$Holder.invokeStatic(java.lang.Object, java.lang.Object, java.lang.Object, java.lang.Object, java.lang.Object, java.lang.Object, java.lang.Object, java.lang.Object, java.lang.Object, java.lang.Object, java.lang.Object, java.lang.Object, java.lang.Object, java.lang.Object, java.lang.Object, java.lang.Object, java.lang.Object, java.lang.Object, java.lang.Object, java.lang.Object, java.lang.Obj
Event: 3.957 Thread 0x000001c281a9cbf0 Exception <a 'java/lang/NoSuchMethodError'{0x00000000aab51048}: 'java.lang.Object java.lang.invoke.DirectMethodHandle$Holder.invokeStatic(java.lang.Object, java.lang.Object, java.lang.Object, java.lang.Object, java.lang.Object, java.lang.Object, java.lang.Object, java.lang.Object, java.lang.Object, java.lang.Object, java.lang.Object, java.lang.Object, java.lang.Object, java.lang.Object, java.lang.Object, java.lang.Object, java.lang.Object, java.lang.Object, java.lang.Object, java.lang.Object, java.lang.Obj
Event: 4.019 Thread 0x000001c281a9cbf0 Exception <a 'java/lang/IncompatibleClassChangeError'{0x00000000aaa948a0}: Found class java.lang.Object, but interface was expected> (0x00000000aaa948a0) 
thrown [s\src\hotspot\share\interpreter\linkResolver.cpp, line 840]

ZGC Phase Switch (0 events):
No events

VM Operations (20 events):
Event: 2.517 Executing non-safepoint VM operation: HandshakeAllThreads (Deoptimize)
Event: 2.517 Executing non-safepoint VM operation: HandshakeAllThreads (Deoptimize) done
Event: 2.539 Executing non-safepoint VM operation: HandshakeAllThreads (Deoptimize)
Event: 2.539 Executing non-safepoint VM operation: HandshakeAllThreads (Deoptimize) done
Event: 2.583 Executing non-safepoint VM operation: HandshakeAllThreads (Deoptimize)
Event: 2.583 Executing non-safepoint VM operation: HandshakeAllThreads (Deoptimize) done
Event: 2.631 Executing non-safepoint VM operation: HandshakeAllThreads (Deoptimize)
Event: 2.631 Executing non-safepoint VM operation: HandshakeAllThreads (Deoptimize) done
Event: 2.787 Executing non-safepoint VM operation: HandshakeAllThreads (Deoptimize)
Event: 2.787 Executing non-safepoint VM operation: HandshakeAllThreads (Deoptimize) done
Event: 3.310 Executing safepoint VM operation: ICBufferFull
Event: 3.310 Executing safepoint VM operation: ICBufferFull done
Event: 3.508 Executing non-safepoint VM operation: HandshakeAllThreads (Deoptimize)
Event: 3.508 Executing non-safepoint VM operation: HandshakeAllThreads (Deoptimize) done
Event: 3.970 Executing non-safepoint VM operation: HandshakeAllThreads (Deoptimize)
Event: 3.970 Executing non-safepoint VM operation: HandshakeAllThreads (Deoptimize) done
Event: 3.971 Executing non-safepoint VM operation: HandshakeAllThreads (Deoptimize)
Event: 3.971 Executing non-safepoint VM operation: HandshakeAllThreads (Deoptimize) done
Event: 4.986 Executing safepoint VM operation: Cleanup
Event: 4.986 Executing safepoint VM operation: Cleanup done

Memory protections (0 events):
No events

Nmethod flushes (0 events):
No events

Events (20 events):
Event: 0.041 Thread 0x000001c2d08eeeb0 Thread added: 0x000001c2e0613b40
Event: 0.096 Thread 0x000001c2d08eeeb0 Thread added: 0x000001c2e07b9030
Event: 0.126 Thread 0x000001c2d08eeeb0 Thread added: 0x000001c2e0829d40
Event: 0.437 Thread 0x000001c2e0613b40 Thread added: 0x000001c2e0610b90
Event: 0.441 Thread 0x000001c2e0613b40 Thread added: 0x000001c2e06104c0
Event: 1.711 Thread 0x000001c2e06104c0 Thread exited: 0x000001c2e06104c0
Event: 2.386 Thread 0x000001c2d08eeeb0 Thread added: 0x000001c281645a60
Event: 2.650 Thread 0x000001c2d08eeeb0 Thread added: 0x000001c2819055e0
Event: 2.747 Thread 0x000001c2d08eeeb0 Thread added: 0x000001c2817ce900
Event: 2.824 Thread 0x000001c2819055e0 Thread added: 0x000001c2819969f0
Event: 2.828 Thread 0x000001c2819969f0 Thread added: 0x000001c281997060
Event: 2.886 Thread 0x000001c2819969f0 Thread added: 0x000001c281a9d910
Event: 2.898 Thread 0x000001c2819969f0 Thread added: 0x000001c281a9cbf0
Event: 2.913 Thread 0x000001c281a9cbf0 Thread added: 0x000001c281a9e630
Event: 2.918 Thread 0x000001c281a9cbf0 Thread added: 0x000001c281a9c560
Event: 2.921 Thread 0x000001c281a9cbf0 Thread added: 0x000001c281a9bed0
Event: 3.509 Thread 0x000001c281a9cbf0 Thread added: 0x000001c281a9b840
Event: 3.529 Thread 0x000001c281a9cbf0 Thread added: 0x000001c281a9d280
Event: 3.569 Thread 0x000001c281a9cbf0 Thread added: 0x000001c281a9dfa0
Event: 3.921 Thread 0x000001c2e0613b40 Thread added: 0x000001c2e0611260


Dynamic libraries:
0x00007ff7381d0000 - 0x00007ff7381de000 	C:\Users\oshad\.antigravity\extensions\redhat.java-1.54.0-win32-x64\jre\21.0.10-win32-x86_64\bin\java.exe
0x00007ffb1e5c0000 - 0x00007ffb1e827000 	C:\WINDOWS\SYSTEM32\ntdll.dll
0x00007ffb1d550000 - 0x00007ffb1d619000 	C:\WINDOWS\System32\KERNEL32.DLL
0x00007ffb1b4d0000 - 0x00007ffb1b8c4000 	C:\WINDOWS\System32\KERNELBASE.dll
0x00007ffb1b990000 - 0x00007ffb1badb000 	C:\WINDOWS\System32\ucrtbase.dll
0x00007ffae8c10000 - 0x00007ffae8c2e000 	C:\Users\oshad\.antigravity\extensions\redhat.java-1.54.0-win32-x64\jre\21.0.10-win32-x86_64\bin\VCRUNTIME140.dll
0x00007ffae7770000 - 0x00007ffae7788000 	C:\Users\oshad\.antigravity\extensions\redhat.java-1.54.0-win32-x64\jre\21.0.10-win32-x86_64\bin\jli.dll
0x00007ffb1dd50000 - 0x00007ffb1df15000 	C:\WINDOWS\System32\USER32.dll
0x00007ffb06060000 - 0x00007ffb062f3000 	C:\WINDOWS\WinSxS\amd64_microsoft.windows.common-controls_6595b64144ccf1df_6.0.26100.8115_none_3e075c82e3354f9c\COMCTL32.dll
0x00007ffb1c550000 - 0x00007ffb1c5f9000 	C:\WINDOWS\System32\msvcrt.dll
0x00007ffb1ae90000 - 0x00007ffb1aeb7000 	C:\WINDOWS\System32\win32u.dll
0x00007ffb1d880000 - 0x00007ffb1d8ab000 	C:\WINDOWS\System32\GDI32.dll
0x00007ffb1b030000 - 0x00007ffb1b15b000 	C:\WINDOWS\System32\gdi32full.dll
0x00007ffb1b160000 - 0x00007ffb1b203000 	C:\WINDOWS\System32\msvcp_win.dll
0x00007ffb1d690000 - 0x00007ffb1d6c2000 	C:\WINDOWS\System32\IMM32.DLL
0x00007ffb06a60000 - 0x00007ffb06a6c000 	C:\Users\oshad\.antigravity\extensions\redhat.java-1.54.0-win32-x64\jre\21.0.10-win32-x86_64\bin\vcruntime140_1.dll
0x00007ffac6a40000 - 0x00007ffac6acd000 	C:\Users\oshad\.antigravity\extensions\redhat.java-1.54.0-win32-x64\jre\21.0.10-win32-x86_64\bin\msvcp140.dll
0x00007ffa801f0000 - 0x00007ffa80f91000 	C:\Users\oshad\.antigravity\extensions\redhat.java-1.54.0-win32-x64\jre\21.0.10-win32-x86_64\bin\server\jvm.dll
0x00007ffb1c490000 - 0x00007ffb1c546000 	C:\WINDOWS\System32\ADVAPI32.dll
0x00007ffb1e4d0000 - 0x00007ffb1e577000 	C:\WINDOWS\System32\sechost.dll
0x00007ffb1c8b0000 - 0x00007ffb1c9c8000 	C:\WINDOWS\System32\RPCRT4.dll
0x00007ffb1c350000 - 0x00007ffb1c3d0000 	C:\WINDOWS\System32\WS2_32.dll
0x00007ffb1acf0000 - 0x00007ffb1ad4e000 	C:\WINDOWS\SYSTEM32\POWRPROF.dll
0x00007ffb130a0000 - 0x00007ffb130d6000 	C:\WINDOWS\SYSTEM32\WINMM.dll
0x00007ffb130e0000 - 0x00007ffb130eb000 	C:\WINDOWS\SYSTEM32\VERSION.dll
0x00007ffb1acd0000 - 0x00007ffb1ace4000 	C:\WINDOWS\SYSTEM32\UMPDC.dll
0x00007ffb19c20000 - 0x00007ffb19c3b000 	C:\WINDOWS\SYSTEM32\kernel.appcore.dll
0x00007ffaeeb90000 - 0x00007ffaeeb9a000 	C:\Users\oshad\.antigravity\extensions\redhat.java-1.54.0-win32-x64\jre\21.0.10-win32-x86_64\bin\jimage.dll
0x00007ffb10290000 - 0x00007ffb104d2000 	C:\WINDOWS\SYSTEM32\DBGHELP.DLL
0x00007ffb1c9d0000 - 0x00007ffb1cd52000 	C:\WINDOWS\System32\combase.dll
0x00007ffb1d7a0000 - 0x00007ffb1d878000 	C:\WINDOWS\System32\OLEAUT32.dll
0x00007ffb16850000 - 0x00007ffb1688b000 	C:\WINDOWS\SYSTEM32\dbgcore.DLL
0x00007ffb1b420000 - 0x00007ffb1b4c5000 	C:\WINDOWS\System32\bcryptPrimitives.dll
0x00007ffaee980000 - 0x00007ffaee98f000 	C:\Users\oshad\.antigravity\extensions\redhat.java-1.54.0-win32-x64\jre\21.0.10-win32-x86_64\bin\instrument.dll
0x00007ffae7670000 - 0x00007ffae7690000 	C:\Users\oshad\.antigravity\extensions\redhat.java-1.54.0-win32-x64\jre\21.0.10-win32-x86_64\bin\java.dll
0x00007ffb1cde0000 - 0x00007ffb1d547000 	C:\WINDOWS\System32\SHELL32.dll
0x00007ffb1aec0000 - 0x00007ffb1b02a000 	C:\WINDOWS\System32\wintypes.dll
0x00007ffb1bae0000 - 0x00007ffb1c348000 	C:\WINDOWS\System32\windows.storage.dll
0x00007ffb1c620000 - 0x00007ffb1c718000 	C:\WINDOWS\System32\SHCORE.dll
0x00007ffb1d620000 - 0x00007ffb1d686000 	C:\WINDOWS\System32\shlwapi.dll
0x00007ffb1adb0000 - 0x00007ffb1add9000 	C:\WINDOWS\SYSTEM32\profapi.dll
0x00007ffae6e30000 - 0x00007ffae6e48000 	C:\Users\oshad\.antigravity\extensions\redhat.java-1.54.0-win32-x64\jre\21.0.10-win32-x86_64\bin\zip.dll
0x00007ffaece70000 - 0x00007ffaece80000 	C:\Users\oshad\.antigravity\extensions\redhat.java-1.54.0-win32-x64\jre\21.0.10-win32-x86_64\bin\net.dll
0x00007ffb13880000 - 0x00007ffb139ad000 	C:\WINDOWS\SYSTEM32\WINHTTP.dll
0x00007ffb1a190000 - 0x00007ffb1a1fc000 	C:\WINDOWS\system32\mswsock.dll
0x00007ffae67e0000 - 0x00007ffae67f6000 	C:\Users\oshad\.antigravity\extensions\redhat.java-1.54.0-win32-x64\jre\21.0.10-win32-x86_64\bin\nio.dll
0x00007ffaeb010000 - 0x00007ffaeb020000 	C:\Users\oshad\.antigravity\extensions\redhat.java-1.54.0-win32-x64\jre\21.0.10-win32-x86_64\bin\verify.dll
0x00007ffab9310000 - 0x00007ffab9337000 	C:\Users\oshad\.gradle\native\1def1411415f61bf3af743bc5b6707747c0891f09f0c88961ee8f79bc544acac\windows-amd64\native-platform.dll
0x00007ffae7da0000 - 0x00007ffae7e18000 	C:\Users\oshad\.gradle\native\0.2.7\x86_64-windows-gnu\gradle-fileevents.dll
0x00007ffb0e2f0000 - 0x00007ffb0e2fa000 	C:\Users\oshad\.antigravity\extensions\redhat.java-1.54.0-win32-x64\jre\21.0.10-win32-x86_64\bin\management.dll
0x00007ffb0a3c0000 - 0x00007ffb0a3cc000 	C:\Users\oshad\.antigravity\extensions\redhat.java-1.54.0-win32-x64\jre\21.0.10-win32-x86_64\bin\management_ext.dll
0x00007ffb1dd40000 - 0x00007ffb1dd48000 	C:\WINDOWS\System32\PSAPI.DLL
0x00007ffb19620000 - 0x00007ffb19652000 	C:\WINDOWS\SYSTEM32\IPHLPAPI.DLL
0x00007ffb1e310000 - 0x00007ffb1e31a000 	C:\WINDOWS\System32\NSI.dll
0x00007ffae8a50000 - 0x00007ffae8a59000 	C:\Users\oshad\.antigravity\extensions\redhat.java-1.54.0-win32-x64\jre\21.0.10-win32-x86_64\bin\extnet.dll
0x00007ffb1a480000 - 0x00007ffb1a49b000 	C:\WINDOWS\SYSTEM32\CRYPTSP.dll
0x00007ffb19b80000 - 0x00007ffb19bb9000 	C:\WINDOWS\system32\rsaenh.dll
0x00007ffb1a240000 - 0x00007ffb1a273000 	C:\WINDOWS\SYSTEM32\USERENV.dll
0x00007ffb1ad80000 - 0x00007ffb1adaa000 	C:\WINDOWS\SYSTEM32\bcrypt.dll
0x00007ffb1a470000 - 0x00007ffb1a47c000 	C:\WINDOWS\SYSTEM32\CRYPTBASE.dll
0x00007ffaec320000 - 0x00007ffaec32e000 	C:\Users\oshad\.antigravity\extensions\redhat.java-1.54.0-win32-x64\jre\21.0.10-win32-x86_64\bin\sunmscapi.dll
0x00007ffb1b210000 - 0x00007ffb1b387000 	C:\WINDOWS\System32\CRYPT32.dll
0x00007ffb1a690000 - 0x00007ffb1a6c0000 	C:\WINDOWS\SYSTEM32\ncrypt.dll
0x00007ffb1a640000 - 0x00007ffb1a67f000 	C:\WINDOWS\SYSTEM32\NTASN1.dll
0x00007ffb0d450000 - 0x00007ffb0d458000 	C:\WINDOWS\system32\wshunix.dll

JVMTI agents:
C:\Users\oshad\.gradle\wrapper\dists\gradle-8.13-bin\5xuhj0ry160q40clulazy9h7d\gradle-8.13\lib\agents\gradle-instrumentation-agent-8.13.jar path:C:\Users\oshad\.antigravity\extensions\redhat.java-1.54.0-win32-x64\jre\21.0.10-win32-x86_64\bin\instrument.dll, loaded, initialized, instrumentlib options:none

dbghelp: loaded successfully - version: 4.0.5 - missing functions: none
symbol engine: initialized successfully - sym options: 0x614 - pdb path: .;C:\Users\oshad\.antigravity\extensions\redhat.java-1.54.0-win32-x64\jre\21.0.10-win32-x86_64\bin;C:\WINDOWS\SYSTEM32;C:\WINDOWS\WinSxS\amd64_microsoft.windows.common-controls_6595b64144ccf1df_6.0.26100.8115_none_3e075c82e3354f9c;C:\Users\oshad\.antigravity\extensions\redhat.java-1.54.0-win32-x64\jre\21.0.10-win32-x86_64\bin\server;C:\Users\oshad\.gradle\native\1def1411415f61bf3af743bc5b6707747c0891f09f0c88961ee8f79bc544acac\windows-amd64;C:\Users\oshad\.gradle\native\0.2.7\x86_64-windows-gnu

VM Arguments:
jvm_args: --add-opens=java.base/java.lang=ALL-UNNAMED --add-opens=java.base/java.lang.invoke=ALL-UNNAMED --add-opens=java.base/java.util=ALL-UNNAMED --add-opens=java.prefs/java.util.prefs=ALL-UNNAMED --add-exports=jdk.compiler/com.sun.tools.javac.api=ALL-UNNAMED --add-exports=jdk.compiler/com.sun.tools.javac.util=ALL-UNNAMED --add-opens=java.base/java.util=ALL-UNNAMED --add-opens=java.prefs/java.util.prefs=ALL-UNNAMED --add-opens=java.base/java.nio.charset=ALL-UNNAMED --add-opens=java.base/java.net=ALL-UNNAMED --add-opens=java.base/java.util.concurrent.atomic=ALL-UNNAMED --add-opens=java.xml/javax.xml.namespace=ALL-UNNAMED -XX:MaxMetaspaceSize=512m -XX:ReservedCodeCacheSize=128m -XX:+HeapDumpOnOutOfMemoryError -Xmx1536m -Dfile.encoding=UTF-8 -Duser.country=US -Duser.language=en -Duser.variant -javaagent:C:\Users\oshad\.gradle\wrapper\dists\gradle-8.13-bin\5xuhj0ry160q40clulazy9h7d\gradle-8.13\lib\agents\gradle-instrumentation-agent-8.13.jar 
java_command: org.gradle.launcher.daemon.bootstrap.GradleDaemon 8.13
java_class_path (initial): C:\Users\oshad\.gradle\wrapper\dists\gradle-8.13-bin\5xuhj0ry160q40clulazy9h7d\gradle-8.13\lib\gradle-daemon-main-8.13.jar
Launcher Type: SUN_STANDARD

[Global flags]
     intx CICompilerCount                          = 4                                         {product} {ergonomic}
   size_t CompressedClassSpaceSize                 = 436207616                                 {product} {ergonomic}
     uint ConcGCThreads                            = 2                                         {product} {ergonomic}
     uint G1ConcRefinementThreads                  = 8                                         {product} {ergonomic}
   size_t G1HeapRegionSize                         = 1048576                                   {product} {ergonomic}
    uintx GCDrainStackTargetSize                   = 64                                        {product} {ergonomic}
     bool HeapDumpOnOutOfMemoryError               = true                                   {manageable} {command line}
   size_t InitialHeapSize                          = 234881024                                 {product} {ergonomic}
   size_t MarkStackSize                            = 4194304                                   {product} {ergonomic}
   size_t MaxHeapSize                              = 1610612736                                {product} {command line}
   size_t MaxMetaspaceSize                         = 536870912                                 {product} {command line}
   size_t MaxNewSize                               = 965738496                                 {product} {ergonomic}
   size_t MinHeapDeltaBytes                        = 1048576                                   {product} {ergonomic}
   size_t MinHeapSize                              = 8388608                                   {product} {ergonomic}
    uintx NonNMethodCodeHeapSize                   = 4096                                   {pd product} {ergonomic}
    uintx NonProfiledCodeHeapSize                  = 0                                      {pd product} {ergonomic}
    uintx ProfiledCodeHeapSize                     = 0                                      {pd product} {ergonomic}
    uintx ReservedCodeCacheSize                    = 134217728                              {pd product} {command line}
   size_t SoftMaxHeapSize                          = 1610612736                             {manageable} {ergonomic}
     bool UseCompressedOops                        = true                           {product lp64_product} {ergonomic}
     bool UseG1GC                                  = true                                      {product} {ergonomic}
     bool UseLargePagesIndividualAllocation        = false                                  {pd product} {ergonomic}

Logging:
Log output configuration:
 #0: stdout all=warning uptime,level,tags foldmultilines=false
 #1: stderr all=off uptime,level,tags foldmultilines=false

Release file:
JAVA_VERSION="21.0.10" 
MODULES="java.base java.compiler java.datatransfer java.xml java.prefs java.desktop java.instrument java.logging java.management java.security.sasl java.naming java.rmi java.management.rmi java.net.http java.scripting java.security.jgss java.transaction.xa java.sql java.sql.rowset java.xml.crypto java.se java.smartcardio jdk.accessibility jdk.internal.jvmstat jdk.attach jdk.charsets jdk.internal.opt jdk.zipfs jdk.compiler jdk.crypto.ec jdk.crypto.cryptoki jdk.crypto.mscapi jdk.dynalink jdk.internal.ed jdk.editpad jdk.hotspot.agent jdk.httpserver jdk.internal.le jdk.internal.vm.ci jdk.internal.vm.compiler jdk.internal.vm.compiler.management jdk.jartool jdk.javadoc jdk.jcmd jdk.management jdk.management.agent jdk.jconsole jdk.jdeps jdk.jdwp.agent jdk.jdi jdk.jfr jdk.jshell jdk.jsobject jdk.jstatd jdk.localedata jdk.management.jfr jdk.naming.dns jdk.naming.rmi jdk.net jdk.nio.mapmode jdk.random jdk.sctp jdk.security.auth jdk.security.jgss jdk.unsupported jdk.unsupported.desktop jdk.xml.dom" 

Environment Variables:
JAVA_HOME=C:\Program Files\Eclipse Adoptium\jdk-25.0.2.10-hotspot\
PATH=C:\Program Files\Eclipse Adoptium\jdk-25.0.2.10-hotspot\bin;C:\WINDOWS\system32;C:\WINDOWS;C:\WINDOWS\System32\Wbem;C:\WINDOWS\System32\WindowsPowerShell\v1.0\;C:\WINDOWS\System32\OpenSSH\;C:\Program Files\Git\cmd;C:\Program Files\nodejs\;c:\Users\oshad\AppData\Local\Programs\cursor\resources\app\bin;C:\ProgramData\chocolatey\bin;C:\Program Files\dotnet\;C:\Users\oshad\Downloads\flutter_windows_3.38.5-stable\flutter\bin;C:\Users\oshad\AppData\Local\Android\Sdk\platform-tools;;C:\Program Files\Git LFS;C:\Users\oshad\AppData\Local\Programs\Python\Python311\Scripts\;C:\Users\oshad\AppData\Local\Programs\Python\Python311\;C:\Users\oshad\AppData\Local\Programs\Python\Python313\Scripts\;C:\Users\oshad\AppData\Local\Programs\Python\Python313\;C:\Users\oshad\AppData\Local\Programs\Python\Launcher\;C:\Users\oshad\AppData\Local\Microsoft\WindowsApps;C:\Users\oshad\AppData\Local\GitHubDesktop\bin;C:\Users\oshad\AppData\Roaming\npm;C:\Users\oshad\.dotnet\tools;C:\Users\oshad\AppData\Local\Programs\Antigravity\bin;C:\Users\oshad\develop\flutter\bin;C:\Users\oshad\AppData\Local\Programs\Microsoft VS Code\bin;C:\Users\oshad\AppData\Local\Programs\cursor\resources\app\bin
USERNAME=oshad
OS=Windows_NT
PROCESSOR_IDENTIFIER=AMD64 Family 23 Model 24 Stepping 1, AuthenticAMD
TMP=C:\Users\oshad\AppData\Local\Temp
TEMP=C:\Users\oshad\AppData\Local\Temp




Periodic native trim disabled

---------------  S Y S T E M  ---------------

OS:
 Windows 11 , 64 bit Build 26100 (10.0.26100.8246)
OS uptime: 14 days 3:40 hours

CPU: total 8 (initial active 8) (8 cores per cpu, 2 threads per core) family 23 model 24 stepping 1 microcode 0x810810e, cx8, cmov, fxsr, ht, mmx, 3dnowpref, sse, sse2, sse3, ssse3, sse4a, sse4.1, sse4.2, popcnt, lzcnt, tsc, tscinvbit, avx, avx2, aes, clmul, bmi1, bmi2, adx, sha, fma, vzeroupper, clflush, clflushopt, rdtscp, f16c
Processor Information for the first 8 processors :
  Max Mhz: 2300, Current Mhz: 2300, Mhz Limit: 2300

Memory: 4k page, system-wide physical 14222M (1112M free)
TotalPageFile size 27034M (AvailPageFile size 6M)
current process WorkingSet (physical memory assigned to process): 211M, peak: 211M
current process commit charge ("private bytes"): 402M, peak: 403M

vm_info: OpenJDK 64-Bit Server VM (21.0.10+7-LTS) for windows-amd64 JRE (21.0.10+7-LTS), built on 2026-01-20T00:00:00Z by "admin" with MS VC++ 17.12 (VS2022)

END.
