#
# There is insufficient memory for the Java Runtime Environment to continue.
# Native memory allocation (malloc) failed to allocate 1053728 bytes. Error detail: Chunk::new
# Possible reasons:
#   The system is out of physical RAM or swap space
#   This process is running with CompressedOops enabled, and the Java Heap may be blocking the growth of the native heap
# Possible solutions:
#   Reduce memory load on the system
#   Increase physical memory or swap space
#   Check if swap backing store is full
#   Decrease Java heap size (-Xmx/-Xms)
#   Decrease number of Java threads
#   Decrease Java thread stack sizes (-Xss)
#   Set larger code cache with -XX:ReservedCodeCacheSize=
#   JVM is running with Unscaled Compressed Oops mode in which the Java heap is
#     placed in the first 4GB address space. The Java Heap base address is the
#     maximum limit for the native heap growth. Please use -XX:HeapBaseMinAddress
#     to set the Java Heap base and to place the Java Heap above 4GB virtual address.
# This output file may be truncated or incomplete.
#
#  Out of Memory Error (arena.cpp:168), pid=20096, tid=20840
#
# JRE version: OpenJDK Runtime Environment Temurin-21.0.10+7 (21.0.10+7) (build 21.0.10+7-LTS)
# Java VM: OpenJDK 64-Bit Server VM Temurin-21.0.10+7 (21.0.10+7-LTS, mixed mode, sharing, tiered, compressed oops, compressed class ptrs, g1 gc, windows-amd64)
# No core dump will be written. Minidumps are not enabled by default on client versions of Windows
#

---------------  S U M M A R Y ------------

Command Line: --add-opens=java.base/java.lang=ALL-UNNAMED --add-opens=java.base/java.lang.invoke=ALL-UNNAMED --add-opens=java.base/java.util=ALL-UNNAMED --add-opens=java.prefs/java.util.prefs=ALL-UNNAMED --add-exports=jdk.compiler/com.sun.tools.javac.api=ALL-UNNAMED --add-exports=jdk.compiler/com.sun.tools.javac.util=ALL-UNNAMED --add-opens=java.base/java.util=ALL-UNNAMED --add-opens=java.prefs/java.util.prefs=ALL-UNNAMED --add-opens=java.base/java.nio.charset=ALL-UNNAMED --add-opens=java.base/java.net=ALL-UNNAMED --add-opens=java.base/java.util.concurrent.atomic=ALL-UNNAMED --add-opens=java.xml/javax.xml.namespace=ALL-UNNAMED -XX:MaxMetaspaceSize=512m -XX:ReservedCodeCacheSize=128m -XX:+HeapDumpOnOutOfMemoryError -Xmx1536m -Dfile.encoding=UTF-8 -Duser.country=US -Duser.language=en -Duser.variant -javaagent:C:\Users\oshad\.gradle\wrapper\dists\gradle-8.13-bin\5xuhj0ry160q40clulazy9h7d\gradle-8.13\lib\agents\gradle-instrumentation-agent-8.13.jar org.gradle.launcher.daemon.bootstrap.GradleDaemon 8.13

Host: AMD Ryzen 7 3700U with Radeon Vega Mobile Gfx  , 8 cores, 13G,  Windows 11 , 64 bit Build 26100 (10.0.26100.8246)
Time: Sat May  2 19:20:43 2026 Sri Lanka Standard Time elapsed time: 74.957560 seconds (0d 0h 1m 14s)

---------------  T H R E A D  ---------------

Current thread (0x000002276d8aa2b0):  JavaThread "C2 CompilerThread0" daemon [_thread_in_native, id=20840, stack(0x000000ac5ed00000,0x000000ac5ee00000) (1024K)]


Current CompileTask:
C2:74957 15750       4       java.util.zip.ZipFile$Source::initCEN (612 bytes)

Stack: [0x000000ac5ed00000,0x000000ac5ee00000]
Native frames: (J=compiled Java code, j=interpreted, Vv=VM code, C=native code)
V  [jvm.dll+0x6d7a39]
V  [jvm.dll+0x8b4b26]
V  [jvm.dll+0x8b70de]
V  [jvm.dll+0x8b77c3]
V  [jvm.dll+0x284346]
V  [jvm.dll+0xc66ed]
V  [jvm.dll+0xc6c31]
V  [jvm.dll+0x3bec3b]
V  [jvm.dll+0x38b162]
V  [jvm.dll+0x38a5aa]
V  [jvm.dll+0x24c560]
V  [jvm.dll+0x24bb40]
V  [jvm.dll+0x1cb34e]
V  [jvm.dll+0x25b85d]
V  [jvm.dll+0x259dea]
V  [jvm.dll+0x3f857e]
V  [jvm.dll+0x85f59d]
V  [jvm.dll+0x6d626d]
C  [ucrtbase.dll+0x37b0]
C  [KERNEL32.DLL+0x2e8d7]
C  [ntdll.dll+0x8c3fc]


---------------  P R O C E S S  ---------------

Threads class SMR info:
_java_thread_list=0x0000022776222910, length=56, elements={
0x000002275b8b7620, 0x000002276d8a0e90, 0x000002276d8a2460, 0x000002276d8a5be0,
0x000002276d8a69d0, 0x000002276d8a76b0, 0x000002276d8a8110, 0x000002276d8aa2b0,
0x000002276d8cbf90, 0x000002276dab8930, 0x000002276daf0df0, 0x000002276db50e50,
0x000002277366df40, 0x00000227720e5000, 0x0000022772a0d1f0, 0x0000022772a556c0,
0x0000022772bd1990, 0x0000022773803f50, 0x0000022773806020, 0x0000022773805990,
0x00000227738045e0, 0x0000022773804c70, 0x0000022773805300, 0x00000227738066b0,
0x00000227738038c0, 0x0000022774fc82e0, 0x0000022774fc75c0, 0x0000022774fc68a0,
0x0000022774fc9000, 0x0000022774fc7c50, 0x0000022774fc9d20, 0x0000022774fc9690,
0x0000022774fc6f30, 0x0000022774fca3b0, 0x0000022774fcaa40, 0x0000022774fcb0d0,
0x0000022774fcbdf0, 0x0000022774fc8970, 0x0000022774fcd830, 0x0000022774fcdec0,
0x0000022774f09950, 0x0000022774f085a0, 0x0000022774f09fe0, 0x0000022774f0b390,
0x0000022774f0ad00, 0x0000022774f0daf0, 0x0000022773f80a20, 0x0000022773f810b0,
0x0000022773f81740, 0x0000022773f85f70, 0x0000022774f0d460, 0x0000022774f0f530,
0x000002277845cec0, 0x000002277845adf0, 0x000002277845d550, 0x0000022774434ae0
}

Java Threads: ( => current thread )
  0x000002275b8b7620 JavaThread "main"                              [_thread_blocked, id=5956, stack(0x000000ac5df00000,0x000000ac5e000000) (1024K)]
  0x000002276d8a0e90 JavaThread "Reference Handler"          daemon [_thread_blocked, id=19588, stack(0x000000ac5e700000,0x000000ac5e800000) (1024K)]
  0x000002276d8a2460 JavaThread "Finalizer"                  daemon [_thread_blocked, id=26016, stack(0x000000ac5e800000,0x000000ac5e900000) (1024K)]
  0x000002276d8a5be0 JavaThread "Signal Dispatcher"          daemon [_thread_blocked, id=15752, stack(0x000000ac5e900000,0x000000ac5ea00000) (1024K)]
  0x000002276d8a69d0 JavaThread "Attach Listener"            daemon [_thread_blocked, id=13172, stack(0x000000ac5ea00000,0x000000ac5eb00000) (1024K)]
  0x000002276d8a76b0 JavaThread "Service Thread"             daemon [_thread_blocked, id=320, stack(0x000000ac5eb00000,0x000000ac5ec00000) (1024K)]
  0x000002276d8a8110 JavaThread "Monitor Deflation Thread"   daemon [_thread_blocked, id=2072, stack(0x000000ac5ec00000,0x000000ac5ed00000) (1024K)]
=>0x000002276d8aa2b0 JavaThread "C2 CompilerThread0"         daemon [_thread_in_native, id=20840, stack(0x000000ac5ed00000,0x000000ac5ee00000) (1024K)]
  0x000002276d8cbf90 JavaThread "C1 CompilerThread0"         daemon [_thread_blocked, id=26112, stack(0x000000ac5ee00000,0x000000ac5ef00000) (1024K)]
  0x000002276dab8930 JavaThread "Common-Cleaner"             daemon [_thread_blocked, id=16032, stack(0x000000ac5ef00000,0x000000ac5f000000) (1024K)]
  0x000002276daf0df0 JavaThread "Notification Thread"        daemon [_thread_blocked, id=10548, stack(0x000000ac5f000000,0x000000ac5f100000) (1024K)]
  0x000002276db50e50 JavaThread "Daemon health stats"               [_thread_blocked, id=17844, stack(0x000000ac5f800000,0x000000ac5f900000) (1024K)]
  0x000002277366df40 JavaThread "Incoming local TCP Connector on port 59427"        [_thread_in_native, id=11100, stack(0x000000ac5f900000,0x000000ac5fa00000) (1024K)]
  0x00000227720e5000 JavaThread "Daemon periodic checks"            [_thread_blocked, id=17040, stack(0x000000ac5fa00000,0x000000ac5fb00000) (1024K)]
  0x0000022772a0d1f0 JavaThread "Daemon"                            [_thread_blocked, id=26848, stack(0x000000ac5fb00000,0x000000ac5fc00000) (1024K)]
  0x0000022772a556c0 JavaThread "Handler for socket connection from /127.0.0.1:59427 to /127.0.0.1:59428"        [_thread_in_native, id=6432, stack(0x000000ac5fc00000,0x000000ac5fd00000) (1024K)]
  0x0000022772bd1990 JavaThread "Cancel handler"                    [_thread_blocked, id=15656, stack(0x000000ac5fd00000,0x000000ac5fe00000) (1024K)]
  0x0000022773803f50 JavaThread "Daemon worker"                     [_thread_in_vm, id=14544, stack(0x000000ac5fe00000,0x000000ac5ff00000) (1024K)]
  0x0000022773806020 JavaThread "Asynchronous log dispatcher for DefaultDaemonConnection: socket connection from /127.0.0.1:59427 to /127.0.0.1:59428"        [_thread_blocked, id=27560, stack(0x000000ac5ff00000,0x000000ac60000000) (1024K)]
  0x0000022773805990 JavaThread "Stdin handler"                     [_thread_blocked, id=6972, stack(0x000000ac60000000,0x000000ac60100000) (1024K)]
  0x00000227738045e0 JavaThread "Daemon client event forwarder"        [_thread_blocked, id=13968, stack(0x000000ac60100000,0x000000ac60200000) (1024K)]
  0x0000022773804c70 JavaThread "Cache worker for journal cache (C:\Users\oshad\.gradle\caches\journal-1)"        [_thread_blocked, id=8540, stack(0x000000ac60200000,0x000000ac60300000) (1024K)]
  0x0000022773805300 JavaThread "File lock request listener"        [_thread_in_native, id=21204, stack(0x000000ac60300000,0x000000ac60400000) (1024K)]
  0x00000227738066b0 JavaThread "Cache worker for file hash cache (C:\Users\oshad\.gradle\caches\8.13\fileHashes)"        [_thread_blocked, id=16060, stack(0x000000ac60400000,0x000000ac60500000) (1024K)]
  0x00000227738038c0 JavaThread "Cache worker for file hash cache (D:\Research\NextStop-Reaserach-frontend\frontend\android\.gradle\8.13\fileHashes)"        [_thread_blocked, id=18520, stack(0x000000ac60700000,0x000000ac60800000) (1024K)]
  0x0000022774fc82e0 JavaThread "Cache worker for Build Output Cleanup Cache (D:\Research\NextStop-Reaserach-frontend\frontend\android\.gradle\buildOutputCleanup)"        [_thread_blocked, id=26764, stack(0x000000ac60800000,0x000000ac60900000) (1024K)]
  0x0000022774fc75c0 JavaThread "File watcher server"        daemon [_thread_in_native, id=26796, stack(0x000000ac60500000,0x000000ac60600000) (1024K)]
  0x0000022774fc68a0 JavaThread "File watcher consumer"      daemon [_thread_blocked, id=17584, stack(0x000000ac60900000,0x000000ac60a00000) (1024K)]
  0x0000022774fc9000 JavaThread "jar transforms"                    [_thread_blocked, id=8276, stack(0x000000ac60b00000,0x000000ac60c00000) (1024K)]
  0x0000022774fc7c50 JavaThread "jar transforms Thread 2"           [_thread_blocked, id=22412, stack(0x000000ac60c00000,0x000000ac60d00000) (1024K)]
  0x0000022774fc9d20 JavaThread "jar transforms Thread 3"           [_thread_blocked, id=27052, stack(0x000000ac60d00000,0x000000ac60e00000) (1024K)]
  0x0000022774fc9690 JavaThread "jar transforms Thread 4"           [_thread_blocked, id=5132, stack(0x000000ac60e00000,0x000000ac60f00000) (1024K)]
  0x0000022774fc6f30 JavaThread "jar transforms Thread 5"           [_thread_blocked, id=13564, stack(0x000000ac60f00000,0x000000ac61000000) (1024K)]
  0x0000022774fca3b0 JavaThread "Cache worker for checksums cache (D:\Research\NextStop-Reaserach-frontend\frontend\android\.gradle\8.13\checksums)"        [_thread_blocked, id=13364, stack(0x000000ac61100000,0x000000ac61200000) (1024K)]
  0x0000022774fcaa40 JavaThread "Cache worker for file content cache (C:\Users\oshad\.gradle\caches\8.13\fileContent)"        [_thread_blocked, id=23920, stack(0x000000ac61200000,0x000000ac61300000) (1024K)]
  0x0000022774fcb0d0 JavaThread "jar transforms Thread 6"           [_thread_blocked, id=7576, stack(0x000000ac61300000,0x000000ac61400000) (1024K)]
  0x0000022774fcbdf0 JavaThread "jar transforms Thread 7"           [_thread_blocked, id=9744, stack(0x000000ac61400000,0x000000ac61500000) (1024K)]
  0x0000022774fc8970 JavaThread "jar transforms Thread 8"           [_thread_blocked, id=5052, stack(0x000000ac60a00000,0x000000ac60b00000) (1024K)]
  0x0000022774fcd830 JavaThread "Cache worker for cache directory md-supplier (C:\Users\oshad\.gradle\caches\8.13\md-supplier)"        [_thread_blocked, id=14300, stack(0x000000ac61600000,0x000000ac61700000) (1024K)]
  0x0000022774fcdec0 JavaThread "Cache worker for cache directory md-rule (C:\Users\oshad\.gradle\caches\8.13\md-rule)"        [_thread_blocked, id=9072, stack(0x000000ac61700000,0x000000ac61800000) (1024K)]
  0x0000022774f09950 JavaThread "Cache worker for Build Output Cleanup Cache (C:\Users\oshad\develop\flutter\packages\flutter_tools\gradle\.gradle\buildOutputCleanup)"        [_thread_blocked, id=12292, stack(0x000000ac61500000,0x000000ac61600000) (1024K)]
  0x0000022774f085a0 JavaThread "Unconstrained build operations"        [_thread_blocked, id=22012, stack(0x000000ac61800000,0x000000ac61900000) (1024K)]
  0x0000022774f09fe0 JavaThread "Unconstrained build operations Thread 2"        [_thread_blocked, id=18924, stack(0x000000ac61900000,0x000000ac61a00000) (1024K)]
  0x0000022774f0b390 JavaThread "Unconstrained build operations Thread 3"        [_thread_blocked, id=3896, stack(0x000000ac61a00000,0x000000ac61b00000) (1024K)]
  0x0000022774f0ad00 JavaThread "Memory manager"                    [_thread_blocked, id=784, stack(0x000000ac61c00000,0x000000ac61d00000) (1024K)]
  0x0000022774f0daf0 JavaThread "build event listener"              [_thread_blocked, id=9532, stack(0x000000ac61b00000,0x000000ac61c00000) (1024K)]
  0x0000022773f80a20 JavaThread "included builds"                   [_thread_blocked, id=27440, stack(0x000000ac61e00000,0x000000ac61f00000) (1024K)]
  0x0000022773f810b0 JavaThread "Cache worker for execution history cache (C:\Users\oshad\develop\flutter\packages\flutter_tools\gradle\.gradle\8.13\executionHistory)"        [_thread_blocked, id=10208, stack(0x000000ac61f00000,0x000000ac62000000) (1024K)]
  0x0000022773f81740 JavaThread "Unconstrained build operations Thread 4"        [_thread_blocked, id=4140, stack(0x000000ac61d00000,0x000000ac61e00000) (1024K)]
  0x0000022773f85f70 JavaThread "Unconstrained build operations Thread 5"        [_thread_blocked, id=16028, stack(0x000000ac62000000,0x000000ac62100000) (1024K)]
  0x0000022774f0d460 JavaThread "Unconstrained build operations Thread 6"        [_thread_blocked, id=7208, stack(0x000000ac62100000,0x000000ac62200000) (1024K)]
  0x0000022774f0f530 JavaThread "Unconstrained build operations Thread 7"        [_thread_blocked, id=14268, stack(0x000000ac62200000,0x000000ac62300000) (1024K)]
  0x000002277845cec0 JavaThread "Unconstrained build operations Thread 8"        [_thread_blocked, id=20168, stack(0x000000ac62400000,0x000000ac62500000) (1024K)]
  0x000002277845adf0 JavaThread "Unconstrained build operations Thread 9"        [_thread_blocked, id=13500, stack(0x000000ac62500000,0x000000ac62600000) (1024K)]
  0x000002277845d550 JavaThread "Unconstrained build operations Thread 10"        [_thread_blocked, id=6376, stack(0x000000ac62300000,0x000000ac62400000) (1024K)]
  0x0000022774434ae0 JavaThread "Kotlin DSL Writer"                 [_thread_blocked, id=14720, stack(0x000000ac61000000,0x000000ac61100000) (1024K)]
Total: 56

Other Threads:
  0x000002276d886320 VMThread "VM Thread"                           [id=23684, stack(0x000000ac5e600000,0x000000ac5e700000) (1024K)]
  0x000002276d873450 WatcherThread "VM Periodic Task Thread"        [id=11968, stack(0x000000ac5e500000,0x000000ac5e600000) (1024K)]
  0x000002275dc55760 WorkerThread "GC Thread#0"                     [id=11812, stack(0x000000ac5e000000,0x000000ac5e100000) (1024K)]
  0x0000022772204c00 WorkerThread "GC Thread#1"                     [id=22700, stack(0x000000ac5f300000,0x000000ac5f400000) (1024K)]
  0x00000227722688e0 WorkerThread "GC Thread#2"                     [id=4628, stack(0x000000ac5f400000,0x000000ac5f500000) (1024K)]
  0x0000022772268c90 WorkerThread "GC Thread#3"                     [id=1352, stack(0x000000ac5f500000,0x000000ac5f600000) (1024K)]
  0x0000022772269040 WorkerThread "GC Thread#4"                     [id=22392, stack(0x000000ac5f600000,0x000000ac5f700000) (1024K)]
  0x00000227737f3480 WorkerThread "GC Thread#5"                     [id=14000, stack(0x000000ac5f100000,0x000000ac5f200000) (1024K)]
  0x00000227737f60f0 WorkerThread "GC Thread#6"                     [id=27408, stack(0x000000ac5f200000,0x000000ac5f300000) (1024K)]
  0x00000227737f64a0 WorkerThread "GC Thread#7"                     [id=18872, stack(0x000000ac5f700000,0x000000ac5f800000) (1024K)]
  0x000002275dc634e0 ConcurrentGCThread "G1 Main Marker"            [id=11332, stack(0x000000ac5e100000,0x000000ac5e200000) (1024K)]
  0x000002275dc63f00 WorkerThread "G1 Conc#0"                       [id=27496, stack(0x000000ac5e200000,0x000000ac5e300000) (1024K)]
  0x0000022775096210 WorkerThread "G1 Conc#1"                       [id=24368, stack(0x000000ac60600000,0x000000ac60700000) (1024K)]
  0x000002275dccea20 ConcurrentGCThread "G1 Refine#0"               [id=16152, stack(0x000000ac5e300000,0x000000ac5e400000) (1024K)]
  0x000002276d742f00 ConcurrentGCThread "G1 Service"                [id=14812, stack(0x000000ac5e400000,0x000000ac5e500000) (1024K)]
Total: 15

Threads with active compile tasks:
C2 CompilerThread0  74994 15750       4       java.util.zip.ZipFile$Source::initCEN (612 bytes)
Total: 1

VM state: not at safepoint (normal execution)

VM Mutex/Monitor currently owned by a thread:  ([mutex/lock_event])
[0x00007ffa80eac4e0] Metaspace_lock - owner thread: 0x0000022773803f50

Heap address: 0x00000000a0000000, size: 1536 MB, Compressed Oops mode: 32-bit

CDS archive(s) mapped at: [0x0000022700000000-0x0000022700ba0000-0x0000022700ba0000), size 12189696, SharedBaseAddress: 0x0000022700000000, ArchiveRelocationMode: 1.
Compressed class space mapped at: 0x0000022701000000-0x000002271b000000, reserved size: 436207616
Narrow klass base: 0x0000022700000000, Narrow klass shift: 0, Narrow klass range: 0x100000000

GC Precious Log:
 CardTable entry size: 512
 Card Set container configuration: InlinePtr #cards 5 size 8 Array Of Cards #cards 12 size 40 Howl #buckets 4 coarsen threshold 1843 Howl Bitmap #cards 512 size 80 coarsen threshold 460 Card regions per heap region 1 cards per card region 2048
 CPUs: 8 total, 8 available
 Memory: 14222M
 Large Page Support: Disabled
 NUMA Support: Disabled
 Compressed Oops: Enabled (32-bit)
 Heap Region Size: 1M
 Heap Min Capacity: 8M
 Heap Initial Capacity: 224M
 Heap Max Capacity: 1536M
 Pre-touch: Disabled
 Parallel Workers: 8
 Concurrent Workers: 2
 Concurrent Refinement Workers: 8
 Periodic GC: Disabled

Heap:
 garbage-first heap   total 273408K, used 205906K [0x00000000a0000000, 0x0000000100000000)
  region size 1024K, 49 young (50176K), 10 survivors (10240K)
 Metaspace       used 141486K, committed 144192K, reserved 557056K
  class space    used 18938K, committed 20288K, reserved 425984K

Heap Regions: E=young(eden), S=young(survivor), O=old, HS=humongous(starts), HC=humongous(continues), CS=collection set, F=free, TAMS=top-at-mark-start, PB=parsable bottom
|   0|0x00000000a0000000, 0x00000000a0100000, 0x00000000a0100000|100%|HS|  |TAMS 0x00000000a0000000| PB 0x00000000a0000000| Complete 
|   1|0x00000000a0100000, 0x00000000a0200000, 0x00000000a0200000|100%|HC|  |TAMS 0x00000000a0100000| PB 0x00000000a0100000| Complete 
|   2|0x00000000a0200000, 0x00000000a0300000, 0x00000000a0300000|100%|HC|  |TAMS 0x00000000a0200000| PB 0x00000000a0200000| Complete 
|   3|0x00000000a0300000, 0x00000000a0400000, 0x00000000a0400000|100%| O|  |TAMS 0x00000000a0300000| PB 0x00000000a0300000| Untracked 
|   4|0x00000000a0400000, 0x00000000a0500000, 0x00000000a0500000|100%| O|  |TAMS 0x00000000a0400000| PB 0x00000000a0400000| Untracked 
|   5|0x00000000a0500000, 0x00000000a0600000, 0x00000000a0600000|100%| O|  |TAMS 0x00000000a0500000| PB 0x00000000a0500000| Untracked 
|   6|0x00000000a0600000, 0x00000000a0700000, 0x00000000a0700000|100%|HS|  |TAMS 0x00000000a0600000| PB 0x00000000a0600000| Complete 
|   7|0x00000000a0700000, 0x00000000a0800000, 0x00000000a0800000|100%| O|  |TAMS 0x00000000a0700000| PB 0x00000000a0700000| Untracked 
|   8|0x00000000a0800000, 0x00000000a0900000, 0x00000000a0900000|100%| O|  |TAMS 0x00000000a0800000| PB 0x00000000a0800000| Untracked 
|   9|0x00000000a0900000, 0x00000000a0a00000, 0x00000000a0a00000|100%| O|  |TAMS 0x00000000a0900000| PB 0x00000000a0900000| Untracked 
|  10|0x00000000a0a00000, 0x00000000a0b00000, 0x00000000a0b00000|100%| O|  |TAMS 0x00000000a0a00000| PB 0x00000000a0a00000| Untracked 
|  11|0x00000000a0b00000, 0x00000000a0c00000, 0x00000000a0c00000|100%| O|  |TAMS 0x00000000a0b00000| PB 0x00000000a0b00000| Untracked 
|  12|0x00000000a0c00000, 0x00000000a0d00000, 0x00000000a0d00000|100%| O|  |TAMS 0x00000000a0c00000| PB 0x00000000a0c00000| Untracked 
|  13|0x00000000a0d00000, 0x00000000a0e00000, 0x00000000a0e00000|100%| O|  |TAMS 0x00000000a0d00000| PB 0x00000000a0d00000| Untracked 
|  14|0x00000000a0e00000, 0x00000000a0f00000, 0x00000000a0f00000|100%| O|  |TAMS 0x00000000a0e00000| PB 0x00000000a0e00000| Untracked 
|  15|0x00000000a0f00000, 0x00000000a1000000, 0x00000000a1000000|100%| O|  |TAMS 0x00000000a0f00000| PB 0x00000000a0f00000| Untracked 
|  16|0x00000000a1000000, 0x00000000a1100000, 0x00000000a1100000|100%| O|  |TAMS 0x00000000a1000000| PB 0x00000000a1000000| Untracked 
|  17|0x00000000a1100000, 0x00000000a1200000, 0x00000000a1200000|100%| O|  |TAMS 0x00000000a1100000| PB 0x00000000a1100000| Untracked 
|  18|0x00000000a1200000, 0x00000000a1300000, 0x00000000a1300000|100%| O|  |TAMS 0x00000000a1200000| PB 0x00000000a1200000| Untracked 
|  19|0x00000000a1300000, 0x00000000a1400000, 0x00000000a1400000|100%| O|  |TAMS 0x00000000a1300000| PB 0x00000000a1300000| Untracked 
|  20|0x00000000a1400000, 0x00000000a1500000, 0x00000000a1500000|100%| O|  |TAMS 0x00000000a1400000| PB 0x00000000a1400000| Untracked 
|  21|0x00000000a1500000, 0x00000000a1600000, 0x00000000a1600000|100%| O|  |TAMS 0x00000000a1500000| PB 0x00000000a1500000| Untracked 
|  22|0x00000000a1600000, 0x00000000a1700000, 0x00000000a1700000|100%| O|Cm|TAMS 0x00000000a1600000| PB 0x00000000a1600000| Complete 
|  23|0x00000000a1700000, 0x00000000a1800000, 0x00000000a1800000|100%| O|  |TAMS 0x00000000a1700000| PB 0x00000000a1700000| Untracked 
|  24|0x00000000a1800000, 0x00000000a1900000, 0x00000000a1900000|100%| O|  |TAMS 0x00000000a1800000| PB 0x00000000a1800000| Untracked 
|  25|0x00000000a1900000, 0x00000000a1a00000, 0x00000000a1a00000|100%| O|  |TAMS 0x00000000a1900000| PB 0x00000000a1900000| Untracked 
|  26|0x00000000a1a00000, 0x00000000a1b00000, 0x00000000a1b00000|100%| O|  |TAMS 0x00000000a1a00000| PB 0x00000000a1a00000| Untracked 
|  27|0x00000000a1b00000, 0x00000000a1c00000, 0x00000000a1c00000|100%| O|  |TAMS 0x00000000a1b00000| PB 0x00000000a1b00000| Untracked 
|  28|0x00000000a1c00000, 0x00000000a1d00000, 0x00000000a1d00000|100%| O|  |TAMS 0x00000000a1c00000| PB 0x00000000a1c00000| Untracked 
|  29|0x00000000a1d00000, 0x00000000a1e00000, 0x00000000a1e00000|100%| O|  |TAMS 0x00000000a1d00000| PB 0x00000000a1d00000| Untracked 
|  30|0x00000000a1e00000, 0x00000000a1f00000, 0x00000000a1f00000|100%| O|  |TAMS 0x00000000a1e00000| PB 0x00000000a1e00000| Untracked 
|  31|0x00000000a1f00000, 0x00000000a2000000, 0x00000000a2000000|100%| O|  |TAMS 0x00000000a1f00000| PB 0x00000000a1f00000| Untracked 
|  32|0x00000000a2000000, 0x00000000a2100000, 0x00000000a2100000|100%| O|  |TAMS 0x00000000a2000000| PB 0x00000000a2000000| Untracked 
|  33|0x00000000a2100000, 0x00000000a2200000, 0x00000000a2200000|100%| O|  |TAMS 0x00000000a2100000| PB 0x00000000a2100000| Untracked 
|  34|0x00000000a2200000, 0x00000000a2300000, 0x00000000a2300000|100%| O|  |TAMS 0x00000000a2200000| PB 0x00000000a2200000| Untracked 
|  35|0x00000000a2300000, 0x00000000a2400000, 0x00000000a2400000|100%| O|  |TAMS 0x00000000a2300000| PB 0x00000000a2300000| Untracked 
|  36|0x00000000a2400000, 0x00000000a2500000, 0x00000000a2500000|100%| O|  |TAMS 0x00000000a2400000| PB 0x00000000a2400000| Untracked 
|  37|0x00000000a2500000, 0x00000000a2600000, 0x00000000a2600000|100%| O|  |TAMS 0x00000000a2500000| PB 0x00000000a2500000| Untracked 
|  38|0x00000000a2600000, 0x00000000a2700000, 0x00000000a2700000|100%| O|Cm|TAMS 0x00000000a2600000| PB 0x00000000a2600000| Complete 
|  39|0x00000000a2700000, 0x00000000a2800000, 0x00000000a2800000|100%| O|  |TAMS 0x00000000a2700000| PB 0x00000000a2700000| Untracked 
|  40|0x00000000a2800000, 0x00000000a2900000, 0x00000000a2900000|100%| O|  |TAMS 0x00000000a2800000| PB 0x00000000a2800000| Untracked 
|  41|0x00000000a2900000, 0x00000000a2a00000, 0x00000000a2a00000|100%| O|  |TAMS 0x00000000a2900000| PB 0x00000000a2900000| Untracked 
|  42|0x00000000a2a00000, 0x00000000a2b00000, 0x00000000a2b00000|100%| O|  |TAMS 0x00000000a2a00000| PB 0x00000000a2a00000| Untracked 
|  43|0x00000000a2b00000, 0x00000000a2c00000, 0x00000000a2c00000|100%| O|  |TAMS 0x00000000a2b00000| PB 0x00000000a2b00000| Untracked 
|  44|0x00000000a2c00000, 0x00000000a2d00000, 0x00000000a2d00000|100%| O|  |TAMS 0x00000000a2c00000| PB 0x00000000a2c00000| Untracked 
|  45|0x00000000a2d00000, 0x00000000a2e00000, 0x00000000a2e00000|100%| O|  |TAMS 0x00000000a2d00000| PB 0x00000000a2d00000| Untracked 
|  46|0x00000000a2e00000, 0x00000000a2f00000, 0x00000000a2f00000|100%| O|  |TAMS 0x00000000a2e00000| PB 0x00000000a2e00000| Untracked 
|  47|0x00000000a2f00000, 0x00000000a3000000, 0x00000000a3000000|100%| O|  |TAMS 0x00000000a2f00000| PB 0x00000000a2f00000| Untracked 
|  48|0x00000000a3000000, 0x00000000a3100000, 0x00000000a3100000|100%| O|  |TAMS 0x00000000a3000000| PB 0x00000000a3000000| Untracked 
|  49|0x00000000a3100000, 0x00000000a3200000, 0x00000000a3200000|100%| O|  |TAMS 0x00000000a3100000| PB 0x00000000a3100000| Untracked 
|  50|0x00000000a3200000, 0x00000000a3300000, 0x00000000a3300000|100%| O|  |TAMS 0x00000000a3200000| PB 0x00000000a3200000| Untracked 
|  51|0x00000000a3300000, 0x00000000a3400000, 0x00000000a3400000|100%| O|  |TAMS 0x00000000a3300000| PB 0x00000000a3300000| Untracked 
|  52|0x00000000a3400000, 0x00000000a3500000, 0x00000000a3500000|100%| O|  |TAMS 0x00000000a3400000| PB 0x00000000a3400000| Untracked 
|  53|0x00000000a3500000, 0x00000000a3600000, 0x00000000a3600000|100%|HS|  |TAMS 0x00000000a3500000| PB 0x00000000a3500000| Complete 
|  54|0x00000000a3600000, 0x00000000a3700000, 0x00000000a3700000|100%|HC|  |TAMS 0x00000000a3600000| PB 0x00000000a3600000| Complete 
|  55|0x00000000a3700000, 0x00000000a3800000, 0x00000000a3800000|100%|HS|  |TAMS 0x00000000a3700000| PB 0x00000000a3700000| Complete 
|  56|0x00000000a3800000, 0x00000000a3900000, 0x00000000a3900000|100%|HC|  |TAMS 0x00000000a3800000| PB 0x00000000a3800000| Complete 
|  57|0x00000000a3900000, 0x00000000a3a00000, 0x00000000a3a00000|100%|HS|  |TAMS 0x00000000a3900000| PB 0x00000000a3900000| Complete 
|  58|0x00000000a3a00000, 0x00000000a3b00000, 0x00000000a3b00000|100%|HC|  |TAMS 0x00000000a3a00000| PB 0x00000000a3a00000| Complete 
|  59|0x00000000a3b00000, 0x00000000a3c00000, 0x00000000a3c00000|100%|HC|  |TAMS 0x00000000a3b00000| PB 0x00000000a3b00000| Complete 
|  60|0x00000000a3c00000, 0x00000000a3d00000, 0x00000000a3d00000|100%|HS|  |TAMS 0x00000000a3c00000| PB 0x00000000a3c00000| Complete 
|  61|0x00000000a3d00000, 0x00000000a3e00000, 0x00000000a3e00000|100%|HC|  |TAMS 0x00000000a3d00000| PB 0x00000000a3d00000| Complete 
|  62|0x00000000a3e00000, 0x00000000a3f00000, 0x00000000a3f00000|100%|HC|  |TAMS 0x00000000a3e00000| PB 0x00000000a3e00000| Complete 
|  63|0x00000000a3f00000, 0x00000000a4000000, 0x00000000a4000000|100%| O|  |TAMS 0x00000000a3f00000| PB 0x00000000a3f00000| Untracked 
|  64|0x00000000a4000000, 0x00000000a4100000, 0x00000000a4100000|100%| O|  |TAMS 0x00000000a4000000| PB 0x00000000a4000000| Untracked 
|  65|0x00000000a4100000, 0x00000000a4200000, 0x00000000a4200000|100%| O|  |TAMS 0x00000000a4100000| PB 0x00000000a4100000| Untracked 
|  66|0x00000000a4200000, 0x00000000a4300000, 0x00000000a4300000|100%| O|  |TAMS 0x00000000a4200000| PB 0x00000000a4200000| Untracked 
|  67|0x00000000a4300000, 0x00000000a4400000, 0x00000000a4400000|100%| O|  |TAMS 0x00000000a4300000| PB 0x00000000a4300000| Untracked 
|  68|0x00000000a4400000, 0x00000000a4500000, 0x00000000a4500000|100%| O|  |TAMS 0x00000000a4400000| PB 0x00000000a4400000| Untracked 
|  69|0x00000000a4500000, 0x00000000a4600000, 0x00000000a4600000|100%| O|  |TAMS 0x00000000a4500000| PB 0x00000000a4500000| Untracked 
|  70|0x00000000a4600000, 0x00000000a4700000, 0x00000000a4700000|100%| O|  |TAMS 0x00000000a4600000| PB 0x00000000a4600000| Untracked 
|  71|0x00000000a4700000, 0x00000000a4800000, 0x00000000a4800000|100%| O|  |TAMS 0x00000000a4700000| PB 0x00000000a4700000| Untracked 
|  72|0x00000000a4800000, 0x00000000a4900000, 0x00000000a4900000|100%| O|  |TAMS 0x00000000a4800000| PB 0x00000000a4800000| Untracked 
|  73|0x00000000a4900000, 0x00000000a4a00000, 0x00000000a4a00000|100%| O|  |TAMS 0x00000000a4900000| PB 0x00000000a4900000| Untracked 
|  74|0x00000000a4a00000, 0x00000000a4b00000, 0x00000000a4b00000|100%| O|  |TAMS 0x00000000a4a00000| PB 0x00000000a4a00000| Untracked 
|  75|0x00000000a4b00000, 0x00000000a4c00000, 0x00000000a4c00000|100%| O|  |TAMS 0x00000000a4b00000| PB 0x00000000a4b00000| Untracked 
|  76|0x00000000a4c00000, 0x00000000a4d00000, 0x00000000a4d00000|100%| O|  |TAMS 0x00000000a4c00000| PB 0x00000000a4c00000| Untracked 
|  77|0x00000000a4d00000, 0x00000000a4e00000, 0x00000000a4e00000|100%| O|  |TAMS 0x00000000a4d00000| PB 0x00000000a4d00000| Untracked 
|  78|0x00000000a4e00000, 0x00000000a4f00000, 0x00000000a4f00000|100%| O|  |TAMS 0x00000000a4e00000| PB 0x00000000a4e00000| Untracked 
|  79|0x00000000a4f00000, 0x00000000a5000000, 0x00000000a5000000|100%| O|  |TAMS 0x00000000a4f00000| PB 0x00000000a4f00000| Untracked 
|  80|0x00000000a5000000, 0x00000000a5100000, 0x00000000a5100000|100%|HS|  |TAMS 0x00000000a5000000| PB 0x00000000a5000000| Complete 
|  81|0x00000000a5100000, 0x00000000a5200000, 0x00000000a5200000|100%|HS|  |TAMS 0x00000000a5100000| PB 0x00000000a5100000| Complete 
|  82|0x00000000a5200000, 0x00000000a5300000, 0x00000000a5300000|100%|HS|  |TAMS 0x00000000a5200000| PB 0x00000000a5200000| Complete 
|  83|0x00000000a5300000, 0x00000000a5400000, 0x00000000a5400000|100%|HC|  |TAMS 0x00000000a5300000| PB 0x00000000a5300000| Complete 
|  84|0x00000000a5400000, 0x00000000a5500000, 0x00000000a5500000|100%|HS|  |TAMS 0x00000000a5400000| PB 0x00000000a5400000| Complete 
|  85|0x00000000a5500000, 0x00000000a5600000, 0x00000000a5600000|100%| O|  |TAMS 0x00000000a5500000| PB 0x00000000a5500000| Untracked 
|  86|0x00000000a5600000, 0x00000000a5700000, 0x00000000a5700000|100%| O|  |TAMS 0x00000000a5600000| PB 0x00000000a5600000| Untracked 
|  87|0x00000000a5700000, 0x00000000a5800000, 0x00000000a5800000|100%|HS|  |TAMS 0x00000000a5700000| PB 0x00000000a5700000| Complete 
|  88|0x00000000a5800000, 0x00000000a5900000, 0x00000000a5900000|100%| O|  |TAMS 0x00000000a5800000| PB 0x00000000a5800000| Untracked 
|  89|0x00000000a5900000, 0x00000000a5a00000, 0x00000000a5a00000|100%| O|  |TAMS 0x00000000a5900000| PB 0x00000000a5900000| Untracked 
|  90|0x00000000a5a00000, 0x00000000a5b00000, 0x00000000a5b00000|100%| O|  |TAMS 0x00000000a5a00000| PB 0x00000000a5a00000| Untracked 
|  91|0x00000000a5b00000, 0x00000000a5c00000, 0x00000000a5c00000|100%| O|  |TAMS 0x00000000a5b00000| PB 0x00000000a5b00000| Untracked 
|  92|0x00000000a5c00000, 0x00000000a5d00000, 0x00000000a5d00000|100%| O|  |TAMS 0x00000000a5c00000| PB 0x00000000a5c00000| Untracked 
|  93|0x00000000a5d00000, 0x00000000a5e00000, 0x00000000a5e00000|100%| O|  |TAMS 0x00000000a5d00000| PB 0x00000000a5d00000| Untracked 
|  94|0x00000000a5e00000, 0x00000000a5f00000, 0x00000000a5f00000|100%| O|Cm|TAMS 0x00000000a5e00000| PB 0x00000000a5e00000| Complete 
|  95|0x00000000a5f00000, 0x00000000a6000000, 0x00000000a6000000|100%| O|  |TAMS 0x00000000a5f00000| PB 0x00000000a5f00000| Untracked 
|  96|0x00000000a6000000, 0x00000000a6100000, 0x00000000a6100000|100%| O|  |TAMS 0x00000000a6000000| PB 0x00000000a6000000| Untracked 
|  97|0x00000000a6100000, 0x00000000a6200000, 0x00000000a6200000|100%| O|  |TAMS 0x00000000a6100000| PB 0x00000000a6100000| Untracked 
|  98|0x00000000a6200000, 0x00000000a6300000, 0x00000000a6300000|100%| O|  |TAMS 0x00000000a6200000| PB 0x00000000a6200000| Untracked 
|  99|0x00000000a6300000, 0x00000000a6400000, 0x00000000a6400000|100%| O|  |TAMS 0x00000000a6300000| PB 0x00000000a6300000| Untracked 
| 100|0x00000000a6400000, 0x00000000a6500000, 0x00000000a6500000|100%| O|  |TAMS 0x00000000a6400000| PB 0x00000000a6400000| Untracked 
| 101|0x00000000a6500000, 0x00000000a6600000, 0x00000000a6600000|100%| O|  |TAMS 0x00000000a6500000| PB 0x00000000a6500000| Untracked 
| 102|0x00000000a6600000, 0x00000000a6700000, 0x00000000a6700000|100%| O|  |TAMS 0x00000000a6600000| PB 0x00000000a6600000| Untracked 
| 103|0x00000000a6700000, 0x00000000a6800000, 0x00000000a6800000|100%| O|  |TAMS 0x00000000a6700000| PB 0x00000000a6700000| Untracked 
| 104|0x00000000a6800000, 0x00000000a6900000, 0x00000000a6900000|100%| O|  |TAMS 0x00000000a6800000| PB 0x00000000a6800000| Untracked 
| 105|0x00000000a6900000, 0x00000000a6a00000, 0x00000000a6a00000|100%| O|  |TAMS 0x00000000a6900000| PB 0x00000000a6900000| Untracked 
| 106|0x00000000a6a00000, 0x00000000a6b00000, 0x00000000a6b00000|100%| O|  |TAMS 0x00000000a6a00000| PB 0x00000000a6a00000| Untracked 
| 107|0x00000000a6b00000, 0x00000000a6c00000, 0x00000000a6c00000|100%| O|Cm|TAMS 0x00000000a6b00000| PB 0x00000000a6b00000| Complete 
| 108|0x00000000a6c00000, 0x00000000a6d00000, 0x00000000a6d00000|100%| O|  |TAMS 0x00000000a6c00000| PB 0x00000000a6c00000| Untracked 
| 109|0x00000000a6d00000, 0x00000000a6dda880, 0x00000000a6e00000| 85%| O|  |TAMS 0x00000000a6d00000| PB 0x00000000a6d00000| Untracked 
| 110|0x00000000a6e00000, 0x00000000a6f00000, 0x00000000a6f00000|100%| O|  |TAMS 0x00000000a6e00000| PB 0x00000000a6e00000| Untracked 
| 111|0x00000000a6f00000, 0x00000000a7000000, 0x00000000a7000000|100%| O|  |TAMS 0x00000000a6f00000| PB 0x00000000a6f00000| Untracked 
| 112|0x00000000a7000000, 0x00000000a7100000, 0x00000000a7100000|100%| O|  |TAMS 0x00000000a7000000| PB 0x00000000a7000000| Untracked 
| 113|0x00000000a7100000, 0x00000000a7200000, 0x00000000a7200000|100%| O|  |TAMS 0x00000000a7100000| PB 0x00000000a7100000| Untracked 
| 114|0x00000000a7200000, 0x00000000a7300000, 0x00000000a7300000|100%| O|Cm|TAMS 0x00000000a7200000| PB 0x00000000a7200000| Complete 
| 115|0x00000000a7300000, 0x00000000a7400000, 0x00000000a7400000|100%| O|  |TAMS 0x00000000a7300000| PB 0x00000000a7300000| Untracked 
| 116|0x00000000a7400000, 0x00000000a7500000, 0x00000000a7500000|100%| O|  |TAMS 0x00000000a7400000| PB 0x00000000a7400000| Untracked 
| 117|0x00000000a7500000, 0x00000000a7600000, 0x00000000a7600000|100%| O|  |TAMS 0x00000000a7500000| PB 0x00000000a7500000| Untracked 
| 118|0x00000000a7600000, 0x00000000a7700000, 0x00000000a7700000|100%| O|  |TAMS 0x00000000a7600000| PB 0x00000000a7600000| Untracked 
| 119|0x00000000a7700000, 0x00000000a7800000, 0x00000000a7800000|100%| O|  |TAMS 0x00000000a7700000| PB 0x00000000a7700000| Untracked 
| 120|0x00000000a7800000, 0x00000000a7900000, 0x00000000a7900000|100%| O|  |TAMS 0x00000000a7800000| PB 0x00000000a7800000| Untracked 
| 121|0x00000000a7900000, 0x00000000a7a00000, 0x00000000a7a00000|100%| O|  |TAMS 0x00000000a7900000| PB 0x00000000a7900000| Untracked 
| 122|0x00000000a7a00000, 0x00000000a7b00000, 0x00000000a7b00000|100%| O|  |TAMS 0x00000000a7a00000| PB 0x00000000a7a00000| Untracked 
| 123|0x00000000a7b00000, 0x00000000a7c00000, 0x00000000a7c00000|100%|HS|  |TAMS 0x00000000a7b00000| PB 0x00000000a7b00000| Complete 
| 124|0x00000000a7c00000, 0x00000000a7d00000, 0x00000000a7d00000|100%| O|  |TAMS 0x00000000a7c00000| PB 0x00000000a7c00000| Untracked 
| 125|0x00000000a7d00000, 0x00000000a7e00000, 0x00000000a7e00000|100%|HS|  |TAMS 0x00000000a7d00000| PB 0x00000000a7d00000| Complete 
| 126|0x00000000a7e00000, 0x00000000a7f00000, 0x00000000a7f00000|100%| O|  |TAMS 0x00000000a7e00000| PB 0x00000000a7e00000| Untracked 
| 127|0x00000000a7f00000, 0x00000000a8000000, 0x00000000a8000000|100%| O|  |TAMS 0x00000000a7f00000| PB 0x00000000a7f00000| Untracked 
| 128|0x00000000a8000000, 0x00000000a8100000, 0x00000000a8100000|100%| O|  |TAMS 0x00000000a8000000| PB 0x00000000a8000000| Untracked 
| 129|0x00000000a8100000, 0x00000000a8200000, 0x00000000a8200000|100%| O|  |TAMS 0x00000000a8100000| PB 0x00000000a8100000| Untracked 
| 130|0x00000000a8200000, 0x00000000a8300000, 0x00000000a8300000|100%|HS|  |TAMS 0x00000000a8200000| PB 0x00000000a8200000| Complete 
| 131|0x00000000a8300000, 0x00000000a8400000, 0x00000000a8400000|100%|HC|  |TAMS 0x00000000a8300000| PB 0x00000000a8300000| Complete 
| 132|0x00000000a8400000, 0x00000000a8500000, 0x00000000a8500000|100%|HC|  |TAMS 0x00000000a8400000| PB 0x00000000a8400000| Complete 
| 133|0x00000000a8500000, 0x00000000a8600000, 0x00000000a8600000|100%|HC|  |TAMS 0x00000000a8500000| PB 0x00000000a8500000| Complete 
| 134|0x00000000a8600000, 0x00000000a8700000, 0x00000000a8700000|100%|HC|  |TAMS 0x00000000a8600000| PB 0x00000000a8600000| Complete 
| 135|0x00000000a8700000, 0x00000000a8800000, 0x00000000a8800000|100%|HC|  |TAMS 0x00000000a8700000| PB 0x00000000a8700000| Complete 
| 136|0x00000000a8800000, 0x00000000a8900000, 0x00000000a8900000|100%| O|  |TAMS 0x00000000a8800000| PB 0x00000000a8800000| Untracked 
| 137|0x00000000a8900000, 0x00000000a8a00000, 0x00000000a8a00000|100%| O|  |TAMS 0x00000000a8900000| PB 0x00000000a8900000| Untracked 
| 138|0x00000000a8a00000, 0x00000000a8b00000, 0x00000000a8b00000|100%| O|  |TAMS 0x00000000a8a00000| PB 0x00000000a8a00000| Untracked 
| 139|0x00000000a8b00000, 0x00000000a8c00000, 0x00000000a8c00000|100%| O|  |TAMS 0x00000000a8b00000| PB 0x00000000a8b00000| Untracked 
| 140|0x00000000a8c00000, 0x00000000a8d00000, 0x00000000a8d00000|100%| O|  |TAMS 0x00000000a8c00000| PB 0x00000000a8c00000| Untracked 
| 141|0x00000000a8d00000, 0x00000000a8e00000, 0x00000000a8e00000|100%| O|  |TAMS 0x00000000a8d00000| PB 0x00000000a8d00000| Untracked 
| 142|0x00000000a8e00000, 0x00000000a8f00000, 0x00000000a8f00000|100%| O|Cm|TAMS 0x00000000a8e00000| PB 0x00000000a8e00000| Complete 
| 143|0x00000000a8f00000, 0x00000000a9000000, 0x00000000a9000000|100%| O|  |TAMS 0x00000000a8f00000| PB 0x00000000a8f00000| Untracked 
| 144|0x00000000a9000000, 0x00000000a9100000, 0x00000000a9100000|100%|HS|  |TAMS 0x00000000a9000000| PB 0x00000000a9000000| Complete 
| 145|0x00000000a9100000, 0x00000000a9200000, 0x00000000a9200000|100%|HC|  |TAMS 0x00000000a9100000| PB 0x00000000a9100000| Complete 
| 146|0x00000000a9200000, 0x00000000a9300000, 0x00000000a9300000|100%|HS|  |TAMS 0x00000000a9200000| PB 0x00000000a9200000| Complete 
| 147|0x00000000a9300000, 0x00000000a933a2f8, 0x00000000a9400000| 22%| S|CS|TAMS 0x00000000a9300000| PB 0x00000000a9300000| Complete 
| 148|0x00000000a9400000, 0x00000000a9400000, 0x00000000a9500000|  0%| F|  |TAMS 0x00000000a9400000| PB 0x00000000a9400000| Untracked 
| 149|0x00000000a9500000, 0x00000000a9500000, 0x00000000a9600000|  0%| F|  |TAMS 0x00000000a9500000| PB 0x00000000a9500000| Untracked 
| 150|0x00000000a9600000, 0x00000000a9600000, 0x00000000a9700000|  0%| F|  |TAMS 0x00000000a9600000| PB 0x00000000a9600000| Untracked 
| 151|0x00000000a9700000, 0x00000000a9700000, 0x00000000a9800000|  0%| F|  |TAMS 0x00000000a9700000| PB 0x00000000a9700000| Untracked 
| 152|0x00000000a9800000, 0x00000000a9800000, 0x00000000a9900000|  0%| F|  |TAMS 0x00000000a9800000| PB 0x00000000a9800000| Untracked 
| 153|0x00000000a9900000, 0x00000000a9900000, 0x00000000a9a00000|  0%| F|  |TAMS 0x00000000a9900000| PB 0x00000000a9900000| Untracked 
| 154|0x00000000a9a00000, 0x00000000a9a00000, 0x00000000a9b00000|  0%| F|  |TAMS 0x00000000a9a00000| PB 0x00000000a9a00000| Untracked 
| 155|0x00000000a9b00000, 0x00000000a9b00000, 0x00000000a9c00000|  0%| F|  |TAMS 0x00000000a9b00000| PB 0x00000000a9b00000| Untracked 
| 156|0x00000000a9c00000, 0x00000000a9c00000, 0x00000000a9d00000|  0%| F|  |TAMS 0x00000000a9c00000| PB 0x00000000a9c00000| Untracked 
| 157|0x00000000a9d00000, 0x00000000a9d00000, 0x00000000a9e00000|  0%| F|  |TAMS 0x00000000a9d00000| PB 0x00000000a9d00000| Untracked 
| 158|0x00000000a9e00000, 0x00000000a9e00000, 0x00000000a9f00000|  0%| F|  |TAMS 0x00000000a9e00000| PB 0x00000000a9e00000| Untracked 
| 159|0x00000000a9f00000, 0x00000000aa000000, 0x00000000aa000000|100%| S|CS|TAMS 0x00000000a9f00000| PB 0x00000000a9f00000| Complete 
| 160|0x00000000aa000000, 0x00000000aa100000, 0x00000000aa100000|100%| S|CS|TAMS 0x00000000aa000000| PB 0x00000000aa000000| Complete 
| 161|0x00000000aa100000, 0x00000000aa200000, 0x00000000aa200000|100%| S|CS|TAMS 0x00000000aa100000| PB 0x00000000aa100000| Complete 
| 162|0x00000000aa200000, 0x00000000aa300000, 0x00000000aa300000|100%| S|CS|TAMS 0x00000000aa200000| PB 0x00000000aa200000| Complete 
| 163|0x00000000aa300000, 0x00000000aa400000, 0x00000000aa400000|100%| S|CS|TAMS 0x00000000aa300000| PB 0x00000000aa300000| Complete 
| 164|0x00000000aa400000, 0x00000000aa500000, 0x00000000aa500000|100%| S|CS|TAMS 0x00000000aa400000| PB 0x00000000aa400000| Complete 
| 165|0x00000000aa500000, 0x00000000aa600000, 0x00000000aa600000|100%| S|CS|TAMS 0x00000000aa500000| PB 0x00000000aa500000| Complete 
| 166|0x00000000aa600000, 0x00000000aa700000, 0x00000000aa700000|100%| S|CS|TAMS 0x00000000aa600000| PB 0x00000000aa600000| Complete 
| 167|0x00000000aa700000, 0x00000000aa800000, 0x00000000aa800000|100%| S|CS|TAMS 0x00000000aa700000| PB 0x00000000aa700000| Complete 
| 168|0x00000000aa800000, 0x00000000aa800000, 0x00000000aa900000|  0%| F|  |TAMS 0x00000000aa800000| PB 0x00000000aa800000| Untracked 
| 169|0x00000000aa900000, 0x00000000aa900000, 0x00000000aaa00000|  0%| F|  |TAMS 0x00000000aa900000| PB 0x00000000aa900000| Untracked 
| 170|0x00000000aaa00000, 0x00000000aaa00000, 0x00000000aab00000|  0%| F|  |TAMS 0x00000000aaa00000| PB 0x00000000aaa00000| Untracked 
| 171|0x00000000aab00000, 0x00000000aab00000, 0x00000000aac00000|  0%| F|  |TAMS 0x00000000aab00000| PB 0x00000000aab00000| Untracked 
| 172|0x00000000aac00000, 0x00000000aac00000, 0x00000000aad00000|  0%| F|  |TAMS 0x00000000aac00000| PB 0x00000000aac00000| Untracked 
| 173|0x00000000aad00000, 0x00000000aad00000, 0x00000000aae00000|  0%| F|  |TAMS 0x00000000aad00000| PB 0x00000000aad00000| Untracked 
| 174|0x00000000aae00000, 0x00000000aae00000, 0x00000000aaf00000|  0%| F|  |TAMS 0x00000000aae00000| PB 0x00000000aae00000| Untracked 
| 175|0x00000000aaf00000, 0x00000000aaf00000, 0x00000000ab000000|  0%| F|  |TAMS 0x00000000aaf00000| PB 0x00000000aaf00000| Untracked 
| 176|0x00000000ab000000, 0x00000000ab000000, 0x00000000ab100000|  0%| F|  |TAMS 0x00000000ab000000| PB 0x00000000ab000000| Untracked 
| 177|0x00000000ab100000, 0x00000000ab100000, 0x00000000ab200000|  0%| F|  |TAMS 0x00000000ab100000| PB 0x00000000ab100000| Untracked 
| 178|0x00000000ab200000, 0x00000000ab200000, 0x00000000ab300000|  0%| F|  |TAMS 0x00000000ab200000| PB 0x00000000ab200000| Untracked 
| 179|0x00000000ab300000, 0x00000000ab300000, 0x00000000ab400000|  0%| F|  |TAMS 0x00000000ab300000| PB 0x00000000ab300000| Untracked 
| 180|0x00000000ab400000, 0x00000000ab400000, 0x00000000ab500000|  0%| F|  |TAMS 0x00000000ab400000| PB 0x00000000ab400000| Untracked 
| 181|0x00000000ab500000, 0x00000000ab500000, 0x00000000ab600000|  0%| F|  |TAMS 0x00000000ab500000| PB 0x00000000ab500000| Untracked 
| 182|0x00000000ab600000, 0x00000000ab600000, 0x00000000ab700000|  0%| F|  |TAMS 0x00000000ab600000| PB 0x00000000ab600000| Untracked 
| 183|0x00000000ab700000, 0x00000000ab700000, 0x00000000ab800000|  0%| F|  |TAMS 0x00000000ab700000| PB 0x00000000ab700000| Untracked 
| 184|0x00000000ab800000, 0x00000000ab800000, 0x00000000ab900000|  0%| F|  |TAMS 0x00000000ab800000| PB 0x00000000ab800000| Untracked 
| 185|0x00000000ab900000, 0x00000000ab900000, 0x00000000aba00000|  0%| F|  |TAMS 0x00000000ab900000| PB 0x00000000ab900000| Untracked 
| 186|0x00000000aba00000, 0x00000000aba00000, 0x00000000abb00000|  0%| F|  |TAMS 0x00000000aba00000| PB 0x00000000aba00000| Untracked 
| 187|0x00000000abb00000, 0x00000000abb00000, 0x00000000abc00000|  0%| F|  |TAMS 0x00000000abb00000| PB 0x00000000abb00000| Untracked 
| 188|0x00000000abc00000, 0x00000000abc00000, 0x00000000abd00000|  0%| F|  |TAMS 0x00000000abc00000| PB 0x00000000abc00000| Untracked 
| 189|0x00000000abd00000, 0x00000000abd00000, 0x00000000abe00000|  0%| F|  |TAMS 0x00000000abd00000| PB 0x00000000abd00000| Untracked 
| 190|0x00000000abe00000, 0x00000000abe00000, 0x00000000abf00000|  0%| F|  |TAMS 0x00000000abe00000| PB 0x00000000abe00000| Untracked 
| 191|0x00000000abf00000, 0x00000000abf00000, 0x00000000ac000000|  0%| F|  |TAMS 0x00000000abf00000| PB 0x00000000abf00000| Untracked 
| 192|0x00000000ac000000, 0x00000000ac000000, 0x00000000ac100000|  0%| F|  |TAMS 0x00000000ac000000| PB 0x00000000ac000000| Untracked 
| 193|0x00000000ac100000, 0x00000000ac100000, 0x00000000ac200000|  0%| F|  |TAMS 0x00000000ac100000| PB 0x00000000ac100000| Untracked 
| 194|0x00000000ac200000, 0x00000000ac200000, 0x00000000ac300000|  0%| F|  |TAMS 0x00000000ac200000| PB 0x00000000ac200000| Untracked 
| 195|0x00000000ac300000, 0x00000000ac300000, 0x00000000ac400000|  0%| F|  |TAMS 0x00000000ac300000| PB 0x00000000ac300000| Untracked 
| 196|0x00000000ac400000, 0x00000000ac400000, 0x00000000ac500000|  0%| F|  |TAMS 0x00000000ac400000| PB 0x00000000ac400000| Untracked 
| 197|0x00000000ac500000, 0x00000000ac500000, 0x00000000ac600000|  0%| F|  |TAMS 0x00000000ac500000| PB 0x00000000ac500000| Untracked 
| 198|0x00000000ac600000, 0x00000000ac600000, 0x00000000ac700000|  0%| F|  |TAMS 0x00000000ac600000| PB 0x00000000ac600000| Untracked 
| 199|0x00000000ac700000, 0x00000000ac700000, 0x00000000ac800000|  0%| F|  |TAMS 0x00000000ac700000| PB 0x00000000ac700000| Untracked 
| 200|0x00000000ac800000, 0x00000000ac800000, 0x00000000ac900000|  0%| F|  |TAMS 0x00000000ac800000| PB 0x00000000ac800000| Untracked 
| 201|0x00000000ac900000, 0x00000000ac900000, 0x00000000aca00000|  0%| F|  |TAMS 0x00000000ac900000| PB 0x00000000ac900000| Untracked 
| 202|0x00000000aca00000, 0x00000000aca00000, 0x00000000acb00000|  0%| F|  |TAMS 0x00000000aca00000| PB 0x00000000aca00000| Untracked 
| 203|0x00000000acb00000, 0x00000000acb00000, 0x00000000acc00000|  0%| F|  |TAMS 0x00000000acb00000| PB 0x00000000acb00000| Untracked 
| 204|0x00000000acc00000, 0x00000000acc00000, 0x00000000acd00000|  0%| F|  |TAMS 0x00000000acc00000| PB 0x00000000acc00000| Untracked 
| 205|0x00000000acd00000, 0x00000000acd00000, 0x00000000ace00000|  0%| F|  |TAMS 0x00000000acd00000| PB 0x00000000acd00000| Untracked 
| 206|0x00000000ace00000, 0x00000000ace00000, 0x00000000acf00000|  0%| F|  |TAMS 0x00000000ace00000| PB 0x00000000ace00000| Untracked 
| 207|0x00000000acf00000, 0x00000000acf00000, 0x00000000ad000000|  0%| F|  |TAMS 0x00000000acf00000| PB 0x00000000acf00000| Untracked 
| 208|0x00000000ad000000, 0x00000000ad000000, 0x00000000ad100000|  0%| F|  |TAMS 0x00000000ad000000| PB 0x00000000ad000000| Untracked 
| 209|0x00000000ad100000, 0x00000000ad100000, 0x00000000ad200000|  0%| F|  |TAMS 0x00000000ad100000| PB 0x00000000ad100000| Untracked 
| 210|0x00000000ad200000, 0x00000000ad200000, 0x00000000ad300000|  0%| F|  |TAMS 0x00000000ad200000| PB 0x00000000ad200000| Untracked 
| 211|0x00000000ad300000, 0x00000000ad300000, 0x00000000ad400000|  0%| F|  |TAMS 0x00000000ad300000| PB 0x00000000ad300000| Untracked 
| 212|0x00000000ad400000, 0x00000000ad400000, 0x00000000ad500000|  0%| F|  |TAMS 0x00000000ad400000| PB 0x00000000ad400000| Untracked 
| 213|0x00000000ad500000, 0x00000000ad500000, 0x00000000ad600000|  0%| F|  |TAMS 0x00000000ad500000| PB 0x00000000ad500000| Untracked 
| 214|0x00000000ad600000, 0x00000000ad600000, 0x00000000ad700000|  0%| F|  |TAMS 0x00000000ad600000| PB 0x00000000ad600000| Untracked 
| 215|0x00000000ad700000, 0x00000000ad700000, 0x00000000ad800000|  0%| F|  |TAMS 0x00000000ad700000| PB 0x00000000ad700000| Untracked 
| 216|0x00000000ad800000, 0x00000000ad800000, 0x00000000ad900000|  0%| F|  |TAMS 0x00000000ad800000| PB 0x00000000ad800000| Untracked 
| 217|0x00000000ad900000, 0x00000000ad900000, 0x00000000ada00000|  0%| F|  |TAMS 0x00000000ad900000| PB 0x00000000ad900000| Untracked 
| 218|0x00000000ada00000, 0x00000000ada00000, 0x00000000adb00000|  0%| F|  |TAMS 0x00000000ada00000| PB 0x00000000ada00000| Untracked 
| 219|0x00000000adb00000, 0x00000000adb00000, 0x00000000adc00000|  0%| F|  |TAMS 0x00000000adb00000| PB 0x00000000adb00000| Untracked 
| 220|0x00000000adc00000, 0x00000000adc00000, 0x00000000add00000|  0%| F|  |TAMS 0x00000000adc00000| PB 0x00000000adc00000| Untracked 
| 221|0x00000000add00000, 0x00000000add80000, 0x00000000ade00000| 50%| E|  |TAMS 0x00000000add00000| PB 0x00000000add00000| Complete 
| 222|0x00000000ade00000, 0x00000000adf00000, 0x00000000adf00000|100%| E|CS|TAMS 0x00000000ade00000| PB 0x00000000ade00000| Complete 
| 223|0x00000000adf00000, 0x00000000ae000000, 0x00000000ae000000|100%| E|CS|TAMS 0x00000000adf00000| PB 0x00000000adf00000| Complete 
| 224|0x00000000ae000000, 0x00000000ae100000, 0x00000000ae100000|100%| E|CS|TAMS 0x00000000ae000000| PB 0x00000000ae000000| Complete 
| 225|0x00000000ae100000, 0x00000000ae200000, 0x00000000ae200000|100%| E|CS|TAMS 0x00000000ae100000| PB 0x00000000ae100000| Complete 
| 226|0x00000000ae200000, 0x00000000ae300000, 0x00000000ae300000|100%| E|CS|TAMS 0x00000000ae200000| PB 0x00000000ae200000| Complete 
| 227|0x00000000ae300000, 0x00000000ae400000, 0x00000000ae400000|100%| E|CS|TAMS 0x00000000ae300000| PB 0x00000000ae300000| Complete 
| 228|0x00000000ae400000, 0x00000000ae500000, 0x00000000ae500000|100%| E|CS|TAMS 0x00000000ae400000| PB 0x00000000ae400000| Complete 
| 229|0x00000000ae500000, 0x00000000ae600000, 0x00000000ae600000|100%| E|CS|TAMS 0x00000000ae500000| PB 0x00000000ae500000| Complete 
| 230|0x00000000ae600000, 0x00000000ae700000, 0x00000000ae700000|100%| E|CS|TAMS 0x00000000ae600000| PB 0x00000000ae600000| Complete 
| 231|0x00000000ae700000, 0x00000000ae800000, 0x00000000ae800000|100%| E|CS|TAMS 0x00000000ae700000| PB 0x00000000ae700000| Complete 
| 232|0x00000000ae800000, 0x00000000ae900000, 0x00000000ae900000|100%| E|CS|TAMS 0x00000000ae800000| PB 0x00000000ae800000| Complete 
| 233|0x00000000ae900000, 0x00000000aea00000, 0x00000000aea00000|100%| E|CS|TAMS 0x00000000ae900000| PB 0x00000000ae900000| Complete 
| 234|0x00000000aea00000, 0x00000000aeb00000, 0x00000000aeb00000|100%| E|CS|TAMS 0x00000000aea00000| PB 0x00000000aea00000| Complete 
| 235|0x00000000aeb00000, 0x00000000aec00000, 0x00000000aec00000|100%| E|CS|TAMS 0x00000000aeb00000| PB 0x00000000aeb00000| Complete 
| 236|0x00000000aec00000, 0x00000000aed00000, 0x00000000aed00000|100%| E|CS|TAMS 0x00000000aec00000| PB 0x00000000aec00000| Complete 
| 237|0x00000000aed00000, 0x00000000aee00000, 0x00000000aee00000|100%| E|CS|TAMS 0x00000000aed00000| PB 0x00000000aed00000| Complete 
| 238|0x00000000aee00000, 0x00000000aef00000, 0x00000000aef00000|100%| E|CS|TAMS 0x00000000aee00000| PB 0x00000000aee00000| Complete 
| 239|0x00000000aef00000, 0x00000000af000000, 0x00000000af000000|100%| E|CS|TAMS 0x00000000aef00000| PB 0x00000000aef00000| Complete 
| 240|0x00000000af000000, 0x00000000af100000, 0x00000000af100000|100%| E|CS|TAMS 0x00000000af000000| PB 0x00000000af000000| Complete 
| 241|0x00000000af100000, 0x00000000af200000, 0x00000000af200000|100%| E|CS|TAMS 0x00000000af100000| PB 0x00000000af100000| Complete 
| 242|0x00000000af200000, 0x00000000af300000, 0x00000000af300000|100%| E|CS|TAMS 0x00000000af200000| PB 0x00000000af200000| Complete 
| 243|0x00000000af300000, 0x00000000af400000, 0x00000000af400000|100%| E|CS|TAMS 0x00000000af300000| PB 0x00000000af300000| Complete 
| 244|0x00000000af400000, 0x00000000af500000, 0x00000000af500000|100%| E|CS|TAMS 0x00000000af400000| PB 0x00000000af400000| Complete 
| 245|0x00000000af500000, 0x00000000af600000, 0x00000000af600000|100%| E|CS|TAMS 0x00000000af500000| PB 0x00000000af500000| Complete 
| 246|0x00000000af600000, 0x00000000af700000, 0x00000000af700000|100%| E|CS|TAMS 0x00000000af600000| PB 0x00000000af600000| Complete 
| 247|0x00000000af700000, 0x00000000af800000, 0x00000000af800000|100%| E|CS|TAMS 0x00000000af700000| PB 0x00000000af700000| Complete 
| 248|0x00000000af800000, 0x00000000af900000, 0x00000000af900000|100%| E|CS|TAMS 0x00000000af800000| PB 0x00000000af800000| Complete 
| 249|0x00000000af900000, 0x00000000afa00000, 0x00000000afa00000|100%| E|CS|TAMS 0x00000000af900000| PB 0x00000000af900000| Complete 
| 250|0x00000000afa00000, 0x00000000afb00000, 0x00000000afb00000|100%| E|CS|TAMS 0x00000000afa00000| PB 0x00000000afa00000| Complete 
| 251|0x00000000afb00000, 0x00000000afc00000, 0x00000000afc00000|100%| E|CS|TAMS 0x00000000afb00000| PB 0x00000000afb00000| Complete 
| 252|0x00000000afc00000, 0x00000000afd00000, 0x00000000afd00000|100%| E|CS|TAMS 0x00000000afc00000| PB 0x00000000afc00000| Complete 
| 253|0x00000000afd00000, 0x00000000afe00000, 0x00000000afe00000|100%| E|CS|TAMS 0x00000000afd00000| PB 0x00000000afd00000| Complete 
| 254|0x00000000afe00000, 0x00000000aff00000, 0x00000000aff00000|100%| E|CS|TAMS 0x00000000afe00000| PB 0x00000000afe00000| Complete 
| 255|0x00000000aff00000, 0x00000000b0000000, 0x00000000b0000000|100%| E|CS|TAMS 0x00000000aff00000| PB 0x00000000aff00000| Complete 
| 256|0x00000000b0000000, 0x00000000b0100000, 0x00000000b0100000|100%| E|CS|TAMS 0x00000000b0000000| PB 0x00000000b0000000| Complete 
| 257|0x00000000b0100000, 0x00000000b0200000, 0x00000000b0200000|100%| E|CS|TAMS 0x00000000b0100000| PB 0x00000000b0100000| Complete 
|1527|0x00000000ff700000, 0x00000000ff800000, 0x00000000ff800000|100%| O|  |TAMS 0x00000000ff700000| PB 0x00000000ff700000| Untracked 
|1528|0x00000000ff800000, 0x00000000ff900000, 0x00000000ff900000|100%| E|CS|TAMS 0x00000000ff800000| PB 0x00000000ff800000| Complete 
|1529|0x00000000ff900000, 0x00000000ffa00000, 0x00000000ffa00000|100%| O|  |TAMS 0x00000000ff900000| PB 0x00000000ff900000| Untracked 
|1530|0x00000000ffa00000, 0x00000000ffb00000, 0x00000000ffb00000|100%| O|  |TAMS 0x00000000ffa00000| PB 0x00000000ffa00000| Untracked 
|1531|0x00000000ffb00000, 0x00000000ffc00000, 0x00000000ffc00000|100%| E|CS|TAMS 0x00000000ffb00000| PB 0x00000000ffb00000| Complete 
|1532|0x00000000ffc00000, 0x00000000ffd00000, 0x00000000ffd00000|100%| O|  |TAMS 0x00000000ffc00000| PB 0x00000000ffc00000| Untracked 
|1533|0x00000000ffd00000, 0x00000000ffe00000, 0x00000000ffe00000|100%| O|  |TAMS 0x00000000ffd00000| PB 0x00000000ffd00000| Untracked 
|1534|0x00000000ffe00000, 0x00000000fff00000, 0x00000000fff00000|100%| O|  |TAMS 0x00000000ffe00000| PB 0x00000000ffe00000| Untracked 
|1535|0x00000000fff00000, 0x0000000100000000, 0x0000000100000000|100%| O|  |TAMS 0x00000000fff00000| PB 0x00000000fff00000| Untracked 

Card table byte_map: [0x0000022769330000,0x0000022769630000] _byte_map_base: 0x0000022768e30000

Marking Bits: (CMBitMap*) 0x000002275dc55d80
 Bits: [0x0000022769630000, 0x000002276ae30000)

Polling page: 0x000002275ba00000

Metaspace:

Usage:
  Non-class:    119.68 MB used.
      Class:     18.49 MB used.
       Both:    138.17 MB used.

Virtual space:
  Non-class space:      128.00 MB reserved,     121.00 MB ( 95%) committed,  2 nodes.
      Class space:      416.00 MB reserved,      19.81 MB (  5%) committed,  1 nodes.
             Both:      544.00 MB reserved,     140.81 MB ( 26%) committed. 

Chunk freelists:
   Non-Class:  6.98 MB
       Class:  12.22 MB
        Both:  19.20 MB

MaxMetaspaceSize: 512.00 MB
CompressedClassSpaceSize: 416.00 MB
Initial GC threshold: 21.00 MB
Current GC threshold: 229.69 MB
CDS: on
 - commit_granule_bytes: 65536.
 - commit_granule_words: 8192.
 - virtual_space_node_default_size: 8388608.
 - enlarge_chunks_in_place: 1.
 - use_allocation_guard: 0.


Internal statistics:

num_allocs_failed_limit: 6.
num_arena_births: 4978.
num_arena_deaths: 0.
num_vsnodes_births: 3.
num_vsnodes_deaths: 0.
num_space_committed: 2251.
num_space_uncommitted: 0.
num_chunks_returned_to_freelist: 6.
num_chunks_taken_from_freelist: 11224.
num_chunk_merges: 6.
num_chunk_splits: 7691.
num_chunks_enlarged: 5196.
num_inconsistent_stats: 0.

CodeCache: size=131072Kb used=36210Kb max_used=36595Kb free=94861Kb
 bounds [0x0000022760e10000, 0x0000022763200000, 0x0000022768e10000]
 total_blobs=13416, nmethods=12252, adapters=1066, full_count=0
Compilation: enabled, stopped_count=0, restarted_count=0

Compilation events (20 events):
Event: 72.794 Thread 0x000002276d8cbf90 nmethod 15749 0x00000227622f3210 code [0x00000227622f3440, 0x00000227622f3cd8]
Event: 72.836 Thread 0x000002277adb6b80 nmethod 15737% 0x00000227627b5310 code [0x00000227627b5760, 0x00000227627b8c10]
Event: 72.837 Thread 0x000002277adb6b80 15734       4       org.gradle.internal.service.DefaultServiceRegistry$OwnServices::getService (317 bytes)
Event: 72.861 Thread 0x000002277adb6b80 nmethod 15734 0x00000227624fd510 code [0x00000227624fd820, 0x00000227624fe6d8]
Event: 72.861 Thread 0x000002277adb6b80 15726       4       org.gradle.internal.service.DefaultServiceRegistry$OwnServices::putServiceType (67 bytes)
Event: 72.895 Thread 0x000002277adb6b80 nmethod 15726 0x0000022761bbf690 code [0x0000022761bbf960, 0x0000022761bc0ce0]
Event: 72.895 Thread 0x000002277adb6b80 15722       4       org.gradle.internal.operations.BuildOperationState::setRunning (9 bytes)
Event: 72.895 Thread 0x000002277adb6b80 nmethod 15722 0x000002276190b790 code [0x000002276190b920, 0x000002276190b9d8]
Event: 72.895 Thread 0x000002277adb6b80 15696  s    4       java.io.ByteArrayOutputStream::toByteArray (12 bytes)
Event: 72.899 Thread 0x000002277adb6b80 nmethod 15696 0x00000227611b3e90 code [0x00000227611b4040, 0x00000227611b4668]
Event: 73.269 Thread 0x000002276d8aa2b0 nmethod 15744% 0x0000022761da9b10 code [0x0000022761daa240, 0x0000022761db0628]
Event: 73.817 Thread 0x000002276d8aa2b0 15750       4       java.util.zip.ZipFile$Source::initCEN (612 bytes)
Event: 73.865 Thread 0x000002276d8cbf90 15752       3       sun.reflect.generics.parser.SignatureParser::parseBounds (112 bytes)
Event: 73.866 Thread 0x000002276d8cbf90 nmethod 15752 0x00000227625b2410 code [0x00000227625b2700, 0x00000227625b3770]
Event: 73.914 Thread 0x000002276d8cbf90 15753       3       java.lang.reflect.ProxyGenerator$ProxyMethod::<init> (44 bytes)
Event: 73.914 Thread 0x000002276d8cbf90 nmethod 15753 0x00000227611d5590 code [0x00000227611d5760, 0x00000227611d5b60]
Event: 74.670 Thread 0x000002276d8cbf90 15756       3       java.util.concurrent.ThreadPoolExecutor::isShutdown (12 bytes)
Event: 74.671 Thread 0x000002276d8cbf90 nmethod 15756 0x0000022761ab6b10 code [0x0000022761ab6cc0, 0x0000022761ab6ea0]
Event: 74.844 Thread 0x000002276d8cbf90 15757       3       java.util.concurrent.ScheduledThreadPoolExecutor::canRunInCurrentRunState (61 bytes)
Event: 74.845 Thread 0x000002276d8cbf90 nmethod 15757 0x0000022761e46a90 code [0x0000022761e46ca0, 0x0000022761e47450]

GC Heap History (20 events):
Event: 58.043 GC heap before
{Heap before GC invocations=44 (full 0):
 garbage-first heap   total 174080K, used 147494K [0x00000000a0000000, 0x0000000100000000)
  region size 1024K, 47 young (48128K), 6 survivors (6144K)
 Metaspace       used 96413K, committed 98752K, reserved 557056K
  class space    used 14021K, committed 15168K, reserved 425984K
}
Event: 58.050 GC heap after
{Heap after GC invocations=45 (full 0):
 garbage-first heap   total 174080K, used 107512K [0x00000000a0000000, 0x0000000100000000)
  region size 1024K, 4 young (4096K), 4 survivors (4096K)
 Metaspace       used 96413K, committed 98752K, reserved 557056K
  class space    used 14021K, committed 15168K, reserved 425984K
}
Event: 58.804 GC heap before
{Heap before GC invocations=46 (full 0):
 garbage-first heap   total 193536K, used 169976K [0x00000000a0000000, 0x0000000100000000)
  region size 1024K, 57 young (58368K), 4 survivors (4096K)
 Metaspace       used 96817K, committed 99200K, reserved 557056K
  class space    used 14032K, committed 15168K, reserved 425984K
}
Event: 58.829 GC heap after
{Heap after GC invocations=47 (full 0):
 garbage-first heap   total 193536K, used 125648K [0x00000000a0000000, 0x0000000100000000)
  region size 1024K, 8 young (8192K), 8 survivors (8192K)
 Metaspace       used 96817K, committed 99200K, reserved 557056K
  class space    used 14032K, committed 15168K, reserved 425984K
}
Event: 59.661 GC heap before
{Heap before GC invocations=47 (full 0):
 garbage-first heap   total 193536K, used 171728K [0x00000000a0000000, 0x0000000100000000)
  region size 1024K, 53 young (54272K), 8 survivors (8192K)
 Metaspace       used 98481K, committed 100800K, reserved 557056K
  class space    used 14261K, committed 15360K, reserved 425984K
}
Event: 59.681 GC heap after
{Heap after GC invocations=48 (full 0):
 garbage-first heap   total 194560K, used 134589K [0x00000000a0000000, 0x0000000100000000)
  region size 1024K, 7 young (7168K), 7 survivors (7168K)
 Metaspace       used 98481K, committed 100800K, reserved 557056K
  class space    used 14261K, committed 15360K, reserved 425984K
}
Event: 60.004 GC heap before
{Heap before GC invocations=48 (full 0):
 garbage-first heap   total 194560K, used 144829K [0x00000000a0000000, 0x0000000100000000)
  region size 1024K, 18 young (18432K), 7 survivors (7168K)
 Metaspace       used 99837K, committed 102144K, reserved 557056K
  class space    used 14418K, committed 15552K, reserved 425984K
}
Event: 60.011 GC heap after
{Heap after GC invocations=49 (full 0):
 garbage-first heap   total 194560K, used 137493K [0x00000000a0000000, 0x0000000100000000)
  region size 1024K, 2 young (2048K), 2 survivors (2048K)
 Metaspace       used 99837K, committed 102144K, reserved 557056K
  class space    used 14418K, committed 15552K, reserved 425984K
}
Event: 61.209 GC heap before
{Heap before GC invocations=50 (full 0):
 garbage-first heap   total 240640K, used 182549K [0x00000000a0000000, 0x0000000100000000)
  region size 1024K, 40 young (40960K), 2 survivors (2048K)
 Metaspace       used 103728K, committed 106048K, reserved 557056K
  class space    used 14792K, committed 15936K, reserved 425984K
}
Event: 61.215 GC heap after
{Heap after GC invocations=51 (full 0):
 garbage-first heap   total 240640K, used 145924K [0x00000000a0000000, 0x0000000100000000)
  region size 1024K, 5 young (5120K), 5 survivors (5120K)
 Metaspace       used 103728K, committed 106048K, reserved 557056K
  class space    used 14792K, committed 15936K, reserved 425984K
}
Event: 63.280 GC heap before
{Heap before GC invocations=51 (full 0):
 garbage-first heap   total 240640K, used 212484K [0x00000000a0000000, 0x0000000100000000)
  region size 1024K, 70 young (71680K), 5 survivors (5120K)
 Metaspace       used 111828K, committed 114432K, reserved 557056K
  class space    used 15756K, committed 17024K, reserved 425984K
}
Event: 63.292 GC heap after
{Heap after GC invocations=52 (full 0):
 garbage-first heap   total 240640K, used 147877K [0x00000000a0000000, 0x0000000100000000)
  region size 1024K, 9 young (9216K), 9 survivors (9216K)
 Metaspace       used 111828K, committed 114432K, reserved 557056K
  class space    used 15756K, committed 17024K, reserved 425984K
}
Event: 64.202 GC heap before
{Heap before GC invocations=52 (full 0):
 garbage-first heap   total 240640K, used 171429K [0x00000000a0000000, 0x0000000100000000)
  region size 1024K, 33 young (33792K), 9 survivors (9216K)
 Metaspace       used 115122K, committed 117824K, reserved 557056K
  class space    used 16215K, committed 17536K, reserved 425984K
}
Event: 64.212 GC heap after
{Heap after GC invocations=53 (full 0):
 garbage-first heap   total 240640K, used 150022K [0x00000000a0000000, 0x0000000100000000)
  region size 1024K, 6 young (6144K), 6 survivors (6144K)
 Metaspace       used 115122K, committed 117824K, reserved 557056K
  class space    used 16215K, committed 17536K, reserved 425984K
}
Event: 65.773 GC heap before
{Heap before GC invocations=54 (full 0):
 garbage-first heap   total 252928K, used 220678K [0x00000000a0000000, 0x0000000100000000)
  region size 1024K, 74 young (75776K), 6 survivors (6144K)
 Metaspace       used 117667K, committed 120320K, reserved 557056K
  class space    used 16500K, committed 17792K, reserved 425984K
}
Event: 65.787 GC heap after
{Heap after GC invocations=55 (full 0):
 garbage-first heap   total 252928K, used 155130K [0x00000000a0000000, 0x0000000100000000)
  region size 1024K, 7 young (7168K), 7 survivors (7168K)
 Metaspace       used 117667K, committed 120320K, reserved 557056K
  class space    used 16500K, committed 17792K, reserved 425984K
}
Event: 68.812 GC heap before
{Heap before GC invocations=55 (full 0):
 garbage-first heap   total 252928K, used 230906K [0x00000000a0000000, 0x0000000100000000)
  region size 1024K, 81 young (82944K), 7 survivors (7168K)
 Metaspace       used 125999K, committed 128640K, reserved 557056K
  class space    used 17396K, committed 18688K, reserved 425984K
}
Event: 68.831 GC heap after
{Heap after GC invocations=56 (full 0):
 garbage-first heap   total 252928K, used 159178K [0x00000000a0000000, 0x0000000100000000)
  region size 1024K, 11 young (11264K), 11 survivors (11264K)
 Metaspace       used 125999K, committed 128640K, reserved 557056K
  class space    used 17396K, committed 18688K, reserved 425984K
}
Event: 71.275 GC heap before
{Heap before GC invocations=56 (full 0):
 garbage-first heap   total 252928K, used 231882K [0x00000000a0000000, 0x0000000100000000)
  region size 1024K, 83 young (84992K), 11 survivors (11264K)
 Metaspace       used 137517K, committed 140224K, reserved 557056K
  class space    used 18509K, committed 19840K, reserved 425984K
}
Event: 71.290 GC heap after
{Heap after GC invocations=57 (full 0):
 garbage-first heap   total 252928K, used 162898K [0x00000000a0000000, 0x0000000100000000)
  region size 1024K, 10 young (10240K), 10 survivors (10240K)
 Metaspace       used 137517K, committed 140224K, reserved 557056K
  class space    used 18509K, committed 19840K, reserved 425984K
}

Dll operation events (14 events):
Event: 0.018 Loaded shared library C:\Users\oshad\.antigravity\extensions\redhat.java-1.54.0-win32-x64\jre\21.0.10-win32-x86_64\bin\java.dll
Event: 0.134 Loaded shared library C:\Users\oshad\.antigravity\extensions\redhat.java-1.54.0-win32-x64\jre\21.0.10-win32-x86_64\bin\zip.dll
Event: 0.179 Loaded shared library C:\Users\oshad\.antigravity\extensions\redhat.java-1.54.0-win32-x64\jre\21.0.10-win32-x86_64\bin\instrument.dll
Event: 0.188 Loaded shared library C:\Users\oshad\.antigravity\extensions\redhat.java-1.54.0-win32-x64\jre\21.0.10-win32-x86_64\bin\net.dll
Event: 0.194 Loaded shared library C:\Users\oshad\.antigravity\extensions\redhat.java-1.54.0-win32-x64\jre\21.0.10-win32-x86_64\bin\nio.dll
Event: 0.199 Loaded shared library C:\Users\oshad\.antigravity\extensions\redhat.java-1.54.0-win32-x64\jre\21.0.10-win32-x86_64\bin\zip.dll
Event: 1.090 Loaded shared library C:\Users\oshad\.antigravity\extensions\redhat.java-1.54.0-win32-x64\jre\21.0.10-win32-x86_64\bin\jimage.dll
Event: 1.435 Loaded shared library C:\Users\oshad\.antigravity\extensions\redhat.java-1.54.0-win32-x64\jre\21.0.10-win32-x86_64\bin\verify.dll
Event: 1.707 Loaded shared library C:\Users\oshad\.gradle\native\1def1411415f61bf3af743bc5b6707747c0891f09f0c88961ee8f79bc544acac\windows-amd64\native-platform.dll
Event: 1.761 Loaded shared library C:\Users\oshad\.gradle\native\0.2.7\x86_64-windows-gnu\gradle-fileevents.dll
Event: 5.546 Loaded shared library C:\Users\oshad\.antigravity\extensions\redhat.java-1.54.0-win32-x64\jre\21.0.10-win32-x86_64\bin\management.dll
Event: 5.554 Loaded shared library C:\Users\oshad\.antigravity\extensions\redhat.java-1.54.0-win32-x64\jre\21.0.10-win32-x86_64\bin\management_ext.dll
Event: 6.180 Loaded shared library C:\Users\oshad\.antigravity\extensions\redhat.java-1.54.0-win32-x64\jre\21.0.10-win32-x86_64\bin\extnet.dll
Event: 6.954 Loaded shared library C:\Users\oshad\.antigravity\extensions\redhat.java-1.54.0-win32-x64\jre\21.0.10-win32-x86_64\bin\sunmscapi.dll

Deoptimization events (20 events):
Event: 72.553 Thread 0x0000022773803f50 DEOPT PACKING pc=0x0000022762523a04 sp=0x000000ac5fef5370
Event: 72.553 Thread 0x0000022773803f50 DEOPT UNPACKING pc=0x0000022760e64422 sp=0x000000ac5fef5318 mode 2
Event: 72.558 Thread 0x0000022773803f50 Uncommon trap: trap_request=0xffffffc6 fr.pc=0x0000022762523a04 relative=0x0000000000000624
Event: 72.558 Thread 0x0000022773803f50 Uncommon trap: reason=bimorphic_or_optimized_type_check action=maybe_recompile pc=0x0000022762523a04 method=org.gradle.internal.snapshot.MediumChildMap.withNode(Lorg/gradle/internal/snapshot/VfsRelativePath;Lorg/gradle/internal/snapshot/CaseSensitivity;Lo
Event: 72.558 Thread 0x0000022773803f50 DEOPT PACKING pc=0x0000022762523a04 sp=0x000000ac5fef4e20
Event: 72.558 Thread 0x0000022773803f50 DEOPT UNPACKING pc=0x0000022760e64422 sp=0x000000ac5fef4dc8 mode 2
Event: 72.677 Thread 0x0000022773803f50 Uncommon trap: trap_request=0xffffffde fr.pc=0x0000022761240b34 relative=0x00000000000021b4
Event: 72.677 Thread 0x0000022773803f50 Uncommon trap: reason=class_check action=maybe_recompile pc=0x0000022761240b34 method=java.util.jar.JarFile.getManifestFromReference()Ljava/util/jar/Manifest; @ 152 c2
Event: 72.677 Thread 0x0000022773803f50 DEOPT PACKING pc=0x0000022761240b34 sp=0x000000ac5fef3c40
Event: 72.677 Thread 0x0000022773803f50 DEOPT UNPACKING pc=0x0000022760e64422 sp=0x000000ac5fef3bc0 mode 2
Event: 72.677 Thread 0x0000022773803f50 DEOPT PACKING pc=0x000002276285579f sp=0x000000ac5fef2500
Event: 72.677 Thread 0x0000022773803f50 DEOPT UNPACKING pc=0x0000022760e64bc2 sp=0x000000ac5fef19d8 mode 0
Event: 72.681 Thread 0x0000022773803f50 Uncommon trap: trap_request=0xffffff45 fr.pc=0x0000022761969984 relative=0x0000000000000824
Event: 72.681 Thread 0x0000022773803f50 Uncommon trap: reason=unstable_if action=reinterpret pc=0x0000022761969984 method=java.io.BufferedInputStream.implRead([BII)I @ 55 c2
Event: 72.681 Thread 0x0000022773803f50 DEOPT PACKING pc=0x0000022761969984 sp=0x000000ac5fef3c80
Event: 72.681 Thread 0x0000022773803f50 DEOPT UNPACKING pc=0x0000022760e64422 sp=0x000000ac5fef3c48 mode 2
Event: 72.807 Thread 0x0000022773803f50 Uncommon trap: trap_request=0xffffffde fr.pc=0x0000022761240b34 relative=0x00000000000021b4
Event: 72.807 Thread 0x0000022773803f50 Uncommon trap: reason=class_check action=maybe_recompile pc=0x0000022761240b34 method=java.util.jar.JarFile.getManifestFromReference()Ljava/util/jar/Manifest; @ 152 c2
Event: 72.807 Thread 0x0000022773803f50 DEOPT PACKING pc=0x0000022761240b34 sp=0x000000ac5fef3600
Event: 72.807 Thread 0x0000022773803f50 DEOPT UNPACKING pc=0x0000022760e64422 sp=0x000000ac5fef3580 mode 2

Classes loaded (20 events):
Event: 62.620 Loading class java/text/StringCharacterIterator
Event: 62.621 Loading class java/text/CharacterIterator
Event: 62.621 Loading class java/text/CharacterIterator done
Event: 62.621 Loading class java/text/StringCharacterIterator done
Event: 63.793 Loading class java/util/EnumMap$EntrySet
Event: 63.793 Loading class java/util/EnumMap$EntrySet done
Event: 63.794 Loading class java/util/EnumMap$EntryIterator
Event: 63.794 Loading class java/util/EnumMap$EnumMapIterator
Event: 63.794 Loading class java/util/EnumMap$EnumMapIterator done
Event: 63.794 Loading class java/util/EnumMap$EntryIterator done
Event: 63.794 Loading class java/util/EnumMap$EntryIterator$Entry
Event: 63.794 Loading class java/util/EnumMap$EntryIterator$Entry done
Event: 71.498 Loading class java/util/Vector$Itr
Event: 71.498 Loading class java/util/Vector$Itr done
Event: 72.084 Loading class sun/nio/ch/ChannelOutputStream
Event: 72.085 Loading class sun/nio/ch/ChannelOutputStream done
Event: 72.216 Loading class java/util/zip/ZipInputStream
Event: 72.216 Loading class java/util/zip/ZipInputStream done
Event: 72.278 Loading class java/io/CharArrayWriter
Event: 72.279 Loading class java/io/CharArrayWriter done

Classes unloaded (0 events):
No events

Classes redefined (0 events):
No events

Internal exceptions (20 events):
Event: 68.674 Thread 0x0000022773803f50 Exception <a 'java/lang/NoSuchMethodError'{0x00000000aa9972a8}: 'java.lang.Object java.lang.invoke.Invokers$Holder.linkToTargetMethod(java.lang.Object, java.lang.Object, int, int, java.lang.Object, java.lang.Object, java.lang.Object)'> (0x00000000aa9972a8) 
thrown [s\src\hotspot\share\interpreter\linkResolver.cpp, line 773]
Event: 68.758 Thread 0x0000022773803f50 Exception <a 'java/lang/NoSuchMethodError'{0x00000000aa7ff2a8}: 'java.lang.Object java.lang.invoke.DirectMethodHandle$Holder.newInvokeSpecial(java.lang.Object, java.lang.Object, java.lang.Object, int, int, java.lang.Object, java.lang.Object, java.lang.Object, java.lang.Object)'> (0x00000000aa7ff2a8) 
thrown [s\src\hotspot\share\interpreter\linkResolver.cpp, line 773]
Event: 68.759 Thread 0x0000022773803f50 Exception <a 'java/lang/NoSuchMethodError'{0x00000000aa608f28}: 'java.lang.Object java.lang.invoke.Invokers$Holder.linkToTargetMethod(java.lang.Object, java.lang.Object, int, int, java.lang.Object, java.lang.Object, java.lang.Object, java.lang.Object, java.lang.Object)'> (0x00000000aa608f28) 
thrown [s\src\hotspot\share\interpreter\linkResolver.cpp, line 773]
Event: 69.092 Thread 0x0000022773803f50 Exception <a 'java/lang/NoSuchMethodError'{0x00000000ae8b7b58}: 'java.lang.Object java.lang.invoke.DirectMethodHandle$Holder.invokeStatic(java.lang.Object, int, java.lang.Object, java.lang.Object, java.lang.Object)'> (0x00000000ae8b7b58) 
thrown [s\src\hotspot\share\interpreter\linkResolver.cpp, line 773]
Event: 69.092 Thread 0x0000022773803f50 Exception <a 'java/lang/NoSuchMethodError'{0x00000000ae8bc948}: 'java.lang.Object java.lang.invoke.DirectMethodHandle$Holder.invokeStaticInit(java.lang.Object, int, java.lang.Object, java.lang.Object, java.lang.Object)'> (0x00000000ae8bc948) 
thrown [s\src\hotspot\share\interpreter\linkResolver.cpp, line 773]
Event: 69.617 Thread 0x0000022773803f50 Exception <a 'java/lang/NoSuchMethodError'{0x00000000ad3ce6c8}: 'java.lang.Object java.lang.invoke.DirectMethodHandle$Holder.invokeSpecial(java.lang.Object, java.lang.Object, int, java.lang.Object, int)'> (0x00000000ad3ce6c8) 
thrown [s\src\hotspot\share\interpreter\linkResolver.cpp, line 773]
Event: 70.217 Thread 0x0000022773803f50 Exception <a 'java/lang/NoSuchMethodError'{0x00000000ac202070}: 'java.lang.Object java.lang.invoke.DirectMethodHandle$Holder.invokeStatic(java.lang.Object, java.lang.Object, int, java.lang.Object, java.lang.Object)'> (0x00000000ac202070) 
thrown [s\src\hotspot\share\interpreter\linkResolver.cpp, line 773]
Event: 71.391 Thread 0x0000022773803f50 Exception <a 'java/lang/NoSuchMethodError'{0x00000000aed40878}: 'java.lang.Object java.lang.invoke.DirectMethodHandle$Holder.invokeStatic(java.lang.Object, int, int)'> (0x00000000aed40878) 
thrown [s\src\hotspot\share\interpreter\linkResolver.cpp, line 773]
Event: 71.552 Thread 0x0000022773803f50 Exception <a 'java/lang/NoSuchMethodError'{0x00000000b0112b88}: 'java.lang.Object java.lang.invoke.DirectMethodHandle$Holder.invokeStatic(java.lang.Object, java.lang.Object, int, int)'> (0x00000000b0112b88) 
thrown [s\src\hotspot\share\interpreter\linkResolver.cpp, line 773]
Event: 71.939 Thread 0x0000022773803f50 Exception <a 'java/lang/NoSuchMethodError'{0x00000000af841788}: 'void java.lang.invoke.DirectMethodHandle$Holder.invokeStaticInit(java.lang.Object, java.lang.Object, java.lang.Object, java.lang.Object, java.lang.Object, java.lang.Object, java.lang.Object, int)'> (0x00000000af841788) 
thrown [s\src\hotspot\share\interpreter\linkResolver.cpp, line 773]
Event: 72.024 Thread 0x0000022773803f50 Exception <a 'sun/nio/fs/WindowsException'{0x00000000af67a770}> (0x00000000af67a770) 
thrown [s\src\hotspot\share\prims\jni.cpp, line 520]
Event: 72.026 Thread 0x0000022773803f50 Exception <a 'sun/nio/fs/WindowsException'{0x00000000af67c448}> (0x00000000af67c448) 
thrown [s\src\hotspot\share\prims\jni.cpp, line 520]
Event: 72.083 Thread 0x0000022773803f50 Exception <a 'sun/nio/fs/WindowsException'{0x00000000af58e3d0}> (0x00000000af58e3d0) 
thrown [s\src\hotspot\share\prims\jni.cpp, line 520]
Event: 72.111 Thread 0x0000022773803f50 Exception <a 'sun/nio/fs/WindowsException'{0x00000000af597718}> (0x00000000af597718) 
thrown [s\src\hotspot\share\prims\jni.cpp, line 520]
Event: 72.129 Thread 0x0000022773803f50 Exception <a 'sun/nio/fs/WindowsException'{0x00000000af59fef0}> (0x00000000af59fef0) 
thrown [s\src\hotspot\share\prims\jni.cpp, line 520]
Event: 72.146 Thread 0x0000022773803f50 Exception <a 'sun/nio/fs/WindowsException'{0x00000000af5a93d8}> (0x00000000af5a93d8) 
thrown [s\src\hotspot\share\prims\jni.cpp, line 520]
Event: 72.163 Thread 0x0000022773803f50 Exception <a 'sun/nio/fs/WindowsException'{0x00000000af5b0ab0}> (0x00000000af5b0ab0) 
thrown [s\src\hotspot\share\prims\jni.cpp, line 520]
Event: 72.185 Thread 0x0000022773803f50 Exception <a 'sun/nio/fs/WindowsException'{0x00000000af5b73e8}> (0x00000000af5b73e8) 
thrown [s\src\hotspot\share\prims\jni.cpp, line 520]
Event: 72.212 Thread 0x0000022773803f50 Exception <a 'sun/nio/fs/WindowsException'{0x00000000af5c7c40}> (0x00000000af5c7c40) 
thrown [s\src\hotspot\share\prims\jni.cpp, line 520]
Event: 72.256 Thread 0x0000022773803f50 Exception <a 'sun/nio/fs/WindowsException'{0x00000000af5d9290}> (0x00000000af5d9290) 
thrown [s\src\hotspot\share\prims\jni.cpp, line 520]

ZGC Phase Switch (0 events):
No events

VM Operations (20 events):
Event: 70.978 Executing non-safepoint VM operation: HandshakeAllThreads (Deoptimize)
Event: 70.979 Executing non-safepoint VM operation: HandshakeAllThreads (Deoptimize) done
Event: 71.163 Executing non-safepoint VM operation: HandshakeAllThreads (Deoptimize)
Event: 71.163 Executing non-safepoint VM operation: HandshakeAllThreads (Deoptimize) done
Event: 71.275 Executing safepoint VM operation: G1CollectForAllocation (G1 Evacuation Pause)
Event: 71.290 Executing safepoint VM operation: G1CollectForAllocation (G1 Evacuation Pause) done
Event: 71.518 Executing safepoint VM operation: G1PauseRemark
Event: 71.529 Executing safepoint VM operation: G1PauseRemark done
Event: 71.635 Executing safepoint VM operation: G1PauseCleanup
Event: 71.635 Executing safepoint VM operation: G1PauseCleanup done
Event: 71.688 Executing non-safepoint VM operation: HandshakeAllThreads (Deoptimize)
Event: 71.688 Executing non-safepoint VM operation: HandshakeAllThreads (Deoptimize) done
Event: 71.905 Executing non-safepoint VM operation: HandshakeAllThreads (Deoptimize)
Event: 71.906 Executing non-safepoint VM operation: HandshakeAllThreads (Deoptimize) done
Event: 72.552 Executing safepoint VM operation: ICBufferFull
Event: 72.552 Executing safepoint VM operation: ICBufferFull done
Event: 73.567 Executing safepoint VM operation: Cleanup
Event: 73.567 Executing safepoint VM operation: Cleanup done
Event: 74.578 Executing safepoint VM operation: Cleanup
Event: 74.578 Executing safepoint VM operation: Cleanup done

Memory protections (0 events):
No events

Nmethod flushes (20 events):
Event: 71.527 Thread 0x000002276d886320 flushing  nmethod 0x00000227619ce110
Event: 71.527 Thread 0x000002276d886320 flushing  nmethod 0x0000022761a25390
Event: 71.527 Thread 0x000002276d886320 flushing  nmethod 0x0000022761a81c90
Event: 71.527 Thread 0x000002276d886320 flushing  nmethod 0x0000022761a9ef90
Event: 71.527 Thread 0x000002276d886320 flushing  nmethod 0x0000022761a9f510
Event: 71.527 Thread 0x000002276d886320 flushing  nmethod 0x0000022761aa0590
Event: 71.527 Thread 0x000002276d886320 flushing  nmethod 0x0000022761ab6b10
Event: 71.527 Thread 0x000002276d886320 flushing  nmethod 0x0000022761abb210
Event: 71.527 Thread 0x000002276d886320 flushing  nmethod 0x0000022761b28b90
Event: 71.527 Thread 0x000002276d886320 flushing  nmethod 0x0000022761b80c90
Event: 71.527 Thread 0x000002276d886320 flushing  nmethod 0x0000022761b81910
Event: 71.527 Thread 0x000002276d886320 flushing  nmethod 0x0000022761b96190
Event: 71.527 Thread 0x000002276d886320 flushing  nmethod 0x0000022761b98f10
Event: 71.527 Thread 0x000002276d886320 flushing  nmethod 0x0000022761c2dc10
Event: 71.527 Thread 0x000002276d886320 flushing  nmethod 0x0000022761c87110
Event: 71.527 Thread 0x000002276d886320 flushing  nmethod 0x0000022761c87c10
Event: 71.527 Thread 0x000002276d886320 flushing  nmethod 0x0000022761f7be90
Event: 71.527 Thread 0x000002276d886320 flushing  nmethod 0x0000022761fd5f10
Event: 71.527 Thread 0x000002276d886320 flushing  nmethod 0x000002276257d690
Event: 71.527 Thread 0x000002276d886320 flushing  nmethod 0x00000227629a1610

Events (20 events):
Event: 63.422 Thread 0x00000227764e1860 Thread exited: 0x00000227764e1860
Event: 63.423 Thread 0x00000227764e33a0 Thread exited: 0x00000227764e33a0
Event: 63.585 Thread 0x000002276d8cbf90 Thread added: 0x00000227764e2600
Event: 63.845 Thread 0x00000227764e2600 Thread exited: 0x00000227764e2600
Event: 64.297 Thread 0x000002276d8cbf90 Thread added: 0x00000227764e1190
Event: 64.315 Thread 0x000002276d8cbf90 Thread added: 0x00000227764e4ee0
Event: 65.188 Thread 0x00000227764e4ee0 Thread exited: 0x00000227764e4ee0
Event: 65.318 Thread 0x000002276d8cbf90 Thread added: 0x00000227764e3a70
Event: 66.209 Thread 0x00000227764e3a70 Thread exited: 0x00000227764e3a70
Event: 66.212 Thread 0x00000227764e1190 Thread exited: 0x00000227764e1190
Event: 66.393 Thread 0x000002276d8cbf90 Thread added: 0x00000227764e2cd0
Event: 67.944 Thread 0x00000227764e2cd0 Thread exited: 0x00000227764e2cd0
Event: 68.041 Thread 0x000002276d8cbf90 Thread added: 0x00000227764e5c80
Event: 68.048 Thread 0x00000227764e5c80 Thread added: 0x00000227764e6350
Event: 68.640 Thread 0x00000227764e6350 Thread exited: 0x00000227764e6350
Event: 68.640 Thread 0x00000227764e5c80 Thread exited: 0x00000227764e5c80
Event: 69.866 Thread 0x000002276d8cbf90 Thread added: 0x00000227764e7e90
Event: 72.368 Thread 0x00000227764e7e90 Thread exited: 0x00000227764e7e90
Event: 72.593 Thread 0x000002276d8cbf90 Thread added: 0x000002277adb6b80
Event: 73.817 Thread 0x000002277adb6b80 Thread exited: 0x000002277adb6b80


Dynamic libraries:
0x00007ff7381d0000 - 0x00007ff7381de000 	C:\Users\oshad\.antigravity\extensions\redhat.java-1.54.0-win32-x64\jre\21.0.10-win32-x86_64\bin\java.exe
0x00007ffb1e5c0000 - 0x00007ffb1e827000 	C:\WINDOWS\SYSTEM32\ntdll.dll
0x00007ffb1d550000 - 0x00007ffb1d619000 	C:\WINDOWS\System32\KERNEL32.DLL
0x00007ffb1b4d0000 - 0x00007ffb1b8c4000 	C:\WINDOWS\System32\KERNELBASE.dll
0x00007ffb1b990000 - 0x00007ffb1badb000 	C:\WINDOWS\System32\ucrtbase.dll
0x00007ffae7770000 - 0x00007ffae7788000 	C:\Users\oshad\.antigravity\extensions\redhat.java-1.54.0-win32-x64\jre\21.0.10-win32-x86_64\bin\jli.dll
0x00007ffae8c10000 - 0x00007ffae8c2e000 	C:\Users\oshad\.antigravity\extensions\redhat.java-1.54.0-win32-x64\jre\21.0.10-win32-x86_64\bin\VCRUNTIME140.dll
0x00007ffb1dd50000 - 0x00007ffb1df15000 	C:\WINDOWS\System32\USER32.dll
0x00007ffb1ae90000 - 0x00007ffb1aeb7000 	C:\WINDOWS\System32\win32u.dll
0x00007ffb06060000 - 0x00007ffb062f3000 	C:\WINDOWS\WinSxS\amd64_microsoft.windows.common-controls_6595b64144ccf1df_6.0.26100.8115_none_3e075c82e3354f9c\COMCTL32.dll
0x00007ffb1d880000 - 0x00007ffb1d8ab000 	C:\WINDOWS\System32\GDI32.dll
0x00007ffb1c550000 - 0x00007ffb1c5f9000 	C:\WINDOWS\System32\msvcrt.dll
0x00007ffb1b030000 - 0x00007ffb1b15b000 	C:\WINDOWS\System32\gdi32full.dll
0x00007ffb1b160000 - 0x00007ffb1b203000 	C:\WINDOWS\System32\msvcp_win.dll
0x00007ffb1d690000 - 0x00007ffb1d6c2000 	C:\WINDOWS\System32\IMM32.DLL
0x00007ffb06a60000 - 0x00007ffb06a6c000 	C:\Users\oshad\.antigravity\extensions\redhat.java-1.54.0-win32-x64\jre\21.0.10-win32-x86_64\bin\vcruntime140_1.dll
0x00007ffac6a40000 - 0x00007ffac6acd000 	C:\Users\oshad\.antigravity\extensions\redhat.java-1.54.0-win32-x64\jre\21.0.10-win32-x86_64\bin\msvcp140.dll
0x00007ffa801f0000 - 0x00007ffa80f91000 	C:\Users\oshad\.antigravity\extensions\redhat.java-1.54.0-win32-x64\jre\21.0.10-win32-x86_64\bin\server\jvm.dll
0x00007ffb1c490000 - 0x00007ffb1c546000 	C:\WINDOWS\System32\ADVAPI32.dll
0x00007ffb1e4d0000 - 0x00007ffb1e577000 	C:\WINDOWS\System32\sechost.dll
0x00007ffb1c8b0000 - 0x00007ffb1c9c8000 	C:\WINDOWS\System32\RPCRT4.dll
0x00007ffb1c350000 - 0x00007ffb1c3d0000 	C:\WINDOWS\System32\WS2_32.dll
0x00007ffb1acf0000 - 0x00007ffb1ad4e000 	C:\WINDOWS\SYSTEM32\POWRPROF.dll
0x00007ffb130a0000 - 0x00007ffb130d6000 	C:\WINDOWS\SYSTEM32\WINMM.dll
0x00007ffb130e0000 - 0x00007ffb130eb000 	C:\WINDOWS\SYSTEM32\VERSION.dll
0x00007ffb1acd0000 - 0x00007ffb1ace4000 	C:\WINDOWS\SYSTEM32\UMPDC.dll
0x00007ffb19c20000 - 0x00007ffb19c3b000 	C:\WINDOWS\SYSTEM32\kernel.appcore.dll
0x00007ffaeeb90000 - 0x00007ffaeeb9a000 	C:\Users\oshad\.antigravity\extensions\redhat.java-1.54.0-win32-x64\jre\21.0.10-win32-x86_64\bin\jimage.dll
0x00007ffb10290000 - 0x00007ffb104d2000 	C:\WINDOWS\SYSTEM32\DBGHELP.DLL
0x00007ffb1c9d0000 - 0x00007ffb1cd52000 	C:\WINDOWS\System32\combase.dll
0x00007ffb1d7a0000 - 0x00007ffb1d878000 	C:\WINDOWS\System32\OLEAUT32.dll
0x00007ffb16850000 - 0x00007ffb1688b000 	C:\WINDOWS\SYSTEM32\dbgcore.DLL
0x00007ffb1b420000 - 0x00007ffb1b4c5000 	C:\WINDOWS\System32\bcryptPrimitives.dll
0x00007ffaee980000 - 0x00007ffaee98f000 	C:\Users\oshad\.antigravity\extensions\redhat.java-1.54.0-win32-x64\jre\21.0.10-win32-x86_64\bin\instrument.dll
0x00007ffae7670000 - 0x00007ffae7690000 	C:\Users\oshad\.antigravity\extensions\redhat.java-1.54.0-win32-x64\jre\21.0.10-win32-x86_64\bin\java.dll
0x00007ffb1cde0000 - 0x00007ffb1d547000 	C:\WINDOWS\System32\SHELL32.dll
0x00007ffb1aec0000 - 0x00007ffb1b02a000 	C:\WINDOWS\System32\wintypes.dll
0x00007ffb1bae0000 - 0x00007ffb1c348000 	C:\WINDOWS\System32\windows.storage.dll
0x00007ffb1c620000 - 0x00007ffb1c718000 	C:\WINDOWS\System32\SHCORE.dll
0x00007ffb1d620000 - 0x00007ffb1d686000 	C:\WINDOWS\System32\shlwapi.dll
0x00007ffb1adb0000 - 0x00007ffb1add9000 	C:\WINDOWS\SYSTEM32\profapi.dll
0x00007ffae6e30000 - 0x00007ffae6e48000 	C:\Users\oshad\.antigravity\extensions\redhat.java-1.54.0-win32-x64\jre\21.0.10-win32-x86_64\bin\zip.dll
0x00007ffaece70000 - 0x00007ffaece80000 	C:\Users\oshad\.antigravity\extensions\redhat.java-1.54.0-win32-x64\jre\21.0.10-win32-x86_64\bin\net.dll
0x00007ffb13880000 - 0x00007ffb139ad000 	C:\WINDOWS\SYSTEM32\WINHTTP.dll
0x00007ffb1a190000 - 0x00007ffb1a1fc000 	C:\WINDOWS\system32\mswsock.dll
0x00007ffae67e0000 - 0x00007ffae67f6000 	C:\Users\oshad\.antigravity\extensions\redhat.java-1.54.0-win32-x64\jre\21.0.10-win32-x86_64\bin\nio.dll
0x00007ffaeb010000 - 0x00007ffaeb020000 	C:\Users\oshad\.antigravity\extensions\redhat.java-1.54.0-win32-x64\jre\21.0.10-win32-x86_64\bin\verify.dll
0x00007ffab9310000 - 0x00007ffab9337000 	C:\Users\oshad\.gradle\native\1def1411415f61bf3af743bc5b6707747c0891f09f0c88961ee8f79bc544acac\windows-amd64\native-platform.dll
0x00007ffae7da0000 - 0x00007ffae7e18000 	C:\Users\oshad\.gradle\native\0.2.7\x86_64-windows-gnu\gradle-fileevents.dll
0x00007ffb0e2f0000 - 0x00007ffb0e2fa000 	C:\Users\oshad\.antigravity\extensions\redhat.java-1.54.0-win32-x64\jre\21.0.10-win32-x86_64\bin\management.dll
0x00007ffb0a3c0000 - 0x00007ffb0a3cc000 	C:\Users\oshad\.antigravity\extensions\redhat.java-1.54.0-win32-x64\jre\21.0.10-win32-x86_64\bin\management_ext.dll
0x00007ffb1dd40000 - 0x00007ffb1dd48000 	C:\WINDOWS\System32\PSAPI.DLL
0x00007ffb19620000 - 0x00007ffb19652000 	C:\WINDOWS\SYSTEM32\IPHLPAPI.DLL
0x00007ffb1e310000 - 0x00007ffb1e31a000 	C:\WINDOWS\System32\NSI.dll
0x00007ffae8a50000 - 0x00007ffae8a59000 	C:\Users\oshad\.antigravity\extensions\redhat.java-1.54.0-win32-x64\jre\21.0.10-win32-x86_64\bin\extnet.dll
0x00007ffb1a480000 - 0x00007ffb1a49b000 	C:\WINDOWS\SYSTEM32\CRYPTSP.dll
0x00007ffb19b80000 - 0x00007ffb19bb9000 	C:\WINDOWS\system32\rsaenh.dll
0x00007ffb1a240000 - 0x00007ffb1a273000 	C:\WINDOWS\SYSTEM32\USERENV.dll
0x00007ffb1ad80000 - 0x00007ffb1adaa000 	C:\WINDOWS\SYSTEM32\bcrypt.dll
0x00007ffb1a470000 - 0x00007ffb1a47c000 	C:\WINDOWS\SYSTEM32\CRYPTBASE.dll
0x00007ffaec320000 - 0x00007ffaec32e000 	C:\Users\oshad\.antigravity\extensions\redhat.java-1.54.0-win32-x64\jre\21.0.10-win32-x86_64\bin\sunmscapi.dll
0x00007ffb1b210000 - 0x00007ffb1b387000 	C:\WINDOWS\System32\CRYPT32.dll
0x00007ffb1a690000 - 0x00007ffb1a6c0000 	C:\WINDOWS\SYSTEM32\ncrypt.dll
0x00007ffb1a640000 - 0x00007ffb1a67f000 	C:\WINDOWS\SYSTEM32\NTASN1.dll
0x00007ffb0d450000 - 0x00007ffb0d458000 	C:\WINDOWS\system32\wshunix.dll
0x00007ffaf5cf0000 - 0x00007ffaf5d08000 	C:\WINDOWS\system32\napinsp.dll
0x00007ffb19660000 - 0x00007ffb19792000 	C:\WINDOWS\SYSTEM32\DNSAPI.dll
0x00007ffaf5d10000 - 0x00007ffaf5d23000 	C:\WINDOWS\System32\winrnr.dll
0x00007ffaecb00000 - 0x00007ffaecb22000 	C:\WINDOWS\system32\nlansp_c.dll
0x00007ffb10020000 - 0x00007ffb10036000 	C:\WINDOWS\system32\wshbth.dll
0x00007ffb0b970000 - 0x00007ffb0b97b000 	C:\Windows\System32\rasadhlp.dll
0x00007ffb0f9c0000 - 0x00007ffb0fa46000 	C:\WINDOWS\System32\fwpuclnt.dll

JVMTI agents:
C:\Users\oshad\.gradle\wrapper\dists\gradle-8.13-bin\5xuhj0ry160q40clulazy9h7d\gradle-8.13\lib\agents\gradle-instrumentation-agent-8.13.jar path:C:\Users\oshad\.antigravity\extensions\redhat.java-1.54.0-win32-x64\jre\21.0.10-win32-x86_64\bin\instrument.dll, loaded, initialized, instrumentlib options:none

dbghelp: loaded successfully - version: 4.0.5 - missing functions: none
symbol engine: initialized successfully - sym options: 0x614 - pdb path: .;C:\Users\oshad\.antigravity\extensions\redhat.java-1.54.0-win32-x64\jre\21.0.10-win32-x86_64\bin;C:\WINDOWS\SYSTEM32;C:\WINDOWS\WinSxS\amd64_microsoft.windows.common-controls_6595b64144ccf1df_6.0.26100.8115_none_3e075c82e3354f9c;C:\Users\oshad\.antigravity\extensions\redhat.java-1.54.0-win32-x64\jre\21.0.10-win32-x86_64\bin\server;C:\Users\oshad\.gradle\native\1def1411415f61bf3af743bc5b6707747c0891f09f0c88961ee8f79bc544acac\windows-amd64;C:\Users\oshad\.gradle\native\0.2.7\x86_64-windows-gnu

VM Arguments:
jvm_args: --add-opens=java.base/java.lang=ALL-UNNAMED --add-opens=java.base/java.lang.invoke=ALL-UNNAMED --add-opens=java.base/java.util=ALL-UNNAMED --add-opens=java.prefs/java.util.prefs=ALL-UNNAMED --add-exports=jdk.compiler/com.sun.tools.javac.api=ALL-UNNAMED --add-exports=jdk.compiler/com.sun.tools.javac.util=ALL-UNNAMED --add-opens=java.base/java.util=ALL-UNNAMED --add-opens=java.prefs/java.util.prefs=ALL-UNNAMED --add-opens=java.base/java.nio.charset=ALL-UNNAMED --add-opens=java.base/java.net=ALL-UNNAMED --add-opens=java.base/java.util.concurrent.atomic=ALL-UNNAMED --add-opens=java.xml/javax.xml.namespace=ALL-UNNAMED -XX:MaxMetaspaceSize=512m -XX:ReservedCodeCacheSize=128m -XX:+HeapDumpOnOutOfMemoryError -Xmx1536m -Dfile.encoding=UTF-8 -Duser.country=US -Duser.language=en -Duser.variant -javaagent:C:\Users\oshad\.gradle\wrapper\dists\gradle-8.13-bin\5xuhj0ry160q40clulazy9h7d\gradle-8.13\lib\agents\gradle-instrumentation-agent-8.13.jar 
java_command: org.gradle.launcher.daemon.bootstrap.GradleDaemon 8.13
java_class_path (initial): C:\Users\oshad\.gradle\wrapper\dists\gradle-8.13-bin\5xuhj0ry160q40clulazy9h7d\gradle-8.13\lib\gradle-daemon-main-8.13.jar
Launcher Type: SUN_STANDARD

[Global flags]
     intx CICompilerCount                          = 4                                         {product} {ergonomic}
   size_t CompressedClassSpaceSize                 = 436207616                                 {product} {ergonomic}
     uint ConcGCThreads                            = 2                                         {product} {ergonomic}
     uint G1ConcRefinementThreads                  = 8                                         {product} {ergonomic}
   size_t G1HeapRegionSize                         = 1048576                                   {product} {ergonomic}
    uintx GCDrainStackTargetSize                   = 64                                        {product} {ergonomic}
     bool HeapDumpOnOutOfMemoryError               = true                                   {manageable} {command line}
   size_t InitialHeapSize                          = 234881024                                 {product} {ergonomic}
   size_t MarkStackSize                            = 4194304                                   {product} {ergonomic}
   size_t MaxHeapSize                              = 1610612736                                {product} {command line}
   size_t MaxMetaspaceSize                         = 536870912                                 {product} {command line}
   size_t MaxNewSize                               = 965738496                                 {product} {ergonomic}
   size_t MinHeapDeltaBytes                        = 1048576                                   {product} {ergonomic}
   size_t MinHeapSize                              = 8388608                                   {product} {ergonomic}
    uintx NonNMethodCodeHeapSize                   = 4096                                   {pd product} {ergonomic}
    uintx NonProfiledCodeHeapSize                  = 0                                      {pd product} {ergonomic}
    uintx ProfiledCodeHeapSize                     = 0                                      {pd product} {ergonomic}
    uintx ReservedCodeCacheSize                    = 134217728                              {pd product} {command line}
   size_t SoftMaxHeapSize                          = 1610612736                             {manageable} {ergonomic}
     bool UseCompressedOops                        = true                           {product lp64_product} {ergonomic}
     bool UseG1GC                                  = true                                      {product} {ergonomic}
     bool UseLargePagesIndividualAllocation        = false                                  {pd product} {ergonomic}

Logging:
Log output configuration:
 #0: stdout all=warning uptime,level,tags foldmultilines=false
 #1: stderr all=off uptime,level,tags foldmultilines=false

Release file:
JAVA_VERSION="21.0.10" 
MODULES="java.base java.compiler java.datatransfer java.xml java.prefs java.desktop java.instrument java.logging java.management java.security.sasl java.naming java.rmi java.management.rmi java.net.http java.scripting java.security.jgss java.transaction.xa java.sql java.sql.rowset java.xml.crypto java.se java.smartcardio jdk.accessibility jdk.internal.jvmstat jdk.attach jdk.charsets jdk.internal.opt jdk.zipfs jdk.compiler jdk.crypto.ec jdk.crypto.cryptoki jdk.crypto.mscapi jdk.dynalink jdk.internal.ed jdk.editpad jdk.hotspot.agent jdk.httpserver jdk.internal.le jdk.internal.vm.ci jdk.internal.vm.compiler jdk.internal.vm.compiler.management jdk.jartool jdk.javadoc jdk.jcmd jdk.management jdk.management.agent jdk.jconsole jdk.jdeps jdk.jdwp.agent jdk.jdi jdk.jfr jdk.jshell jdk.jsobject jdk.jstatd jdk.localedata jdk.management.jfr jdk.naming.dns jdk.naming.rmi jdk.net jdk.nio.mapmode jdk.random jdk.sctp jdk.security.auth jdk.security.jgss jdk.unsupported jdk.unsupported.desktop jdk.xml.dom" 

Environment Variables:
JAVA_HOME=C:\Program Files\Eclipse Adoptium\jdk-25.0.2.10-hotspot\
PATH=C:\Program Files\Eclipse Adoptium\jdk-25.0.2.10-hotspot\bin;C:\WINDOWS\system32;C:\WINDOWS;C:\WINDOWS\System32\Wbem;C:\WINDOWS\System32\WindowsPowerShell\v1.0\;C:\WINDOWS\System32\OpenSSH\;C:\Program Files\Git\cmd;C:\Program Files\nodejs\;c:\Users\oshad\AppData\Local\Programs\cursor\resources\app\bin;C:\ProgramData\chocolatey\bin;C:\Program Files\dotnet\;C:\Users\oshad\Downloads\flutter_windows_3.38.5-stable\flutter\bin;C:\Users\oshad\AppData\Local\Android\Sdk\platform-tools;;C:\Program Files\Git LFS;C:\Users\oshad\AppData\Local\Programs\Python\Python311\Scripts\;C:\Users\oshad\AppData\Local\Programs\Python\Python311\;C:\Users\oshad\AppData\Local\Programs\Python\Python313\Scripts\;C:\Users\oshad\AppData\Local\Programs\Python\Python313\;C:\Users\oshad\AppData\Local\Programs\Python\Launcher\;C:\Users\oshad\AppData\Local\Microsoft\WindowsApps;C:\Users\oshad\AppData\Local\GitHubDesktop\bin;C:\Users\oshad\AppData\Roaming\npm;C:\Users\oshad\.dotnet\tools;C:\Users\oshad\AppData\Local\Programs\Antigravity\bin;C:\Users\oshad\develop\flutter\bin;C:\Users\oshad\AppData\Local\Programs\Microsoft VS Code\bin;C:\Users\oshad\AppData\Local\Programs\cursor\resources\app\bin
USERNAME=oshad
OS=Windows_NT
PROCESSOR_IDENTIFIER=AMD64 Family 23 Model 24 Stepping 1, AuthenticAMD
TMP=C:\Users\oshad\AppData\Local\Temp
TEMP=C:\Users\oshad\AppData\Local\Temp




Periodic native trim disabled

---------------  S Y S T E M  ---------------

OS:
 Windows 11 , 64 bit Build 26100 (10.0.26100.8246)
OS uptime: 14 days 3:43 hours

CPU: total 8 (initial active 8) (8 cores per cpu, 2 threads per core) family 23 model 24 stepping 1 microcode 0x810810e, cx8, cmov, fxsr, ht, mmx, 3dnowpref, sse, sse2, sse3, ssse3, sse4a, sse4.1, sse4.2, popcnt, lzcnt, tsc, tscinvbit, avx, avx2, aes, clmul, bmi1, bmi2, adx, sha, fma, vzeroupper, clflush, clflushopt, rdtscp, f16c
Processor Information for the first 8 processors :
  Max Mhz: 2300, Current Mhz: 2300, Mhz Limit: 2300

Memory: 4k page, system-wide physical 14222M (1250M free)
TotalPageFile size 27034M (AvailPageFile size 2M)
current process WorkingSet (physical memory assigned to process): 638M, peak: 642M
current process commit charge ("private bytes"): 673M, peak: 676M

vm_info: OpenJDK 64-Bit Server VM (21.0.10+7-LTS) for windows-amd64 JRE (21.0.10+7-LTS), built on 2026-01-20T00:00:00Z by "admin" with MS VC++ 17.12 (VS2022)

END.
