#
# There is insufficient memory for the Java Runtime Environment to continue.
# Native memory allocation (malloc) failed to allocate 676976 bytes. Error detail: Chunk::new
# Possible reasons:
#   The system is out of physical RAM or swap space
#   This process is running with CompressedOops enabled, and the Java Heap may be blocking the growth of the native heap
# Possible solutions:
#   Reduce memory load on the system
#   Increase physical memory or swap space
#   Check if swap backing store is full
#   Decrease Java heap size (-Xmx/-Xms)
#   Decrease number of Java threads
#   Decrease Java thread stack sizes (-Xss)
#   Set larger code cache with -XX:ReservedCodeCacheSize=
#   JVM is running with Unscaled Compressed Oops mode in which the Java heap is
#     placed in the first 4GB address space. The Java Heap base address is the
#     maximum limit for the native heap growth. Please use -XX:HeapBaseMinAddress
#     to set the Java Heap base and to place the Java Heap above 4GB virtual address.
# This output file may be truncated or incomplete.
#
#  Out of Memory Error (arena.cpp:168), pid=9736, tid=15352
#
# JRE version: OpenJDK Runtime Environment Temurin-21.0.10+7 (21.0.10+7) (build 21.0.10+7-LTS)
# Java VM: OpenJDK 64-Bit Server VM Temurin-21.0.10+7 (21.0.10+7-LTS, mixed mode, sharing, tiered, compressed oops, compressed class ptrs, g1 gc, windows-amd64)
# No core dump will be written. Minidumps are not enabled by default on client versions of Windows
#

---------------  S U M M A R Y ------------

Command Line: --add-opens=java.base/java.lang=ALL-UNNAMED --add-opens=java.base/java.lang.invoke=ALL-UNNAMED --add-opens=java.base/java.util=ALL-UNNAMED --add-opens=java.prefs/java.util.prefs=ALL-UNNAMED --add-exports=jdk.compiler/com.sun.tools.javac.api=ALL-UNNAMED --add-exports=jdk.compiler/com.sun.tools.javac.util=ALL-UNNAMED --add-opens=java.base/java.util=ALL-UNNAMED --add-opens=java.prefs/java.util.prefs=ALL-UNNAMED --add-opens=java.base/java.nio.charset=ALL-UNNAMED --add-opens=java.base/java.net=ALL-UNNAMED --add-opens=java.base/java.util.concurrent.atomic=ALL-UNNAMED --add-opens=java.xml/javax.xml.namespace=ALL-UNNAMED -XX:MaxMetaspaceSize=512m -XX:ReservedCodeCacheSize=128m -XX:+HeapDumpOnOutOfMemoryError -Xmx1536m -Dfile.encoding=UTF-8 -Duser.country=US -Duser.language=en -Duser.variant -javaagent:C:\Users\oshad\.gradle\wrapper\dists\gradle-8.13-bin\5xuhj0ry160q40clulazy9h7d\gradle-8.13\lib\agents\gradle-instrumentation-agent-8.13.jar org.gradle.launcher.daemon.bootstrap.GradleDaemon 8.13

Host: AMD Ryzen 7 3700U with Radeon Vega Mobile Gfx  , 8 cores, 13G,  Windows 11 , 64 bit Build 26100 (10.0.26100.8246)
Time: Sat May  2 19:19:24 2026 Sri Lanka Standard Time elapsed time: 79.547161 seconds (0d 0h 1m 19s)

---------------  T H R E A D  ---------------

Current thread (0x000001bbb7515880):  JavaThread "C2 CompilerThread1" daemon [_thread_in_native, id=15352, stack(0x0000001c86a00000,0x0000001c86b00000) (1024K)]


Current CompileTask:
C2:79547 17511       4       java.io.ObjectOutputStream::writeClassDesc (60 bytes)

Stack: [0x0000001c86a00000,0x0000001c86b00000]
Native frames: (J=compiled Java code, j=interpreted, Vv=VM code, C=native code)
V  [jvm.dll+0x6d7a39]
V  [jvm.dll+0x8b4b26]
V  [jvm.dll+0x8b70de]
V  [jvm.dll+0x8b77c3]
V  [jvm.dll+0x284346]
V  [jvm.dll+0xc66ed]
V  [jvm.dll+0xc6c31]
V  [jvm.dll+0x2fb29e]
V  [jvm.dll+0x5fe884]
V  [jvm.dll+0x255b17]
V  [jvm.dll+0x24e12a]
V  [jvm.dll+0x24ba42]
V  [jvm.dll+0x1cb34e]
V  [jvm.dll+0x25b85d]
V  [jvm.dll+0x259dea]
V  [jvm.dll+0x3f857e]
V  [jvm.dll+0x85f59d]
V  [jvm.dll+0x6d626d]
C  [ucrtbase.dll+0x37b0]
C  [KERNEL32.DLL+0x2e8d7]
C  [ntdll.dll+0x8c3fc]


---------------  P R O C E S S  ---------------

Threads class SMR info:
_java_thread_list=0x000001bbb2595720, length=64, elements={
0x000001bbffd5ed80, 0x000001bbac024e30, 0x000001bbac027a50, 0x000001bbac028ed0,
0x000001bbac029930, 0x000001bbac02a820, 0x000001bbac02ea60, 0x000001bbac03dfe0,
0x000001bbac064ec0, 0x000001bbac227920, 0x000001bbac28f560, 0x000001bbb21a34f0,
0x000001bbb22af570, 0x000001bbb20fbc00, 0x000001bbb220b950, 0x000001bbb229d710,
0x000001bbb2351f10, 0x000001bbb2352c30, 0x000001bbb23511f0, 0x000001bbb2351880,
0x000001bbb23525a0, 0x000001bbb2353950, 0x000001bbb23532c0, 0x000001bbb23504d0,
0x000001bbb2e32db0, 0x000001bbb2e33ad0, 0x000001bbb2e32090, 0x000001bbb2e33440,
0x000001bbb2e34160, 0x000001bbb2e347f0, 0x000001bbb2e32720, 0x000001bbb2e34e80,
0x000001bbb2e31a00, 0x000001bbb2e37c70, 0x000001bbb2e38300, 0x000001bbb2e35ba0,
0x000001bbb2e368c0, 0x000001bbb2e36f50, 0x000001bbb2e36230, 0x000001bbb2e375e0,
0x000001bbb60655f0, 0x000001bbb60669a0, 0x000001bbb6067030, 0x000001bbb6064240,
0x000001bbb60648d0, 0x000001bbb6064f60, 0x000001bbb606ab40, 0x000001bbb6069e20,
0x000001bbb71290f0, 0x000001bbb712b1c0, 0x000001bbb712a4a0, 0x000001bbb712bee0,
0x000001bbb712b850, 0x000001bbb7128a60, 0x000001bbb712d290, 0x000001bbb7129e10,
0x000001bbb712dfb0, 0x000001bbb712f9f0, 0x000001bbb712e640, 0x000001bbb712ecd0,
0x000001bbb48618d0, 0x000001bbb7515880, 0x000001bbb48625f0, 0x000001bbb7516620
}

Java Threads: ( => current thread )
  0x000001bbffd5ed80 JavaThread "main"                              [_thread_blocked, id=21344, stack(0x0000001c81f00000,0x0000001c82000000) (1024K)]
  0x000001bbac024e30 JavaThread "Reference Handler"          daemon [_thread_blocked, id=13044, stack(0x0000001c82700000,0x0000001c82800000) (1024K)]
  0x000001bbac027a50 JavaThread "Finalizer"                  daemon [_thread_blocked, id=22064, stack(0x0000001c82800000,0x0000001c82900000) (1024K)]
  0x000001bbac028ed0 JavaThread "Signal Dispatcher"          daemon [_thread_blocked, id=27368, stack(0x0000001c82900000,0x0000001c82a00000) (1024K)]
  0x000001bbac029930 JavaThread "Attach Listener"            daemon [_thread_blocked, id=26132, stack(0x0000001c82a00000,0x0000001c82b00000) (1024K)]
  0x000001bbac02a820 JavaThread "Service Thread"             daemon [_thread_blocked, id=9868, stack(0x0000001c82b00000,0x0000001c82c00000) (1024K)]
  0x000001bbac02ea60 JavaThread "Monitor Deflation Thread"   daemon [_thread_blocked, id=21676, stack(0x0000001c82c00000,0x0000001c82d00000) (1024K)]
  0x000001bbac03dfe0 JavaThread "C2 CompilerThread0"         daemon [_thread_blocked, id=26080, stack(0x0000001c82d00000,0x0000001c82e00000) (1024K)]
  0x000001bbac064ec0 JavaThread "C1 CompilerThread0"         daemon [_thread_blocked, id=24252, stack(0x0000001c82e00000,0x0000001c82f00000) (1024K)]
  0x000001bbac227920 JavaThread "Common-Cleaner"             daemon [_thread_blocked, id=22012, stack(0x0000001c82f00000,0x0000001c83000000) (1024K)]
  0x000001bbac28f560 JavaThread "Notification Thread"        daemon [_thread_blocked, id=18924, stack(0x0000001c83000000,0x0000001c83100000) (1024K)]
  0x000001bbb21a34f0 JavaThread "Daemon health stats"               [_thread_blocked, id=22348, stack(0x0000001c83200000,0x0000001c83300000) (1024K)]
  0x000001bbb22af570 JavaThread "Incoming local TCP Connector on port 50730"        [_thread_in_native, id=17688, stack(0x0000001c83a00000,0x0000001c83b00000) (1024K)]
  0x000001bbb20fbc00 JavaThread "Daemon periodic checks"            [_thread_blocked, id=26312, stack(0x0000001c83b00000,0x0000001c83c00000) (1024K)]
  0x000001bbb220b950 JavaThread "Daemon"                            [_thread_blocked, id=10888, stack(0x0000001c83c00000,0x0000001c83d00000) (1024K)]
  0x000001bbb229d710 JavaThread "Handler for socket connection from /127.0.0.1:50730 to /127.0.0.1:50731"        [_thread_in_native, id=20512, stack(0x0000001c83d00000,0x0000001c83e00000) (1024K)]
  0x000001bbb2351f10 JavaThread "Cancel handler"                    [_thread_blocked, id=22988, stack(0x0000001c83e00000,0x0000001c83f00000) (1024K)]
  0x000001bbb2352c30 JavaThread "Daemon worker"                     [_thread_in_native, id=24980, stack(0x0000001c83f00000,0x0000001c84000000) (1024K)]
  0x000001bbb23511f0 JavaThread "Asynchronous log dispatcher for DefaultDaemonConnection: socket connection from /127.0.0.1:50730 to /127.0.0.1:50731"        [_thread_blocked, id=7488, stack(0x0000001c84000000,0x0000001c84100000) (1024K)]
  0x000001bbb2351880 JavaThread "Stdin handler"                     [_thread_blocked, id=14920, stack(0x0000001c84100000,0x0000001c84200000) (1024K)]
  0x000001bbb23525a0 JavaThread "Daemon client event forwarder"        [_thread_blocked, id=27272, stack(0x0000001c84200000,0x0000001c84300000) (1024K)]
  0x000001bbb2353950 JavaThread "Cache worker for journal cache (C:\Users\oshad\.gradle\caches\journal-1)"        [_thread_blocked, id=12936, stack(0x0000001c83100000,0x0000001c83200000) (1024K)]
  0x000001bbb23532c0 JavaThread "File lock request listener"        [_thread_in_native, id=1908, stack(0x0000001c84300000,0x0000001c84400000) (1024K)]
  0x000001bbb23504d0 JavaThread "Cache worker for file hash cache (C:\Users\oshad\.gradle\caches\8.13\fileHashes)"        [_thread_blocked, id=11964, stack(0x0000001c84400000,0x0000001c84500000) (1024K)]
  0x000001bbb2e32db0 JavaThread "Cache worker for file hash cache (D:\Research\NextStop-Reaserach-frontend\frontend\android\.gradle\8.13\fileHashes)"        [_thread_blocked, id=15284, stack(0x0000001c84800000,0x0000001c84900000) (1024K)]
  0x000001bbb2e33ad0 JavaThread "Cache worker for Build Output Cleanup Cache (D:\Research\NextStop-Reaserach-frontend\frontend\android\.gradle\buildOutputCleanup)"        [_thread_blocked, id=13056, stack(0x0000001c84900000,0x0000001c84a00000) (1024K)]
  0x000001bbb2e32090 JavaThread "File watcher server"        daemon [_thread_in_native, id=15936, stack(0x0000001c84a00000,0x0000001c84b00000) (1024K)]
  0x000001bbb2e33440 JavaThread "File watcher consumer"      daemon [_thread_blocked, id=21060, stack(0x0000001c84b00000,0x0000001c84c00000) (1024K)]
  0x000001bbb2e34160 JavaThread "jar transforms"                    [_thread_blocked, id=12440, stack(0x0000001c84c00000,0x0000001c84d00000) (1024K)]
  0x000001bbb2e347f0 JavaThread "jar transforms Thread 2"           [_thread_blocked, id=7796, stack(0x0000001c84d00000,0x0000001c84e00000) (1024K)]
  0x000001bbb2e32720 JavaThread "jar transforms Thread 3"           [_thread_blocked, id=24852, stack(0x0000001c84e00000,0x0000001c84f00000) (1024K)]
  0x000001bbb2e34e80 JavaThread "jar transforms Thread 4"           [_thread_blocked, id=17416, stack(0x0000001c84600000,0x0000001c84700000) (1024K)]
  0x000001bbb2e31a00 JavaThread "jar transforms Thread 5"           [_thread_blocked, id=2456, stack(0x0000001c84f00000,0x0000001c85000000) (1024K)]
  0x000001bbb2e37c70 JavaThread "Cache worker for checksums cache (D:\Research\NextStop-Reaserach-frontend\frontend\android\.gradle\8.13\checksums)"        [_thread_blocked, id=23872, stack(0x0000001c85100000,0x0000001c85200000) (1024K)]
  0x000001bbb2e38300 JavaThread "Cache worker for file content cache (C:\Users\oshad\.gradle\caches\8.13\fileContent)"        [_thread_blocked, id=15996, stack(0x0000001c85200000,0x0000001c85300000) (1024K)]
  0x000001bbb2e35ba0 JavaThread "jar transforms Thread 6"           [_thread_blocked, id=27440, stack(0x0000001c85300000,0x0000001c85400000) (1024K)]
  0x000001bbb2e368c0 JavaThread "jar transforms Thread 7"           [_thread_blocked, id=10208, stack(0x0000001c85400000,0x0000001c85500000) (1024K)]
  0x000001bbb2e36f50 JavaThread "jar transforms Thread 8"           [_thread_blocked, id=14560, stack(0x0000001c85500000,0x0000001c85600000) (1024K)]
  0x000001bbb2e36230 JavaThread "Cache worker for cache directory md-supplier (C:\Users\oshad\.gradle\caches\8.13\md-supplier)"        [_thread_blocked, id=4140, stack(0x0000001c85600000,0x0000001c85700000) (1024K)]
  0x000001bbb2e375e0 JavaThread "Cache worker for cache directory md-rule (C:\Users\oshad\.gradle\caches\8.13\md-rule)"        [_thread_blocked, id=22284, stack(0x0000001c85700000,0x0000001c85800000) (1024K)]
  0x000001bbb60655f0 JavaThread "Cache worker for Build Output Cleanup Cache (C:\Users\oshad\develop\flutter\packages\flutter_tools\gradle\.gradle\buildOutputCleanup)"        [_thread_blocked, id=16028, stack(0x0000001c85800000,0x0000001c85900000) (1024K)]
  0x000001bbb60669a0 JavaThread "Unconstrained build operations"        [_thread_blocked, id=21024, stack(0x0000001c85900000,0x0000001c85a00000) (1024K)]
  0x000001bbb6067030 JavaThread "Unconstrained build operations Thread 2"        [_thread_blocked, id=22508, stack(0x0000001c85a00000,0x0000001c85b00000) (1024K)]
  0x000001bbb6064240 JavaThread "Unconstrained build operations Thread 3"        [_thread_blocked, id=7208, stack(0x0000001c85b00000,0x0000001c85c00000) (1024K)]
  0x000001bbb60648d0 JavaThread "Memory manager"                    [_thread_blocked, id=24260, stack(0x0000001c85c00000,0x0000001c85d00000) (1024K)]
  0x000001bbb6064f60 JavaThread "build event listener"              [_thread_blocked, id=16444, stack(0x0000001c85000000,0x0000001c85100000) (1024K)]
  0x000001bbb606ab40 JavaThread "Kotlin DSL Writer"                 [_thread_blocked, id=908, stack(0x0000001c84500000,0x0000001c84600000) (1024K)]
  0x000001bbb6069e20 JavaThread "File lock release action executor"        [_thread_blocked, id=24888, stack(0x0000001c85d00000,0x0000001c85e00000) (1024K)]
  0x000001bbb71290f0 JavaThread "included builds"                   [_thread_blocked, id=6944, stack(0x0000001c85f00000,0x0000001c86000000) (1024K)]
  0x000001bbb712b1c0 JavaThread "Cache worker for execution history cache (C:\Users\oshad\develop\flutter\packages\flutter_tools\gradle\.gradle\8.13\executionHistory)"        [_thread_blocked, id=21408, stack(0x0000001c85e00000,0x0000001c85f00000) (1024K)]
  0x000001bbb712a4a0 JavaThread "Unconstrained build operations Thread 4"        [_thread_blocked, id=6632, stack(0x0000001c86000000,0x0000001c86100000) (1024K)]
  0x000001bbb712bee0 JavaThread "Unconstrained build operations Thread 5"        [_thread_blocked, id=16364, stack(0x0000001c86100000,0x0000001c86200000) (1024K)]
  0x000001bbb712b850 JavaThread "Unconstrained build operations Thread 6"        [_thread_blocked, id=6228, stack(0x0000001c86200000,0x0000001c86300000) (1024K)]
  0x000001bbb7128a60 JavaThread "Unconstrained build operations Thread 7"        [_thread_blocked, id=24960, stack(0x0000001c81e00000,0x0000001c81f00000) (1024K)]
  0x000001bbb712d290 JavaThread "WorkerExecutor Queue"              [_thread_blocked, id=24556, stack(0x0000001c86400000,0x0000001c86500000) (1024K)]
  0x000001bbb7129e10 JavaThread "RMI Scheduler(0)"           daemon [_thread_blocked, id=1608, stack(0x0000001c81d00000,0x0000001c81e00000) (1024K)]
  0x000001bbb712dfb0 JavaThread "RMI GC Daemon"              daemon [_thread_blocked, id=10096, stack(0x0000001c86600000,0x0000001c86700000) (1024K)]
  0x000001bbb712f9f0 JavaThread "RMI TCP Accept-0"           daemon [_thread_in_native, id=10400, stack(0x0000001c86300000,0x0000001c86400000) (1024K)]
  0x000001bbb712e640 JavaThread "RMI Reaper"                        [_thread_blocked, id=8628, stack(0x0000001c86700000,0x0000001c86800000) (1024K)]
  0x000001bbb712ecd0 JavaThread "RMI TCP Connection(1)-127.0.0.1" daemon [_thread_in_native, id=15560, stack(0x0000001c86900000,0x0000001c86a00000) (1024K)]
  0x000001bbb48618d0 JavaThread "Unconstrained build operations Thread 8"        [_thread_blocked, id=4760, stack(0x0000001c86800000,0x0000001c86900000) (1024K)]
=>0x000001bbb7515880 JavaThread "C2 CompilerThread1"         daemon [_thread_in_native, id=15352, stack(0x0000001c86a00000,0x0000001c86b00000) (1024K)]
  0x000001bbb48625f0 JavaThread "Unconstrained build operations Thread 9"        [_thread_blocked, id=22300, stack(0x0000001c86b00000,0x0000001c86c00000) (1024K)]
  0x000001bbb7516620 JavaThread "C2 CompilerThread2"         daemon [_thread_blocked, id=14752, stack(0x0000001c86500000,0x0000001c86600000) (1024K)]
Total: 64

Other Threads:
  0x000001bbac0070c0 VMThread "VM Thread"                           [id=27128, stack(0x0000001c82600000,0x0000001c82700000) (1024K)]
  0x000001bb90ef5ee0 WatcherThread "VM Periodic Task Thread"        [id=26348, stack(0x0000001c82500000,0x0000001c82600000) (1024K)]
  0x000001bbffda5ac0 WorkerThread "GC Thread#0"                     [id=22672, stack(0x0000001c82000000,0x0000001c82100000) (1024K)]
  0x000001bbac6e1c50 WorkerThread "GC Thread#1"                     [id=3896, stack(0x0000001c83300000,0x0000001c83400000) (1024K)]
  0x000001bbac7573a0 WorkerThread "GC Thread#2"                     [id=17916, stack(0x0000001c83400000,0x0000001c83500000) (1024K)]
  0x000001bbac653be0 WorkerThread "GC Thread#3"                     [id=1992, stack(0x0000001c83500000,0x0000001c83600000) (1024K)]
  0x000001bbac77bf10 WorkerThread "GC Thread#4"                     [id=19324, stack(0x0000001c83600000,0x0000001c83700000) (1024K)]
  0x000001bbb225d1e0 WorkerThread "GC Thread#5"                     [id=18188, stack(0x0000001c83700000,0x0000001c83800000) (1024K)]
  0x000001bbb225fe50 WorkerThread "GC Thread#6"                     [id=12068, stack(0x0000001c83800000,0x0000001c83900000) (1024K)]
  0x000001bbb2260a10 WorkerThread "GC Thread#7"                     [id=22520, stack(0x0000001c83900000,0x0000001c83a00000) (1024K)]
  0x000001bbffdb3840 ConcurrentGCThread "G1 Main Marker"            [id=24856, stack(0x0000001c82100000,0x0000001c82200000) (1024K)]
  0x000001bbffdb4260 WorkerThread "G1 Conc#0"                       [id=24388, stack(0x0000001c82200000,0x0000001c82300000) (1024K)]
  0x000001bbb4cb0400 WorkerThread "G1 Conc#1"                       [id=13992, stack(0x0000001c84700000,0x0000001c84800000) (1024K)]
  0x000001bbffe1e670 ConcurrentGCThread "G1 Refine#0"               [id=21616, stack(0x0000001c82300000,0x0000001c82400000) (1024K)]
  0x000001bb90dbeb00 ConcurrentGCThread "G1 Service"                [id=6708, stack(0x0000001c82400000,0x0000001c82500000) (1024K)]
Total: 15

Threads with active compile tasks:
C2 CompilerThread1  79584 17511       4       java.io.ObjectOutputStream::writeClassDesc (60 bytes)
Total: 1

VM state: not at safepoint (normal execution)

VM Mutex/Monitor currently owned by a thread: None

Heap address: 0x00000000a0000000, size: 1536 MB, Compressed Oops mode: 32-bit

CDS archive(s) mapped at: [0x000001bb91000000-0x000001bb91ba0000-0x000001bb91ba0000), size 12189696, SharedBaseAddress: 0x000001bb91000000, ArchiveRelocationMode: 1.
Compressed class space mapped at: 0x000001bb92000000-0x000001bbac000000, reserved size: 436207616
Narrow klass base: 0x000001bb91000000, Narrow klass shift: 0, Narrow klass range: 0x100000000

GC Precious Log:
 CardTable entry size: 512
 Card Set container configuration: InlinePtr #cards 5 size 8 Array Of Cards #cards 12 size 40 Howl #buckets 4 coarsen threshold 1843 Howl Bitmap #cards 512 size 80 coarsen threshold 460 Card regions per heap region 1 cards per card region 2048
 CPUs: 8 total, 8 available
 Memory: 14222M
 Large Page Support: Disabled
 NUMA Support: Disabled
 Compressed Oops: Enabled (32-bit)
 Heap Region Size: 1M
 Heap Min Capacity: 8M
 Heap Initial Capacity: 224M
 Heap Max Capacity: 1536M
 Pre-touch: Disabled
 Parallel Workers: 8
 Concurrent Workers: 2
 Concurrent Refinement Workers: 8
 Periodic GC: Disabled

Heap:
 garbage-first heap   total 218112K, used 143056K [0x00000000a0000000, 0x0000000100000000)
  region size 1024K, 3 young (3072K), 2 survivors (2048K)
 Metaspace       used 145740K, committed 148608K, reserved 557056K
  class space    used 19438K, committed 20864K, reserved 425984K

Heap Regions: E=young(eden), S=young(survivor), O=old, HS=humongous(starts), HC=humongous(continues), CS=collection set, F=free, TAMS=top-at-mark-start, PB=parsable bottom
|   0|0x00000000a0000000, 0x00000000a0100000, 0x00000000a0100000|100%|HS|  |TAMS 0x00000000a0100000| PB 0x00000000a0000000| Complete 
|   1|0x00000000a0100000, 0x00000000a0200000, 0x00000000a0200000|100%|HC|  |TAMS 0x00000000a0200000| PB 0x00000000a0100000| Complete 
|   2|0x00000000a0200000, 0x00000000a0300000, 0x00000000a0300000|100%|HC|  |TAMS 0x00000000a0300000| PB 0x00000000a0200000| Complete 
|   3|0x00000000a0300000, 0x00000000a0400000, 0x00000000a0400000|100%| O|  |TAMS 0x00000000a0400000| PB 0x00000000a0300000| Untracked 
|   4|0x00000000a0400000, 0x00000000a0500000, 0x00000000a0500000|100%| O|  |TAMS 0x00000000a0500000| PB 0x00000000a0400000| Untracked 
|   5|0x00000000a0500000, 0x00000000a0600000, 0x00000000a0600000|100%| O|  |TAMS 0x00000000a0600000| PB 0x00000000a0500000| Untracked 
|   6|0x00000000a0600000, 0x00000000a0700000, 0x00000000a0700000|100%|HS|  |TAMS 0x00000000a0700000| PB 0x00000000a0600000| Complete 
|   7|0x00000000a0700000, 0x00000000a0800000, 0x00000000a0800000|100%| O|  |TAMS 0x00000000a0800000| PB 0x00000000a0700000| Untracked 
|   8|0x00000000a0800000, 0x00000000a0900000, 0x00000000a0900000|100%| O|  |TAMS 0x00000000a0900000| PB 0x00000000a0800000| Untracked 
|   9|0x00000000a0900000, 0x00000000a0a00000, 0x00000000a0a00000|100%| O|  |TAMS 0x00000000a0a00000| PB 0x00000000a0900000| Untracked 
|  10|0x00000000a0a00000, 0x00000000a0b00000, 0x00000000a0b00000|100%| O|  |TAMS 0x00000000a0b00000| PB 0x00000000a0a00000| Untracked 
|  11|0x00000000a0b00000, 0x00000000a0c00000, 0x00000000a0c00000|100%| O|  |TAMS 0x00000000a0c00000| PB 0x00000000a0b00000| Untracked 
|  12|0x00000000a0c00000, 0x00000000a0d00000, 0x00000000a0d00000|100%| O|  |TAMS 0x00000000a0d00000| PB 0x00000000a0c00000| Untracked 
|  13|0x00000000a0d00000, 0x00000000a0e00000, 0x00000000a0e00000|100%| O|  |TAMS 0x00000000a0e00000| PB 0x00000000a0d00000| Untracked 
|  14|0x00000000a0e00000, 0x00000000a0f00000, 0x00000000a0f00000|100%| O|  |TAMS 0x00000000a0f00000| PB 0x00000000a0e00000| Untracked 
|  15|0x00000000a0f00000, 0x00000000a1000000, 0x00000000a1000000|100%| O|  |TAMS 0x00000000a1000000| PB 0x00000000a0f00000| Untracked 
|  16|0x00000000a1000000, 0x00000000a1100000, 0x00000000a1100000|100%| O|  |TAMS 0x00000000a1100000| PB 0x00000000a1000000| Untracked 
|  17|0x00000000a1100000, 0x00000000a1200000, 0x00000000a1200000|100%| O|  |TAMS 0x00000000a1200000| PB 0x00000000a1100000| Untracked 
|  18|0x00000000a1200000, 0x00000000a1300000, 0x00000000a1300000|100%| O|  |TAMS 0x00000000a1300000| PB 0x00000000a1200000| Untracked 
|  19|0x00000000a1300000, 0x00000000a1400000, 0x00000000a1400000|100%| O|  |TAMS 0x00000000a1400000| PB 0x00000000a1300000| Untracked 
|  20|0x00000000a1400000, 0x00000000a1500000, 0x00000000a1500000|100%| O|  |TAMS 0x00000000a1500000| PB 0x00000000a1400000| Untracked 
|  21|0x00000000a1500000, 0x00000000a1600000, 0x00000000a1600000|100%| O|  |TAMS 0x00000000a1600000| PB 0x00000000a1500000| Untracked 
|  22|0x00000000a1600000, 0x00000000a1700000, 0x00000000a1700000|100%| O|  |TAMS 0x00000000a1700000| PB 0x00000000a1600000| Untracked 
|  23|0x00000000a1700000, 0x00000000a1800000, 0x00000000a1800000|100%| O|  |TAMS 0x00000000a1800000| PB 0x00000000a1700000| Untracked 
|  24|0x00000000a1800000, 0x00000000a1900000, 0x00000000a1900000|100%| O|  |TAMS 0x00000000a1900000| PB 0x00000000a1800000| Untracked 
|  25|0x00000000a1900000, 0x00000000a1a00000, 0x00000000a1a00000|100%| O|  |TAMS 0x00000000a1a00000| PB 0x00000000a1900000| Untracked 
|  26|0x00000000a1a00000, 0x00000000a1b00000, 0x00000000a1b00000|100%| O|  |TAMS 0x00000000a1b00000| PB 0x00000000a1a00000| Untracked 
|  27|0x00000000a1b00000, 0x00000000a1c00000, 0x00000000a1c00000|100%| O|  |TAMS 0x00000000a1c00000| PB 0x00000000a1b00000| Untracked 
|  28|0x00000000a1c00000, 0x00000000a1d00000, 0x00000000a1d00000|100%| O|  |TAMS 0x00000000a1d00000| PB 0x00000000a1c00000| Untracked 
|  29|0x00000000a1d00000, 0x00000000a1e00000, 0x00000000a1e00000|100%| O|  |TAMS 0x00000000a1e00000| PB 0x00000000a1d00000| Untracked 
|  30|0x00000000a1e00000, 0x00000000a1f00000, 0x00000000a1f00000|100%| O|  |TAMS 0x00000000a1f00000| PB 0x00000000a1e00000| Untracked 
|  31|0x00000000a1f00000, 0x00000000a2000000, 0x00000000a2000000|100%| O|  |TAMS 0x00000000a2000000| PB 0x00000000a1f00000| Untracked 
|  32|0x00000000a2000000, 0x00000000a2100000, 0x00000000a2100000|100%| O|  |TAMS 0x00000000a2100000| PB 0x00000000a2000000| Untracked 
|  33|0x00000000a2100000, 0x00000000a2200000, 0x00000000a2200000|100%| O|  |TAMS 0x00000000a2200000| PB 0x00000000a2100000| Untracked 
|  34|0x00000000a2200000, 0x00000000a2300000, 0x00000000a2300000|100%| O|  |TAMS 0x00000000a2300000| PB 0x00000000a2200000| Untracked 
|  35|0x00000000a2300000, 0x00000000a2400000, 0x00000000a2400000|100%| O|  |TAMS 0x00000000a2400000| PB 0x00000000a2300000| Untracked 
|  36|0x00000000a2400000, 0x00000000a2500000, 0x00000000a2500000|100%| O|  |TAMS 0x00000000a2500000| PB 0x00000000a2400000| Untracked 
|  37|0x00000000a2500000, 0x00000000a2600000, 0x00000000a2600000|100%| O|  |TAMS 0x00000000a2600000| PB 0x00000000a2500000| Untracked 
|  38|0x00000000a2600000, 0x00000000a2700000, 0x00000000a2700000|100%| O|  |TAMS 0x00000000a2700000| PB 0x00000000a2600000| Untracked 
|  39|0x00000000a2700000, 0x00000000a2800000, 0x00000000a2800000|100%| O|  |TAMS 0x00000000a2800000| PB 0x00000000a2700000| Untracked 
|  40|0x00000000a2800000, 0x00000000a2900000, 0x00000000a2900000|100%| O|  |TAMS 0x00000000a2900000| PB 0x00000000a2800000| Untracked 
|  41|0x00000000a2900000, 0x00000000a2a00000, 0x00000000a2a00000|100%| O|  |TAMS 0x00000000a2a00000| PB 0x00000000a2900000| Untracked 
|  42|0x00000000a2a00000, 0x00000000a2b00000, 0x00000000a2b00000|100%| O|  |TAMS 0x00000000a2b00000| PB 0x00000000a2a00000| Untracked 
|  43|0x00000000a2b00000, 0x00000000a2c00000, 0x00000000a2c00000|100%| O|  |TAMS 0x00000000a2c00000| PB 0x00000000a2b00000| Untracked 
|  44|0x00000000a2c00000, 0x00000000a2d00000, 0x00000000a2d00000|100%| O|  |TAMS 0x00000000a2d00000| PB 0x00000000a2c00000| Untracked 
|  45|0x00000000a2d00000, 0x00000000a2e00000, 0x00000000a2e00000|100%| O|  |TAMS 0x00000000a2e00000| PB 0x00000000a2d00000| Untracked 
|  46|0x00000000a2e00000, 0x00000000a2f00000, 0x00000000a2f00000|100%| O|  |TAMS 0x00000000a2f00000| PB 0x00000000a2e00000| Untracked 
|  47|0x00000000a2f00000, 0x00000000a3000000, 0x00000000a3000000|100%|HS|  |TAMS 0x00000000a3000000| PB 0x00000000a2f00000| Complete 
|  48|0x00000000a3000000, 0x00000000a3100000, 0x00000000a3100000|100%|HC|  |TAMS 0x00000000a3100000| PB 0x00000000a3000000| Complete 
|  49|0x00000000a3100000, 0x00000000a3200000, 0x00000000a3200000|100%| O|  |TAMS 0x00000000a3200000| PB 0x00000000a3100000| Untracked 
|  50|0x00000000a3200000, 0x00000000a3300000, 0x00000000a3300000|100%| O|  |TAMS 0x00000000a3300000| PB 0x00000000a3200000| Untracked 
|  51|0x00000000a3300000, 0x00000000a3400000, 0x00000000a3400000|100%| O|  |TAMS 0x00000000a3400000| PB 0x00000000a3300000| Untracked 
|  52|0x00000000a3400000, 0x00000000a3500000, 0x00000000a3500000|100%| O|  |TAMS 0x00000000a3500000| PB 0x00000000a3400000| Untracked 
|  53|0x00000000a3500000, 0x00000000a3600000, 0x00000000a3600000|100%| O|  |TAMS 0x00000000a3600000| PB 0x00000000a3500000| Untracked 
|  54|0x00000000a3600000, 0x00000000a3700000, 0x00000000a3700000|100%| O|  |TAMS 0x00000000a3700000| PB 0x00000000a3600000| Untracked 
|  55|0x00000000a3700000, 0x00000000a3800000, 0x00000000a3800000|100%|HS|  |TAMS 0x00000000a3800000| PB 0x00000000a3700000| Complete 
|  56|0x00000000a3800000, 0x00000000a3900000, 0x00000000a3900000|100%|HC|  |TAMS 0x00000000a3900000| PB 0x00000000a3800000| Complete 
|  57|0x00000000a3900000, 0x00000000a3a00000, 0x00000000a3a00000|100%|HS|  |TAMS 0x00000000a3a00000| PB 0x00000000a3900000| Complete 
|  58|0x00000000a3a00000, 0x00000000a3b00000, 0x00000000a3b00000|100%|HC|  |TAMS 0x00000000a3b00000| PB 0x00000000a3a00000| Complete 
|  59|0x00000000a3b00000, 0x00000000a3c00000, 0x00000000a3c00000|100%|HC|  |TAMS 0x00000000a3c00000| PB 0x00000000a3b00000| Complete 
|  60|0x00000000a3c00000, 0x00000000a3d00000, 0x00000000a3d00000|100%| O|  |TAMS 0x00000000a3d00000| PB 0x00000000a3c00000| Untracked 
|  61|0x00000000a3d00000, 0x00000000a3e00000, 0x00000000a3e00000|100%| O|  |TAMS 0x00000000a3e00000| PB 0x00000000a3d00000| Untracked 
|  62|0x00000000a3e00000, 0x00000000a3f00000, 0x00000000a3f00000|100%| O|  |TAMS 0x00000000a3f00000| PB 0x00000000a3e00000| Untracked 
|  63|0x00000000a3f00000, 0x00000000a4000000, 0x00000000a4000000|100%| O|  |TAMS 0x00000000a4000000| PB 0x00000000a3f00000| Untracked 
|  64|0x00000000a4000000, 0x00000000a4100000, 0x00000000a4100000|100%|HS|  |TAMS 0x00000000a4100000| PB 0x00000000a4000000| Complete 
|  65|0x00000000a4100000, 0x00000000a4200000, 0x00000000a4200000|100%|HC|  |TAMS 0x00000000a4200000| PB 0x00000000a4100000| Complete 
|  66|0x00000000a4200000, 0x00000000a4300000, 0x00000000a4300000|100%|HC|  |TAMS 0x00000000a4300000| PB 0x00000000a4200000| Complete 
|  67|0x00000000a4300000, 0x00000000a4400000, 0x00000000a4400000|100%| O|  |TAMS 0x00000000a4400000| PB 0x00000000a4300000| Untracked 
|  68|0x00000000a4400000, 0x00000000a4500000, 0x00000000a4500000|100%| O|  |TAMS 0x00000000a4500000| PB 0x00000000a4400000| Untracked 
|  69|0x00000000a4500000, 0x00000000a4600000, 0x00000000a4600000|100%| O|  |TAMS 0x00000000a4600000| PB 0x00000000a4500000| Untracked 
|  70|0x00000000a4600000, 0x00000000a4700000, 0x00000000a4700000|100%| O|  |TAMS 0x00000000a4700000| PB 0x00000000a4600000| Untracked 
|  71|0x00000000a4700000, 0x00000000a4800000, 0x00000000a4800000|100%| O|  |TAMS 0x00000000a4800000| PB 0x00000000a4700000| Untracked 
|  72|0x00000000a4800000, 0x00000000a4900000, 0x00000000a4900000|100%| O|  |TAMS 0x00000000a4900000| PB 0x00000000a4800000| Untracked 
|  73|0x00000000a4900000, 0x00000000a4a00000, 0x00000000a4a00000|100%| O|  |TAMS 0x00000000a4a00000| PB 0x00000000a4900000| Untracked 
|  74|0x00000000a4a00000, 0x00000000a4b00000, 0x00000000a4b00000|100%| O|  |TAMS 0x00000000a4b00000| PB 0x00000000a4a00000| Untracked 
|  75|0x00000000a4b00000, 0x00000000a4c00000, 0x00000000a4c00000|100%| O|  |TAMS 0x00000000a4c00000| PB 0x00000000a4b00000| Untracked 
|  76|0x00000000a4c00000, 0x00000000a4d00000, 0x00000000a4d00000|100%| O|  |TAMS 0x00000000a4d00000| PB 0x00000000a4c00000| Untracked 
|  77|0x00000000a4d00000, 0x00000000a4e00000, 0x00000000a4e00000|100%| O|  |TAMS 0x00000000a4e00000| PB 0x00000000a4d00000| Untracked 
|  78|0x00000000a4e00000, 0x00000000a4f00000, 0x00000000a4f00000|100%| O|  |TAMS 0x00000000a4f00000| PB 0x00000000a4e00000| Untracked 
|  79|0x00000000a4f00000, 0x00000000a5000000, 0x00000000a5000000|100%| O|  |TAMS 0x00000000a5000000| PB 0x00000000a4f00000| Untracked 
|  80|0x00000000a5000000, 0x00000000a5100000, 0x00000000a5100000|100%| O|  |TAMS 0x00000000a5100000| PB 0x00000000a5000000| Untracked 
|  81|0x00000000a5100000, 0x00000000a5200000, 0x00000000a5200000|100%| O|  |TAMS 0x00000000a5200000| PB 0x00000000a5100000| Untracked 
|  82|0x00000000a5200000, 0x00000000a5300000, 0x00000000a5300000|100%| O|  |TAMS 0x00000000a5300000| PB 0x00000000a5200000| Untracked 
|  83|0x00000000a5300000, 0x00000000a5400000, 0x00000000a5400000|100%| O|  |TAMS 0x00000000a5400000| PB 0x00000000a5300000| Untracked 
|  84|0x00000000a5400000, 0x00000000a5500000, 0x00000000a5500000|100%| O|  |TAMS 0x00000000a5500000| PB 0x00000000a5400000| Untracked 
|  85|0x00000000a5500000, 0x00000000a5600000, 0x00000000a5600000|100%| O|  |TAMS 0x00000000a5600000| PB 0x00000000a5500000| Untracked 
|  86|0x00000000a5600000, 0x00000000a5700000, 0x00000000a5700000|100%| O|  |TAMS 0x00000000a5700000| PB 0x00000000a5600000| Untracked 
|  87|0x00000000a5700000, 0x00000000a5800000, 0x00000000a5800000|100%| O|  |TAMS 0x00000000a5800000| PB 0x00000000a5700000| Untracked 
|  88|0x00000000a5800000, 0x00000000a5900000, 0x00000000a5900000|100%| O|  |TAMS 0x00000000a5900000| PB 0x00000000a5800000| Untracked 
|  89|0x00000000a5900000, 0x00000000a5a00000, 0x00000000a5a00000|100%| O|  |TAMS 0x00000000a5a00000| PB 0x00000000a5900000| Untracked 
|  90|0x00000000a5a00000, 0x00000000a5b00000, 0x00000000a5b00000|100%| O|  |TAMS 0x00000000a5b00000| PB 0x00000000a5a00000| Untracked 
|  91|0x00000000a5b00000, 0x00000000a5c00000, 0x00000000a5c00000|100%| O|  |TAMS 0x00000000a5c00000| PB 0x00000000a5b00000| Untracked 
|  92|0x00000000a5c00000, 0x00000000a5d00000, 0x00000000a5d00000|100%| O|  |TAMS 0x00000000a5d00000| PB 0x00000000a5c00000| Untracked 
|  93|0x00000000a5d00000, 0x00000000a5e00000, 0x00000000a5e00000|100%| O|  |TAMS 0x00000000a5e00000| PB 0x00000000a5d00000| Untracked 
|  94|0x00000000a5e00000, 0x00000000a5f00000, 0x00000000a5f00000|100%| O|  |TAMS 0x00000000a5f00000| PB 0x00000000a5e00000| Untracked 
|  95|0x00000000a5f00000, 0x00000000a6000000, 0x00000000a6000000|100%| O|  |TAMS 0x00000000a6000000| PB 0x00000000a5f00000| Untracked 
|  96|0x00000000a6000000, 0x00000000a6100000, 0x00000000a6100000|100%| O|  |TAMS 0x00000000a6100000| PB 0x00000000a6000000| Untracked 
|  97|0x00000000a6100000, 0x00000000a6200000, 0x00000000a6200000|100%| O|  |TAMS 0x00000000a6200000| PB 0x00000000a6100000| Untracked 
|  98|0x00000000a6200000, 0x00000000a6300000, 0x00000000a6300000|100%| O|  |TAMS 0x00000000a6300000| PB 0x00000000a6200000| Untracked 
|  99|0x00000000a6300000, 0x00000000a6400000, 0x00000000a6400000|100%| O|  |TAMS 0x00000000a6400000| PB 0x00000000a6300000| Untracked 
| 100|0x00000000a6400000, 0x00000000a6500000, 0x00000000a6500000|100%| O|  |TAMS 0x00000000a6500000| PB 0x00000000a6400000| Untracked 
| 101|0x00000000a6500000, 0x00000000a6600000, 0x00000000a6600000|100%| O|  |TAMS 0x00000000a6600000| PB 0x00000000a6500000| Untracked 
| 102|0x00000000a6600000, 0x00000000a6700000, 0x00000000a6700000|100%| O|  |TAMS 0x00000000a6700000| PB 0x00000000a6600000| Untracked 
| 103|0x00000000a6700000, 0x00000000a6800000, 0x00000000a6800000|100%| O|  |TAMS 0x00000000a6800000| PB 0x00000000a6700000| Untracked 
| 104|0x00000000a6800000, 0x00000000a6900000, 0x00000000a6900000|100%| O|  |TAMS 0x00000000a6900000| PB 0x00000000a6800000| Untracked 
| 105|0x00000000a6900000, 0x00000000a6a00000, 0x00000000a6a00000|100%| O|  |TAMS 0x00000000a6a00000| PB 0x00000000a6900000| Untracked 
| 106|0x00000000a6a00000, 0x00000000a6b00000, 0x00000000a6b00000|100%| O|  |TAMS 0x00000000a6b00000| PB 0x00000000a6a00000| Untracked 
| 107|0x00000000a6b00000, 0x00000000a6c00000, 0x00000000a6c00000|100%| O|  |TAMS 0x00000000a6b00000| PB 0x00000000a6b00000| Untracked 
| 108|0x00000000a6c00000, 0x00000000a6d00000, 0x00000000a6d00000|100%| O|  |TAMS 0x00000000a6d00000| PB 0x00000000a6c00000| Untracked 
| 109|0x00000000a6d00000, 0x00000000a6e00000, 0x00000000a6e00000|100%| O|  |TAMS 0x00000000a6e00000| PB 0x00000000a6d00000| Untracked 
| 110|0x00000000a6e00000, 0x00000000a6f00000, 0x00000000a6f00000|100%| O|  |TAMS 0x00000000a6f00000| PB 0x00000000a6e00000| Untracked 
| 111|0x00000000a6f00000, 0x00000000a7000000, 0x00000000a7000000|100%| O|  |TAMS 0x00000000a7000000| PB 0x00000000a6f00000| Untracked 
| 112|0x00000000a7000000, 0x00000000a7100000, 0x00000000a7100000|100%| O|  |TAMS 0x00000000a7000000| PB 0x00000000a7000000| Untracked 
| 113|0x00000000a7100000, 0x00000000a7200000, 0x00000000a7200000|100%| O|  |TAMS 0x00000000a7200000| PB 0x00000000a7100000| Untracked 
| 114|0x00000000a7200000, 0x00000000a7300000, 0x00000000a7300000|100%| O|  |TAMS 0x00000000a7300000| PB 0x00000000a7200000| Untracked 
| 115|0x00000000a7300000, 0x00000000a7400000, 0x00000000a7400000|100%| O|  |TAMS 0x00000000a7400000| PB 0x00000000a7300000| Untracked 
| 116|0x00000000a7400000, 0x00000000a7500000, 0x00000000a7500000|100%| O|  |TAMS 0x00000000a7500000| PB 0x00000000a7400000| Untracked 
| 117|0x00000000a7500000, 0x00000000a7600000, 0x00000000a7600000|100%| O|  |TAMS 0x00000000a7600000| PB 0x00000000a7500000| Untracked 
| 118|0x00000000a7600000, 0x00000000a7700000, 0x00000000a7700000|100%| O|  |TAMS 0x00000000a7700000| PB 0x00000000a7600000| Untracked 
| 119|0x00000000a7700000, 0x00000000a7800000, 0x00000000a7800000|100%| O|  |TAMS 0x00000000a7800000| PB 0x00000000a7700000| Untracked 
| 120|0x00000000a7800000, 0x00000000a7900000, 0x00000000a7900000|100%| O|  |TAMS 0x00000000a7900000| PB 0x00000000a7800000| Untracked 
| 121|0x00000000a7900000, 0x00000000a7a00000, 0x00000000a7a00000|100%| O|  |TAMS 0x00000000a7a00000| PB 0x00000000a7900000| Untracked 
| 122|0x00000000a7a00000, 0x00000000a7b00000, 0x00000000a7b00000|100%| O|  |TAMS 0x00000000a7a00000| PB 0x00000000a7a00000| Untracked 
| 123|0x00000000a7b00000, 0x00000000a7c00000, 0x00000000a7c00000|100%| O|  |TAMS 0x00000000a7b00000| PB 0x00000000a7b00000| Untracked 
| 124|0x00000000a7c00000, 0x00000000a7d00000, 0x00000000a7d00000|100%| O|  |TAMS 0x00000000a7c00000| PB 0x00000000a7c00000| Untracked 
| 125|0x00000000a7d00000, 0x00000000a7e00000, 0x00000000a7e00000|100%| O|  |TAMS 0x00000000a7d00000| PB 0x00000000a7d00000| Untracked 
| 126|0x00000000a7e00000, 0x00000000a7e3aa40, 0x00000000a7f00000| 22%| O|  |TAMS 0x00000000a7e00000| PB 0x00000000a7e00000| Untracked 
| 127|0x00000000a7f00000, 0x00000000a7f00000, 0x00000000a8000000|  0%| F|  |TAMS 0x00000000a7f00000| PB 0x00000000a7f00000| Untracked 
| 128|0x00000000a8000000, 0x00000000a8100000, 0x00000000a8100000|100%| O|  |TAMS 0x00000000a8100000| PB 0x00000000a8000000| Untracked 
| 129|0x00000000a8100000, 0x00000000a8100000, 0x00000000a8200000|  0%| F|  |TAMS 0x00000000a8100000| PB 0x00000000a8100000| Untracked 
| 130|0x00000000a8200000, 0x00000000a8200000, 0x00000000a8300000|  0%| F|  |TAMS 0x00000000a8200000| PB 0x00000000a8200000| Untracked 
| 131|0x00000000a8300000, 0x00000000a8300000, 0x00000000a8400000|  0%| F|  |TAMS 0x00000000a8300000| PB 0x00000000a8300000| Untracked 
| 132|0x00000000a8400000, 0x00000000a8400000, 0x00000000a8500000|  0%| F|  |TAMS 0x00000000a8400000| PB 0x00000000a8400000| Untracked 
| 133|0x00000000a8500000, 0x00000000a8500000, 0x00000000a8600000|  0%| F|  |TAMS 0x00000000a8500000| PB 0x00000000a8500000| Untracked 
| 134|0x00000000a8600000, 0x00000000a8600000, 0x00000000a8700000|  0%| F|  |TAMS 0x00000000a8600000| PB 0x00000000a8600000| Untracked 
| 135|0x00000000a8700000, 0x00000000a8700000, 0x00000000a8800000|  0%| F|  |TAMS 0x00000000a8700000| PB 0x00000000a8700000| Untracked 
| 136|0x00000000a8800000, 0x00000000a8800000, 0x00000000a8900000|  0%| F|  |TAMS 0x00000000a8800000| PB 0x00000000a8800000| Untracked 
| 137|0x00000000a8900000, 0x00000000a8900000, 0x00000000a8a00000|  0%| F|  |TAMS 0x00000000a8900000| PB 0x00000000a8900000| Untracked 
| 138|0x00000000a8a00000, 0x00000000a8a00000, 0x00000000a8b00000|  0%| F|  |TAMS 0x00000000a8a00000| PB 0x00000000a8a00000| Untracked 
| 139|0x00000000a8b00000, 0x00000000a8b00000, 0x00000000a8c00000|  0%| F|  |TAMS 0x00000000a8b00000| PB 0x00000000a8b00000| Untracked 
| 140|0x00000000a8c00000, 0x00000000a8c00000, 0x00000000a8d00000|  0%| F|  |TAMS 0x00000000a8c00000| PB 0x00000000a8c00000| Untracked 
| 141|0x00000000a8d00000, 0x00000000a8d00000, 0x00000000a8e00000|  0%| F|  |TAMS 0x00000000a8d00000| PB 0x00000000a8d00000| Untracked 
| 142|0x00000000a8e00000, 0x00000000a8e00000, 0x00000000a8f00000|  0%| F|  |TAMS 0x00000000a8e00000| PB 0x00000000a8e00000| Untracked 
| 143|0x00000000a8f00000, 0x00000000a8f00000, 0x00000000a9000000|  0%| F|  |TAMS 0x00000000a8f00000| PB 0x00000000a8f00000| Untracked 
| 144|0x00000000a9000000, 0x00000000a9000000, 0x00000000a9100000|  0%| F|  |TAMS 0x00000000a9000000| PB 0x00000000a9000000| Untracked 
| 145|0x00000000a9100000, 0x00000000a9100000, 0x00000000a9200000|  0%| F|  |TAMS 0x00000000a9100000| PB 0x00000000a9100000| Untracked 
| 146|0x00000000a9200000, 0x00000000a9200000, 0x00000000a9300000|  0%| F|  |TAMS 0x00000000a9200000| PB 0x00000000a9200000| Untracked 
| 147|0x00000000a9300000, 0x00000000a9300000, 0x00000000a9400000|  0%| F|  |TAMS 0x00000000a9300000| PB 0x00000000a9300000| Untracked 
| 148|0x00000000a9400000, 0x00000000a9400000, 0x00000000a9500000|  0%| F|  |TAMS 0x00000000a9400000| PB 0x00000000a9400000| Untracked 
| 149|0x00000000a9500000, 0x00000000a9500000, 0x00000000a9600000|  0%| F|  |TAMS 0x00000000a9500000| PB 0x00000000a9500000| Untracked 
| 150|0x00000000a9600000, 0x00000000a9600000, 0x00000000a9700000|  0%| F|  |TAMS 0x00000000a9600000| PB 0x00000000a9600000| Untracked 
| 151|0x00000000a9700000, 0x00000000a9700000, 0x00000000a9800000|  0%| F|  |TAMS 0x00000000a9700000| PB 0x00000000a9700000| Untracked 
| 152|0x00000000a9800000, 0x00000000a9800000, 0x00000000a9900000|  0%| F|  |TAMS 0x00000000a9800000| PB 0x00000000a9800000| Untracked 
| 153|0x00000000a9900000, 0x00000000a9900000, 0x00000000a9a00000|  0%| F|  |TAMS 0x00000000a9900000| PB 0x00000000a9900000| Untracked 
| 154|0x00000000a9a00000, 0x00000000a9a00000, 0x00000000a9b00000|  0%| F|  |TAMS 0x00000000a9a00000| PB 0x00000000a9a00000| Untracked 
| 155|0x00000000a9b00000, 0x00000000a9b00000, 0x00000000a9c00000|  0%| F|  |TAMS 0x00000000a9b00000| PB 0x00000000a9b00000| Untracked 
| 156|0x00000000a9c00000, 0x00000000a9c00000, 0x00000000a9d00000|  0%| F|  |TAMS 0x00000000a9c00000| PB 0x00000000a9c00000| Untracked 
| 157|0x00000000a9d00000, 0x00000000a9d00000, 0x00000000a9e00000|  0%| F|  |TAMS 0x00000000a9d00000| PB 0x00000000a9d00000| Untracked 
| 158|0x00000000a9e00000, 0x00000000a9e00000, 0x00000000a9f00000|  0%| F|  |TAMS 0x00000000a9e00000| PB 0x00000000a9e00000| Untracked 
| 159|0x00000000a9f00000, 0x00000000a9f00000, 0x00000000aa000000|  0%| F|  |TAMS 0x00000000a9f00000| PB 0x00000000a9f00000| Untracked 
| 160|0x00000000aa000000, 0x00000000aa000000, 0x00000000aa100000|  0%| F|  |TAMS 0x00000000aa000000| PB 0x00000000aa000000| Untracked 
| 161|0x00000000aa100000, 0x00000000aa100000, 0x00000000aa200000|  0%| F|  |TAMS 0x00000000aa100000| PB 0x00000000aa100000| Untracked 
| 162|0x00000000aa200000, 0x00000000aa200000, 0x00000000aa300000|  0%| F|  |TAMS 0x00000000aa200000| PB 0x00000000aa200000| Untracked 
| 163|0x00000000aa300000, 0x00000000aa300000, 0x00000000aa400000|  0%| F|  |TAMS 0x00000000aa300000| PB 0x00000000aa300000| Untracked 
| 164|0x00000000aa400000, 0x00000000aa400000, 0x00000000aa500000|  0%| F|  |TAMS 0x00000000aa400000| PB 0x00000000aa400000| Untracked 
| 165|0x00000000aa500000, 0x00000000aa500000, 0x00000000aa600000|  0%| F|  |TAMS 0x00000000aa500000| PB 0x00000000aa500000| Untracked 
| 166|0x00000000aa600000, 0x00000000aa600000, 0x00000000aa700000|  0%| F|  |TAMS 0x00000000aa600000| PB 0x00000000aa600000| Untracked 
| 167|0x00000000aa700000, 0x00000000aa700000, 0x00000000aa800000|  0%| F|  |TAMS 0x00000000aa700000| PB 0x00000000aa700000| Untracked 
| 168|0x00000000aa800000, 0x00000000aa800000, 0x00000000aa900000|  0%| F|  |TAMS 0x00000000aa800000| PB 0x00000000aa800000| Untracked 
| 169|0x00000000aa900000, 0x00000000aa900000, 0x00000000aaa00000|  0%| F|  |TAMS 0x00000000aa900000| PB 0x00000000aa900000| Untracked 
| 170|0x00000000aaa00000, 0x00000000aaa00000, 0x00000000aab00000|  0%| F|  |TAMS 0x00000000aaa00000| PB 0x00000000aaa00000| Untracked 
| 171|0x00000000aab00000, 0x00000000aab00000, 0x00000000aac00000|  0%| F|  |TAMS 0x00000000aab00000| PB 0x00000000aab00000| Untracked 
| 172|0x00000000aac00000, 0x00000000aac00000, 0x00000000aad00000|  0%| F|  |TAMS 0x00000000aac00000| PB 0x00000000aac00000| Untracked 
| 173|0x00000000aad00000, 0x00000000aad00000, 0x00000000aae00000|  0%| F|  |TAMS 0x00000000aad00000| PB 0x00000000aad00000| Untracked 
| 174|0x00000000aae00000, 0x00000000aae00000, 0x00000000aaf00000|  0%| F|  |TAMS 0x00000000aae00000| PB 0x00000000aae00000| Untracked 
| 175|0x00000000aaf00000, 0x00000000aaf00000, 0x00000000ab000000|  0%| F|  |TAMS 0x00000000aaf00000| PB 0x00000000aaf00000| Untracked 
| 176|0x00000000ab000000, 0x00000000ab000000, 0x00000000ab100000|  0%| F|  |TAMS 0x00000000ab000000| PB 0x00000000ab000000| Untracked 
| 177|0x00000000ab100000, 0x00000000ab100000, 0x00000000ab200000|  0%| F|  |TAMS 0x00000000ab100000| PB 0x00000000ab100000| Untracked 
| 178|0x00000000ab200000, 0x00000000ab200000, 0x00000000ab300000|  0%| F|  |TAMS 0x00000000ab200000| PB 0x00000000ab200000| Untracked 
| 179|0x00000000ab300000, 0x00000000ab300000, 0x00000000ab400000|  0%| F|  |TAMS 0x00000000ab300000| PB 0x00000000ab300000| Untracked 
| 180|0x00000000ab400000, 0x00000000ab400000, 0x00000000ab500000|  0%| F|  |TAMS 0x00000000ab400000| PB 0x00000000ab400000| Untracked 
| 181|0x00000000ab500000, 0x00000000ab500000, 0x00000000ab600000|  0%| F|  |TAMS 0x00000000ab500000| PB 0x00000000ab500000| Untracked 
| 182|0x00000000ab600000, 0x00000000ab600000, 0x00000000ab700000|  0%| F|  |TAMS 0x00000000ab600000| PB 0x00000000ab600000| Untracked 
| 183|0x00000000ab700000, 0x00000000ab700000, 0x00000000ab800000|  0%| F|  |TAMS 0x00000000ab700000| PB 0x00000000ab700000| Untracked 
| 184|0x00000000ab800000, 0x00000000ab800000, 0x00000000ab900000|  0%| F|  |TAMS 0x00000000ab800000| PB 0x00000000ab800000| Untracked 
| 185|0x00000000ab900000, 0x00000000ab900000, 0x00000000aba00000|  0%| F|  |TAMS 0x00000000ab900000| PB 0x00000000ab900000| Untracked 
| 186|0x00000000aba00000, 0x00000000aba00000, 0x00000000abb00000|  0%| F|  |TAMS 0x00000000aba00000| PB 0x00000000aba00000| Untracked 
| 187|0x00000000abb00000, 0x00000000abb00000, 0x00000000abc00000|  0%| F|  |TAMS 0x00000000abb00000| PB 0x00000000abb00000| Untracked 
| 188|0x00000000abc00000, 0x00000000abc00000, 0x00000000abd00000|  0%| F|  |TAMS 0x00000000abc00000| PB 0x00000000abc00000| Untracked 
| 189|0x00000000abd00000, 0x00000000abd00000, 0x00000000abe00000|  0%| F|  |TAMS 0x00000000abd00000| PB 0x00000000abd00000| Untracked 
| 190|0x00000000abe00000, 0x00000000abe00000, 0x00000000abf00000|  0%| F|  |TAMS 0x00000000abe00000| PB 0x00000000abe00000| Untracked 
| 191|0x00000000abf00000, 0x00000000abf00000, 0x00000000ac000000|  0%| F|  |TAMS 0x00000000abf00000| PB 0x00000000abf00000| Untracked 
| 192|0x00000000ac000000, 0x00000000ac000000, 0x00000000ac100000|  0%| F|  |TAMS 0x00000000ac000000| PB 0x00000000ac000000| Untracked 
| 193|0x00000000ac100000, 0x00000000ac100000, 0x00000000ac200000|  0%| F|  |TAMS 0x00000000ac100000| PB 0x00000000ac100000| Untracked 
| 194|0x00000000ac200000, 0x00000000ac200000, 0x00000000ac300000|  0%| F|  |TAMS 0x00000000ac200000| PB 0x00000000ac200000| Untracked 
| 223|0x00000000adf00000, 0x00000000adf00000, 0x00000000ae000000|  0%| F|  |TAMS 0x00000000adf00000| PB 0x00000000adf00000| Untracked 
|1519|0x00000000fef00000, 0x00000000ff000000, 0x00000000ff000000|100%| O|  |TAMS 0x00000000fef889c8| PB 0x00000000fef00000| Untracked 
|1520|0x00000000ff000000, 0x00000000ff100000, 0x00000000ff100000|100%| O|  |TAMS 0x00000000ff100000| PB 0x00000000ff000000| Untracked 
|1521|0x00000000ff100000, 0x00000000ff100000, 0x00000000ff200000|  0%| F|  |TAMS 0x00000000ff100000| PB 0x00000000ff100000| Untracked 
|1522|0x00000000ff200000, 0x00000000ff300000, 0x00000000ff300000|100%| O|  |TAMS 0x00000000ff300000| PB 0x00000000ff200000| Untracked 
|1523|0x00000000ff300000, 0x00000000ff400000, 0x00000000ff400000|100%| O|  |TAMS 0x00000000ff400000| PB 0x00000000ff300000| Untracked 
|1524|0x00000000ff400000, 0x00000000ff500000, 0x00000000ff500000|100%| O|  |TAMS 0x00000000ff500000| PB 0x00000000ff400000| Untracked 
|1525|0x00000000ff500000, 0x00000000ff5796b0, 0x00000000ff600000| 47%| S|CS|TAMS 0x00000000ff500000| PB 0x00000000ff500000| Complete 
|1526|0x00000000ff600000, 0x00000000ff700000, 0x00000000ff700000|100%| S|CS|TAMS 0x00000000ff600000| PB 0x00000000ff600000| Complete 
|1527|0x00000000ff700000, 0x00000000ff700000, 0x00000000ff800000|  0%| F|  |TAMS 0x00000000ff700000| PB 0x00000000ff700000| Untracked 
|1528|0x00000000ff800000, 0x00000000ff800000, 0x00000000ff900000|  0%| F|  |TAMS 0x00000000ff800000| PB 0x00000000ff800000| Untracked 
|1529|0x00000000ff900000, 0x00000000ffa00000, 0x00000000ffa00000|100%| O|  |TAMS 0x00000000ffa00000| PB 0x00000000ff900000| Untracked 
|1530|0x00000000ffa00000, 0x00000000ffb00000, 0x00000000ffb00000|100%| O|  |TAMS 0x00000000ffb00000| PB 0x00000000ffa00000| Untracked 
|1531|0x00000000ffb00000, 0x00000000ffc00000, 0x00000000ffc00000|100%| O|  |TAMS 0x00000000ffc00000| PB 0x00000000ffb00000| Untracked 
|1532|0x00000000ffc00000, 0x00000000ffd00000, 0x00000000ffd00000|100%| O|  |TAMS 0x00000000ffd00000| PB 0x00000000ffc00000| Untracked 
|1533|0x00000000ffd00000, 0x00000000ffe00000, 0x00000000ffe00000|100%| O|  |TAMS 0x00000000ffe00000| PB 0x00000000ffd00000| Untracked 
|1534|0x00000000ffe00000, 0x00000000fff00000, 0x00000000fff00000|100%| O|  |TAMS 0x00000000fff00000| PB 0x00000000ffe00000| Untracked 
|1535|0x00000000fff00000, 0x00000000fff42100, 0x0000000100000000| 25%| E|  |TAMS 0x00000000fff00000| PB 0x00000000fff00000| Complete 

Card table byte_map: [0x000001bb8c960000,0x000001bb8cc60000] _byte_map_base: 0x000001bb8c460000

Marking Bits: (CMBitMap*) 0x000001bbffda60e0
 Bits: [0x000001bb8cc60000, 0x000001bb8e460000)

Polling page: 0x000001bbfee40000

Metaspace:

Usage:
  Non-class:    123.34 MB used.
      Class:     18.98 MB used.
       Both:    142.32 MB used.

Virtual space:
  Non-class space:      128.00 MB reserved,     124.75 MB ( 97%) committed,  2 nodes.
      Class space:      416.00 MB reserved,      20.38 MB (  5%) committed,  1 nodes.
             Both:      544.00 MB reserved,     145.12 MB ( 27%) committed. 

Chunk freelists:
   Non-Class:  2.69 MB
       Class:  11.67 MB
        Both:  14.36 MB

MaxMetaspaceSize: 512.00 MB
CompressedClassSpaceSize: 416.00 MB
Initial GC threshold: 21.00 MB
Current GC threshold: 227.62 MB
CDS: on
 - commit_granule_bytes: 65536.
 - commit_granule_words: 8192.
 - virtual_space_node_default_size: 8388608.
 - enlarge_chunks_in_place: 1.
 - use_allocation_guard: 0.


Internal statistics:

num_allocs_failed_limit: 6.
num_arena_births: 5212.
num_arena_deaths: 0.
num_vsnodes_births: 3.
num_vsnodes_deaths: 0.
num_space_committed: 2320.
num_space_uncommitted: 0.
num_chunks_returned_to_freelist: 6.
num_chunks_taken_from_freelist: 11654.
num_chunk_merges: 3.
num_chunk_splits: 7967.
num_chunks_enlarged: 5307.
num_inconsistent_stats: 0.

CodeCache: size=131072Kb used=41474Kb max_used=41484Kb free=89597Kb
 bounds [0x000001bb84550000, 0x000001bb86de0000, 0x000001bb8c550000]
 total_blobs=15040, nmethods=13844, adapters=1098, full_count=0
Compilation: enabled, stopped_count=0, restarted_count=0

Compilation events (20 events):
Event: 77.442 Thread 0x000001bbb7516620 nmethod 17480 0x000001bb86dcf790 code [0x000001bb86dcfac0, 0x000001bb86dd1780]
Event: 77.445 Thread 0x000001bbac064ec0 17510       3       org.gradle.internal.execution.DefaultWorkExecutionTracker$OperationListener::progress (1 bytes)
Event: 77.446 Thread 0x000001bbac064ec0 nmethod 17510 0x000001bb86dba690 code [0x000001bb86dba820, 0x000001bb86dba928]
Event: 77.447 Thread 0x000001bbb7515880 17511       4       java.io.ObjectOutputStream::writeClassDesc (60 bytes)
Event: 77.448 Thread 0x000001bbac03dfe0 nmethod 17505 0x000001bb86dcbf90 code [0x000001bb86dcc200, 0x000001bb86dcccb8]
Event: 77.448 Thread 0x000001bbac064ec0 17512       3       org.gradle.internal.watch.registry.impl.AbstractFileWatcherUpdater::virtualFileSystemContentsChanged (20 bytes)
Event: 77.448 Thread 0x000001bbac03dfe0 17513       4       org.gradle.internal.snapshot.VfsRelativePath::normalizeRoot (50 bytes)
Event: 77.448 Thread 0x000001bbb7516620 17514       4       org.gradle.internal.snapshot.VfsRelativePath::determineOffset (34 bytes)
Event: 77.449 Thread 0x000001bbac064ec0 nmethod 17512 0x000001bb86dc2490 code [0x000001bb86dc26e0, 0x000001bb86dc2fe8]
Event: 77.452 Thread 0x000001bbb7516620 nmethod 17514 0x000001bb86dba110 code [0x000001bb86dba2c0, 0x000001bb86dba430]
Event: 77.452 Thread 0x000001bbac03dfe0 nmethod 17513 0x000001bb86dc0310 code [0x000001bb86dc04c0, 0x000001bb86dc07c0]
Event: 77.453 Thread 0x000001bbac03dfe0 17515       4       org.gradle.internal.snapshot.VfsRelativePath::hasPrefix (15 bytes)
Event: 77.455 Thread 0x000001bbac03dfe0 nmethod 17515 0x000001bb86dc0010 code [0x000001bb86dc01a0, 0x000001bb86dc0268]
Event: 77.458 Thread 0x000001bbac064ec0 17517       3       org.gradle.api.internal.artifacts.transform.AbstractTransformedArtifactSet$CalculateArtifacts::calculateValue (85 bytes)
Event: 77.459 Thread 0x000001bbac064ec0 nmethod 17517 0x000001bb86dc0a10 code [0x000001bb86dc0ce0, 0x000001bb86dc1ca8]
Event: 77.459 Thread 0x000001bbac064ec0 17516       3       org.gradle.api.internal.artifacts.transform.AbstractTransformedArtifactSet$CalculateArtifacts::calculateValue (6 bytes)
Event: 77.460 Thread 0x000001bbac064ec0 nmethod 17516 0x000001bb86dbfc10 code [0x000001bb86dbfdc0, 0x000001bb86dbff18]
Event: 77.462 Thread 0x000001bbac03dfe0 17518       4       org.gradle.internal.snapshot.ChildMap$Entry::handleAncestorDescendantOrExactMatch (110 bytes)
Event: 77.471 Thread 0x000001bbac03dfe0 nmethod 17518 0x000001bb86dc7510 code [0x000001bb86dc7740, 0x000001bb86dc7df0]
Event: 77.501 Thread 0x000001bbac03dfe0 17519       4       com.google.common.collect.ImmutableMap$Builder::build (170 bytes)

GC Heap History (20 events):
Event: 39.620 GC heap after
{Heap after GC invocations=40 (full 0):
 garbage-first heap   total 174080K, used 109409K [0x00000000a0000000, 0x0000000100000000)
  region size 1024K, 6 young (6144K), 6 survivors (6144K)
 Metaspace       used 102109K, committed 104704K, reserved 557056K
  class space    used 14316K, committed 15552K, reserved 425984K
}
Event: 41.291 GC heap before
{Heap before GC invocations=40 (full 0):
 garbage-first heap   total 174080K, used 156513K [0x00000000a0000000, 0x0000000100000000)
  region size 1024K, 52 young (53248K), 6 survivors (6144K)
 Metaspace       used 107821K, committed 110336K, reserved 557056K
  class space    used 15083K, committed 16320K, reserved 425984K
}
Event: 41.299 GC heap after
{Heap after GC invocations=41 (full 0):
 garbage-first heap   total 174080K, used 112925K [0x00000000a0000000, 0x0000000100000000)
  region size 1024K, 6 young (6144K), 6 survivors (6144K)
 Metaspace       used 107821K, committed 110336K, reserved 557056K
  class space    used 15083K, committed 16320K, reserved 425984K
}
Event: 42.472 GC heap before
{Heap before GC invocations=42 (full 0):
 garbage-first heap   total 191488K, used 160029K [0x00000000a0000000, 0x0000000100000000)
  region size 1024K, 51 young (52224K), 6 survivors (6144K)
 Metaspace       used 109950K, committed 112512K, reserved 557056K
  class space    used 15330K, committed 16576K, reserved 425984K
}
Event: 42.479 GC heap after
{Heap after GC invocations=43 (full 0):
 garbage-first heap   total 191488K, used 115752K [0x00000000a0000000, 0x0000000100000000)
  region size 1024K, 6 young (6144K), 6 survivors (6144K)
 Metaspace       used 109950K, committed 112512K, reserved 557056K
  class space    used 15330K, committed 16576K, reserved 425984K
}
Event: 44.806 GC heap before
{Heap before GC invocations=43 (full 0):
 garbage-first heap   total 191488K, used 174120K [0x00000000a0000000, 0x0000000100000000)
  region size 1024K, 63 young (64512K), 6 survivors (6144K)
 Metaspace       used 112837K, committed 115392K, reserved 557056K
  class space    used 15616K, committed 16832K, reserved 425984K
}
Event: 44.820 GC heap after
{Heap after GC invocations=44 (full 0):
 garbage-first heap   total 191488K, used 119374K [0x00000000a0000000, 0x0000000100000000)
  region size 1024K, 8 young (8192K), 8 survivors (8192K)
 Metaspace       used 112837K, committed 115392K, reserved 557056K
  class space    used 15616K, committed 16832K, reserved 425984K
}
Event: 47.212 GC heap before
{Heap before GC invocations=44 (full 0):
 garbage-first heap   total 191488K, used 174670K [0x00000000a0000000, 0x0000000100000000)
  region size 1024K, 62 young (63488K), 8 survivors (8192K)
 Metaspace       used 117598K, committed 120192K, reserved 557056K
  class space    used 16096K, committed 17344K, reserved 425984K
}
Event: 47.223 GC heap after
{Heap after GC invocations=45 (full 0):
 garbage-first heap   total 191488K, used 125285K [0x00000000a0000000, 0x0000000100000000)
  region size 1024K, 6 young (6144K), 6 survivors (6144K)
 Metaspace       used 117598K, committed 120192K, reserved 557056K
  class space    used 16096K, committed 17344K, reserved 425984K
}
Event: 48.601 GC heap before
{Heap before GC invocations=46 (full 0):
 garbage-first heap   total 209920K, used 176485K [0x00000000a0000000, 0x0000000100000000)
  region size 1024K, 56 young (57344K), 6 survivors (6144K)
 Metaspace       used 123331K, committed 125952K, reserved 557056K
  class space    used 16782K, committed 18048K, reserved 425984K
}
Event: 48.611 GC heap after
{Heap after GC invocations=47 (full 0):
 garbage-first heap   total 209920K, used 129326K [0x00000000a0000000, 0x0000000100000000)
  region size 1024K, 4 young (4096K), 4 survivors (4096K)
 Metaspace       used 123331K, committed 125952K, reserved 557056K
  class space    used 16782K, committed 18048K, reserved 425984K
}
Event: 50.846 GC heap before
{Heap before GC invocations=47 (full 0):
 garbage-first heap   total 209920K, used 191790K [0x00000000a0000000, 0x0000000100000000)
  region size 1024K, 65 young (66560K), 4 survivors (4096K)
 Metaspace       used 132844K, committed 135488K, reserved 557056K
  class space    used 17616K, committed 18880K, reserved 425984K
}
Event: 50.858 GC heap after
{Heap after GC invocations=48 (full 0):
 garbage-first heap   total 209920K, used 130356K [0x00000000a0000000, 0x0000000100000000)
  region size 1024K, 6 young (6144K), 6 survivors (6144K)
 Metaspace       used 132844K, committed 135488K, reserved 557056K
  class space    used 17616K, committed 18880K, reserved 425984K
}
Event: 54.346 GC heap before
{Heap before GC invocations=48 (full 0):
 garbage-first heap   total 209920K, used 193844K [0x00000000a0000000, 0x0000000100000000)
  region size 1024K, 68 young (69632K), 6 survivors (6144K)
 Metaspace       used 137066K, committed 139776K, reserved 557056K
  class space    used 18162K, committed 19520K, reserved 425984K
}
Event: 54.362 GC heap after
{Heap after GC invocations=49 (full 0):
 garbage-first heap   total 209920K, used 128142K [0x00000000a0000000, 0x0000000100000000)
  region size 1024K, 7 young (7168K), 7 survivors (7168K)
 Metaspace       used 137066K, committed 139776K, reserved 557056K
  class space    used 18162K, committed 19520K, reserved 425984K
}
Event: 59.306 GC heap before
{Heap before GC invocations=50 (full 0):
 garbage-first heap   total 215040K, used 193678K [0x00000000a0000000, 0x0000000100000000)
  region size 1024K, 71 young (72704K), 7 survivors (7168K)
 Metaspace       used 141304K, committed 144064K, reserved 557056K
  class space    used 18872K, committed 20224K, reserved 425984K
}
Event: 59.318 GC heap after
{Heap after GC invocations=51 (full 0):
 garbage-first heap   total 215040K, used 135766K [0x00000000a0000000, 0x0000000100000000)
  region size 1024K, 9 young (9216K), 9 survivors (9216K)
 Metaspace       used 141304K, committed 144064K, reserved 557056K
  class space    used 18872K, committed 20224K, reserved 425984K
}
Event: 76.362 GC heap before
{Heap before GC invocations=51 (full 0):
 garbage-first heap   total 215040K, used 197206K [0x00000000a0000000, 0x0000000100000000)
  region size 1024K, 70 young (71680K), 9 survivors (9216K)
 Metaspace       used 145715K, committed 148608K, reserved 557056K
  class space    used 19436K, committed 20864K, reserved 425984K
}
Event: 77.351 GC heap after
{Heap after GC invocations=52 (full 0):
 garbage-first heap   total 218112K, used 141467K [0x00000000a0000000, 0x0000000100000000)
  region size 1024K, 7 young (7168K), 7 survivors (7168K)
 Metaspace       used 145715K, committed 148608K, reserved 557056K
  class space    used 19436K, committed 20864K, reserved 425984K
}
Event: 78.554 GC heap before
{Heap before GC invocations=52 (full 0):
 garbage-first heap   total 218112K, used 144539K [0x00000000a0000000, 0x0000000100000000)
  region size 1024K, 10 young (10240K), 7 survivors (7168K)
 Metaspace       used 145740K, committed 148608K, reserved 557056K
  class space    used 19438K, committed 20864K, reserved 425984K
}

Dll operation events (15 events):
Event: 0.016 Loaded shared library C:\Users\oshad\.antigravity\extensions\redhat.java-1.54.0-win32-x64\jre\21.0.10-win32-x86_64\bin\java.dll
Event: 0.119 Loaded shared library C:\Users\oshad\.antigravity\extensions\redhat.java-1.54.0-win32-x64\jre\21.0.10-win32-x86_64\bin\zip.dll
Event: 0.157 Loaded shared library C:\Users\oshad\.antigravity\extensions\redhat.java-1.54.0-win32-x64\jre\21.0.10-win32-x86_64\bin\instrument.dll
Event: 0.164 Loaded shared library C:\Users\oshad\.antigravity\extensions\redhat.java-1.54.0-win32-x64\jre\21.0.10-win32-x86_64\bin\net.dll
Event: 0.168 Loaded shared library C:\Users\oshad\.antigravity\extensions\redhat.java-1.54.0-win32-x64\jre\21.0.10-win32-x86_64\bin\nio.dll
Event: 0.172 Loaded shared library C:\Users\oshad\.antigravity\extensions\redhat.java-1.54.0-win32-x64\jre\21.0.10-win32-x86_64\bin\zip.dll
Event: 0.644 Loaded shared library C:\Users\oshad\.antigravity\extensions\redhat.java-1.54.0-win32-x64\jre\21.0.10-win32-x86_64\bin\jimage.dll
Event: 0.901 Loaded shared library C:\Users\oshad\.antigravity\extensions\redhat.java-1.54.0-win32-x64\jre\21.0.10-win32-x86_64\bin\verify.dll
Event: 1.024 Loaded shared library C:\Users\oshad\.gradle\native\1def1411415f61bf3af743bc5b6707747c0891f09f0c88961ee8f79bc544acac\windows-amd64\native-platform.dll
Event: 1.039 Loaded shared library C:\Users\oshad\.gradle\native\0.2.7\x86_64-windows-gnu\gradle-fileevents.dll
Event: 2.564 Loaded shared library C:\Users\oshad\.antigravity\extensions\redhat.java-1.54.0-win32-x64\jre\21.0.10-win32-x86_64\bin\management.dll
Event: 2.567 Loaded shared library C:\Users\oshad\.antigravity\extensions\redhat.java-1.54.0-win32-x64\jre\21.0.10-win32-x86_64\bin\management_ext.dll
Event: 2.736 Loaded shared library C:\Users\oshad\.antigravity\extensions\redhat.java-1.54.0-win32-x64\jre\21.0.10-win32-x86_64\bin\extnet.dll
Event: 2.982 Loaded shared library C:\Users\oshad\.antigravity\extensions\redhat.java-1.54.0-win32-x64\jre\21.0.10-win32-x86_64\bin\sunmscapi.dll
Event: 60.122 Loaded shared library C:\Users\oshad\.antigravity\extensions\redhat.java-1.54.0-win32-x64\jre\21.0.10-win32-x86_64\bin\rmi.dll

Deoptimization events (20 events):
Event: 75.124 Thread 0x000001bbb2352c30 Uncommon trap: trap_request=0xffffffc6 fr.pc=0x000001bb85783474 relative=0x0000000000000374
Event: 75.124 Thread 0x000001bbb2352c30 Uncommon trap: reason=bimorphic_or_optimized_type_check action=maybe_recompile pc=0x000001bb85783474 method=java.util.ArrayList$ArrayListSpliterator.tryAdvance(Ljava/util/function/Consumer;)Z @ 48 c2
Event: 75.124 Thread 0x000001bbb2352c30 DEOPT PACKING pc=0x000001bb85783474 sp=0x0000001c83ff6d10
Event: 75.124 Thread 0x000001bbb2352c30 DEOPT UNPACKING pc=0x000001bb845a4422 sp=0x0000001c83ff6c90 mode 2
Event: 75.144 Thread 0x000001bbb2352c30 Uncommon trap: trap_request=0xffffff45 fr.pc=0x000001bb86c5a720 relative=0x0000000000000620
Event: 75.144 Thread 0x000001bbb2352c30 Uncommon trap: reason=unstable_if action=reinterpret pc=0x000001bb86c5a720 method=com.esotericsoftware.kryo.io.Output.writeVarInt(IZ)I @ 50 c2
Event: 75.144 Thread 0x000001bbb2352c30 DEOPT PACKING pc=0x000001bb86c5a720 sp=0x0000001c83ff7370
Event: 75.144 Thread 0x000001bbb2352c30 DEOPT UNPACKING pc=0x000001bb845a4422 sp=0x0000001c83ff7338 mode 2
Event: 75.160 Thread 0x000001bbb2352c30 Uncommon trap: trap_request=0xffffff76 fr.pc=0x000001bb86d21efc relative=0x000000000000041c
Event: 75.160 Thread 0x000001bbb2352c30 Uncommon trap: reason=predicate action=maybe_recompile pc=0x000001bb86d21efc method=java.util.AbstractCollection.toArray([Ljava/lang/Object;)[Ljava/lang/Object; @ 43 c2
Event: 75.160 Thread 0x000001bbb2352c30 DEOPT PACKING pc=0x000001bb86d21efc sp=0x0000001c83ff79c0
Event: 75.160 Thread 0x000001bbb2352c30 DEOPT UNPACKING pc=0x000001bb845a4422 sp=0x0000001c83ff7958 mode 2
Event: 76.335 Thread 0x000001bbb2352c30 Uncommon trap: trap_request=0xffffff45 fr.pc=0x000001bb852af8a8 relative=0x0000000000000228
Event: 76.335 Thread 0x000001bbb2352c30 Uncommon trap: reason=unstable_if action=reinterpret pc=0x000001bb852af8a8 method=org.gradle.internal.snapshot.PathUtil.equalChars(CCLorg/gradle/internal/snapshot/CaseSensitivity;)Z @ 11 c2
Event: 76.335 Thread 0x000001bbb2352c30 DEOPT PACKING pc=0x000001bb852af8a8 sp=0x0000001c83ff2af0
Event: 76.335 Thread 0x000001bbb2352c30 DEOPT UNPACKING pc=0x000001bb845a4422 sp=0x0000001c83ff2a78 mode 2
Event: 77.355 Thread 0x000001bbb712d920 Uncommon trap: trap_request=0xffffff45 fr.pc=0x000001bb8567a064 relative=0x0000000000000124
Event: 77.355 Thread 0x000001bbb712d920 Uncommon trap: reason=unstable_if action=reinterpret pc=0x000001bb8567a064 method=java.lang.ThreadLocal.get(Ljava/lang/Thread;)Ljava/lang/Object; @ 7 c2
Event: 77.355 Thread 0x000001bbb712d920 DEOPT PACKING pc=0x000001bb8567a064 sp=0x0000001c865febd0
Event: 77.355 Thread 0x000001bbb712d920 DEOPT UNPACKING pc=0x000001bb845a4422 sp=0x0000001c865feaf8 mode 2

Classes loaded (20 events):
Event: 72.377 Loading class java/io/SequenceInputStream
Event: 72.377 Loading class java/io/SequenceInputStream done
Event: 72.455 Loading class java/util/PriorityQueue
Event: 72.456 Loading class java/util/PriorityQueue done
Event: 72.600 Loading class java/util/Collections$UnmodifiableSortedMap
Event: 72.601 Loading class java/util/Collections$UnmodifiableSortedMap done
Event: 72.602 Loading class java/util/zip/Deflater
Event: 72.602 Loading class java/util/zip/Deflater done
Event: 72.606 Loading class java/util/zip/Deflater$DeflaterZStreamRef
Event: 72.606 Loading class java/util/zip/Deflater$DeflaterZStreamRef done
Event: 72.661 Loading class java/nio/StringCharBuffer
Event: 72.661 Loading class java/nio/StringCharBuffer done
Event: 72.921 Loading class java/util/concurrent/ConcurrentLinkedQueue$Itr
Event: 72.922 Loading class java/util/concurrent/ConcurrentLinkedQueue$Itr done
Event: 74.604 Loading class java/util/Collections$ReverseComparator
Event: 74.604 Loading class java/util/Collections$ReverseComparator done
Event: 74.604 Loading class java/util/Collections$ReverseComparator2
Event: 74.605 Loading class java/util/Collections$ReverseComparator2 done
Event: 77.353 Loading class sun/rmi/transport/DGCClient$EndpointEntry$CleanRequest
Event: 77.353 Loading class sun/rmi/transport/DGCClient$EndpointEntry$CleanRequest done

Classes unloaded (0 events):
No events

Classes redefined (0 events):
No events

Internal exceptions (20 events):
Event: 60.132 Thread 0x000001bbb712d290 Exception <a 'java/lang/NoSuchMethodError'{0x00000000ab0ae438}: static [B.<clinit>()V> (0x00000000ab0ae438) 
thrown [s\src\hotspot\share\prims\jni.cpp, line 1111]
Event: 60.136 Thread 0x000001bbb712d920 Exception <a 'java/lang/NoSuchMethodError'{0x00000000ab058bb8}: 'java.lang.Object java.lang.invoke.DirectMethodHandle$Holder.invokeSpecial(java.lang.Object, java.lang.Object, int, java.lang.Object, long)'> (0x00000000ab058bb8) 
thrown [s\src\hotspot\share\interpreter\linkResolver.cpp, line 773]
Event: 60.137 Thread 0x000001bbb712d920 Exception <a 'java/lang/NoSuchMethodError'{0x00000000ab05f5d0}: 'java.lang.Object java.lang.invoke.DirectMethodHandle$Holder.newInvokeSpecial(java.lang.Object, java.lang.Object, int, java.lang.Object, long)'> (0x00000000ab05f5d0) 
thrown [s\src\hotspot\share\interpreter\linkResolver.cpp, line 773]
Event: 60.154 Thread 0x000001bbb712d290 Exception <a 'java/lang/NoSuchMethodError'{0x00000000ab0e4d08}: static Lorg/jetbrains/kotlin/daemon/common/CompileService$CallResult;.<clinit>()V> (0x00000000ab0e4d08) 
thrown [s\src\hotspot\share\prims\jni.cpp, line 1111]
Event: 60.156 Thread 0x000001bbb712d290 Exception <a 'java/lang/NoSuchMethodError'{0x00000000ab0f0fc8}: static Lorg/jetbrains/kotlin/daemon/common/CompileService$CallResult$Good;.<clinit>()V> (0x00000000ab0f0fc8) 
thrown [s\src\hotspot\share\prims\jni.cpp, line 1111]
Event: 60.157 Thread 0x000001bbb712d290 Exception <a 'java/lang/NoSuchMethodError'{0x00000000ab0fe088}: static Lorg/jetbrains/kotlin/daemon/common/DaemonJVMOptions;.<clinit>()V> (0x00000000ab0fe088) 
thrown [s\src\hotspot\share\prims\jni.cpp, line 1111]
Event: 60.166 Thread 0x000001bbb712d290 Exception <a 'java/lang/NoSuchMethodError'{0x00000000aaf3baf0}: static Lorg/jetbrains/kotlin/daemon/common/CompileService$CallResult$Ok;.<clinit>()V> (0x00000000aaf3baf0) 
thrown [s\src\hotspot\share\prims\jni.cpp, line 1111]
Event: 60.206 Thread 0x000001bbb712d290 Exception <a 'java/lang/NoSuchMethodError'{0x00000000aad1a0e0}: static [Ljava/lang/Integer;.<clinit>()V> (0x00000000aad1a0e0) 
thrown [s\src\hotspot\share\prims\jni.cpp, line 1111]
Event: 69.161 Thread 0x000001bbb712ecd0 Exception <a 'java/lang/NoSuchMethodError'{0x00000000aac96b18}: 'void java.lang.invoke.DirectMethodHandle$Holder.invokeInterface(java.lang.Object, java.lang.Object, int, java.lang.Object)'> (0x00000000aac96b18) 
thrown [s\src\hotspot\share\interpreter\linkResolver.cpp, line 773]
Event: 69.162 Thread 0x000001bbb712ecd0 Exception <a 'java/lang/NoSuchMethodError'{0x00000000aac9a188}: 'void java.lang.invoke.DelegatingMethodHandle$Holder.reinvoke_L(java.lang.Object, java.lang.Object, int, java.lang.Object)'> (0x00000000aac9a188) 
thrown [s\src\hotspot\share\interpreter\linkResolver.cpp, line 773]
Event: 69.168 Thread 0x000001bbb712ecd0 Exception <a 'java/lang/NoSuchMethodError'{0x00000000aacb7990}: 'void java.lang.invoke.DelegatingMethodHandle$Holder.reinvoke_L(java.lang.Object, java.lang.Object, int, int, java.lang.Object, java.lang.Object)'> (0x00000000aacb7990) 
thrown [s\src\hotspot\share\interpreter\linkResolver.cpp, line 773]
Event: 72.332 Thread 0x000001bbb23525a0 Exception <a 'java/lang/NoSuchMethodError'{0x00000000aa4377a8}: static Lorg/gradle/internal/build/event/types/DefaultTaskSuccessResult;.<clinit>()V> (0x00000000aa4377a8) 
thrown [s\src\hotspot\share\prims\jni.cpp, line 1111]
Event: 72.341 Thread 0x000001bbb71290f0 Exception <a 'sun/nio/fs/WindowsException'{0x00000000aa5adbb0}> (0x00000000aa5adbb0) 
thrown [s\src\hotspot\share\prims\jni.cpp, line 520]
Event: 72.342 Thread 0x000001bbb71290f0 Exception <a 'sun/nio/fs/WindowsException'{0x00000000aa5b0388}> (0x00000000aa5b0388) 
thrown [s\src\hotspot\share\prims\jni.cpp, line 520]
Event: 72.343 Thread 0x000001bbb71290f0 Exception <a 'sun/nio/fs/WindowsException'{0x00000000aa5b2850}> (0x00000000aa5b2850) 
thrown [s\src\hotspot\share\prims\jni.cpp, line 520]
Event: 72.344 Thread 0x000001bbb71290f0 Exception <a 'sun/nio/fs/WindowsException'{0x00000000aa5b4a50}> (0x00000000aa5b4a50) 
thrown [s\src\hotspot\share\prims\jni.cpp, line 520]
Event: 72.353 Thread 0x000001bbb71290f0 Exception <a 'sun/nio/fs/WindowsException'{0x00000000aa464648}> (0x00000000aa464648) 
thrown [s\src\hotspot\share\prims\jni.cpp, line 520]
Event: 72.354 Thread 0x000001bbb71290f0 Exception <a 'sun/nio/fs/WindowsException'{0x00000000aa466b88}> (0x00000000aa466b88) 
thrown [s\src\hotspot\share\prims\jni.cpp, line 520]
Event: 72.354 Thread 0x000001bbb71290f0 Exception <a 'sun/nio/fs/WindowsException'{0x00000000aa468da0}> (0x00000000aa468da0) 
thrown [s\src\hotspot\share\prims\jni.cpp, line 520]
Event: 77.354 Thread 0x000001bbb712d920 Implicit null exception at 0x000001bb85679f8b to 0x000001bb8567a04c

ZGC Phase Switch (0 events):
No events

VM Operations (20 events):
Event: 71.215 Executing safepoint VM operation: Cleanup done
Event: 72.229 Executing safepoint VM operation: Cleanup
Event: 72.229 Executing safepoint VM operation: Cleanup done
Event: 72.310 Executing non-safepoint VM operation: HandshakeAllThreads (Deoptimize)
Event: 72.310 Executing non-safepoint VM operation: HandshakeAllThreads (Deoptimize) done
Event: 72.323 Executing non-safepoint VM operation: HandshakeAllThreads (Deoptimize)
Event: 72.323 Executing non-safepoint VM operation: HandshakeAllThreads (Deoptimize) done
Event: 72.629 Executing non-safepoint VM operation: HandshakeAllThreads (Deoptimize)
Event: 72.629 Executing non-safepoint VM operation: HandshakeAllThreads (Deoptimize) done
Event: 73.641 Executing safepoint VM operation: Cleanup
Event: 73.641 Executing safepoint VM operation: Cleanup done
Event: 74.650 Executing safepoint VM operation: Cleanup
Event: 74.650 Executing safepoint VM operation: Cleanup done
Event: 75.661 Executing safepoint VM operation: Cleanup
Event: 76.266 Executing safepoint VM operation: Cleanup done
Event: 76.362 Executing safepoint VM operation: G1CollectForAllocation (G1 Evacuation Pause)
Event: 77.351 Executing safepoint VM operation: G1CollectForAllocation (G1 Evacuation Pause) done
Event: 78.361 Executing safepoint VM operation: Cleanup
Event: 78.361 Executing safepoint VM operation: Cleanup done
Event: 78.554 Executing safepoint VM operation: G1CollectForAllocation (G1 Evacuation Pause)

Memory protections (0 events):
No events

Nmethod flushes (20 events):
Event: 54.600 Thread 0x000001bbac0070c0 flushing  nmethod 0x000001bb854a6a90
Event: 54.600 Thread 0x000001bbac0070c0 flushing  nmethod 0x000001bb85501c10
Event: 54.600 Thread 0x000001bbac0070c0 flushing  nmethod 0x000001bb85793410
Event: 54.600 Thread 0x000001bbac0070c0 flushing  nmethod 0x000001bb85a4f810
Event: 54.600 Thread 0x000001bbac0070c0 flushing  nmethod 0x000001bb85ad4590
Event: 54.600 Thread 0x000001bbac0070c0 flushing  nmethod 0x000001bb85afd790
Event: 54.600 Thread 0x000001bbac0070c0 flushing  nmethod 0x000001bb85b3ca90
Event: 54.600 Thread 0x000001bbac0070c0 flushing  nmethod 0x000001bb85be8e90
Event: 54.600 Thread 0x000001bbac0070c0 flushing  nmethod 0x000001bb85cac790
Event: 54.600 Thread 0x000001bbac0070c0 flushing  nmethod 0x000001bb85cad110
Event: 54.600 Thread 0x000001bbac0070c0 flushing  nmethod 0x000001bb85e63d10
Event: 54.600 Thread 0x000001bbac0070c0 flushing  nmethod 0x000001bb85e6af10
Event: 54.600 Thread 0x000001bbac0070c0 flushing  nmethod 0x000001bb85e6bf10
Event: 54.600 Thread 0x000001bbac0070c0 flushing  nmethod 0x000001bb85e94810
Event: 54.600 Thread 0x000001bbac0070c0 flushing  nmethod 0x000001bb85ea3b10
Event: 54.600 Thread 0x000001bbac0070c0 flushing  nmethod 0x000001bb85eaeb90
Event: 54.600 Thread 0x000001bbac0070c0 flushing  nmethod 0x000001bb86156c90
Event: 54.600 Thread 0x000001bbac0070c0 flushing  nmethod 0x000001bb86184590
Event: 54.600 Thread 0x000001bbac0070c0 flushing  nmethod 0x000001bb8618a610
Event: 54.600 Thread 0x000001bbac0070c0 flushing  nmethod 0x000001bb862c0810

Events (20 events):
Event: 60.033 Thread 0x000001bbb712d290 Thread added: 0x000001bbb7129e10
Event: 60.047 Thread 0x000001bbb712d290 Thread added: 0x000001bbb712d920
Event: 60.123 Thread 0x000001bbb712d290 Thread added: 0x000001bbb712dfb0
Event: 60.127 Thread 0x000001bbb730f630 Thread exited: 0x000001bbb730f630
Event: 60.196 Thread 0x000001bbb712d290 Thread added: 0x000001bbb712f9f0
Event: 60.197 Thread 0x000001bbb712d290 Thread added: 0x000001bbb712e640
Event: 60.213 Thread 0x000001bbac064ec0 Thread added: 0x000001bbb7515880
Event: 60.225 Thread 0x000001bbb712f9f0 Thread added: 0x000001bbb712ecd0
Event: 60.620 Thread 0x000001bbb7515880 Thread exited: 0x000001bbb7515880
Event: 69.967 Thread 0x000001bbac064ec0 Thread added: 0x000001bbb7515880
Event: 69.967 Thread 0x000001bbac064ec0 Thread added: 0x000001bbb7516620
Event: 70.617 Thread 0x000001bbb7516620 Thread exited: 0x000001bbb7516620
Event: 71.066 Thread 0x000001bbb7515880 Thread exited: 0x000001bbb7515880
Event: 72.760 Thread 0x000001bbac064ec0 Thread added: 0x000001bbb7515880
Event: 73.118 Thread 0x000001bbb7515880 Thread exited: 0x000001bbb7515880
Event: 75.165 Thread 0x000001bbb2352c30 Thread added: 0x000001bbb48618d0
Event: 75.225 Thread 0x000001bbac064ec0 Thread added: 0x000001bbb7515880
Event: 76.290 Thread 0x000001bbb2352c30 Thread added: 0x000001bbb48625f0
Event: 77.357 Thread 0x000001bbb712d920 Thread exited: 0x000001bbb712d920
Event: 77.366 Thread 0x000001bbac064ec0 Thread added: 0x000001bbb7516620


Dynamic libraries:
0x00007ff7381d0000 - 0x00007ff7381de000 	C:\Users\oshad\.antigravity\extensions\redhat.java-1.54.0-win32-x64\jre\21.0.10-win32-x86_64\bin\java.exe
0x00007ffb1e5c0000 - 0x00007ffb1e827000 	C:\WINDOWS\SYSTEM32\ntdll.dll
0x00007ffb1d550000 - 0x00007ffb1d619000 	C:\WINDOWS\System32\KERNEL32.DLL
0x00007ffb1b4d0000 - 0x00007ffb1b8c4000 	C:\WINDOWS\System32\KERNELBASE.dll
0x00007ffb1b990000 - 0x00007ffb1badb000 	C:\WINDOWS\System32\ucrtbase.dll
0x00007ffae8c10000 - 0x00007ffae8c2e000 	C:\Users\oshad\.antigravity\extensions\redhat.java-1.54.0-win32-x64\jre\21.0.10-win32-x86_64\bin\VCRUNTIME140.dll
0x00007ffae7770000 - 0x00007ffae7788000 	C:\Users\oshad\.antigravity\extensions\redhat.java-1.54.0-win32-x64\jre\21.0.10-win32-x86_64\bin\jli.dll
0x00007ffb1dd50000 - 0x00007ffb1df15000 	C:\WINDOWS\System32\USER32.dll
0x00007ffb1ae90000 - 0x00007ffb1aeb7000 	C:\WINDOWS\System32\win32u.dll
0x00007ffb06060000 - 0x00007ffb062f3000 	C:\WINDOWS\WinSxS\amd64_microsoft.windows.common-controls_6595b64144ccf1df_6.0.26100.8115_none_3e075c82e3354f9c\COMCTL32.dll
0x00007ffb1d880000 - 0x00007ffb1d8ab000 	C:\WINDOWS\System32\GDI32.dll
0x00007ffb1b030000 - 0x00007ffb1b15b000 	C:\WINDOWS\System32\gdi32full.dll
0x00007ffb1c550000 - 0x00007ffb1c5f9000 	C:\WINDOWS\System32\msvcrt.dll
0x00007ffb1b160000 - 0x00007ffb1b203000 	C:\WINDOWS\System32\msvcp_win.dll
0x00007ffb1d690000 - 0x00007ffb1d6c2000 	C:\WINDOWS\System32\IMM32.DLL
0x00007ffb06a60000 - 0x00007ffb06a6c000 	C:\Users\oshad\.antigravity\extensions\redhat.java-1.54.0-win32-x64\jre\21.0.10-win32-x86_64\bin\vcruntime140_1.dll
0x00007ffac6a40000 - 0x00007ffac6acd000 	C:\Users\oshad\.antigravity\extensions\redhat.java-1.54.0-win32-x64\jre\21.0.10-win32-x86_64\bin\msvcp140.dll
0x00007ffa801f0000 - 0x00007ffa80f91000 	C:\Users\oshad\.antigravity\extensions\redhat.java-1.54.0-win32-x64\jre\21.0.10-win32-x86_64\bin\server\jvm.dll
0x00007ffb1c490000 - 0x00007ffb1c546000 	C:\WINDOWS\System32\ADVAPI32.dll
0x00007ffb1e4d0000 - 0x00007ffb1e577000 	C:\WINDOWS\System32\sechost.dll
0x00007ffb1c8b0000 - 0x00007ffb1c9c8000 	C:\WINDOWS\System32\RPCRT4.dll
0x00007ffb1c350000 - 0x00007ffb1c3d0000 	C:\WINDOWS\System32\WS2_32.dll
0x00007ffb1acf0000 - 0x00007ffb1ad4e000 	C:\WINDOWS\SYSTEM32\POWRPROF.dll
0x00007ffb130a0000 - 0x00007ffb130d6000 	C:\WINDOWS\SYSTEM32\WINMM.dll
0x00007ffb130e0000 - 0x00007ffb130eb000 	C:\WINDOWS\SYSTEM32\VERSION.dll
0x00007ffb1acd0000 - 0x00007ffb1ace4000 	C:\WINDOWS\SYSTEM32\UMPDC.dll
0x00007ffb19c20000 - 0x00007ffb19c3b000 	C:\WINDOWS\SYSTEM32\kernel.appcore.dll
0x00007ffaeeb90000 - 0x00007ffaeeb9a000 	C:\Users\oshad\.antigravity\extensions\redhat.java-1.54.0-win32-x64\jre\21.0.10-win32-x86_64\bin\jimage.dll
0x00007ffb10290000 - 0x00007ffb104d2000 	C:\WINDOWS\SYSTEM32\DBGHELP.DLL
0x00007ffb1c9d0000 - 0x00007ffb1cd52000 	C:\WINDOWS\System32\combase.dll
0x00007ffb1d7a0000 - 0x00007ffb1d878000 	C:\WINDOWS\System32\OLEAUT32.dll
0x00007ffb16850000 - 0x00007ffb1688b000 	C:\WINDOWS\SYSTEM32\dbgcore.DLL
0x00007ffb1b420000 - 0x00007ffb1b4c5000 	C:\WINDOWS\System32\bcryptPrimitives.dll
0x00007ffaee980000 - 0x00007ffaee98f000 	C:\Users\oshad\.antigravity\extensions\redhat.java-1.54.0-win32-x64\jre\21.0.10-win32-x86_64\bin\instrument.dll
0x00007ffae7670000 - 0x00007ffae7690000 	C:\Users\oshad\.antigravity\extensions\redhat.java-1.54.0-win32-x64\jre\21.0.10-win32-x86_64\bin\java.dll
0x00007ffb1cde0000 - 0x00007ffb1d547000 	C:\WINDOWS\System32\SHELL32.dll
0x00007ffb1aec0000 - 0x00007ffb1b02a000 	C:\WINDOWS\System32\wintypes.dll
0x00007ffb1bae0000 - 0x00007ffb1c348000 	C:\WINDOWS\System32\windows.storage.dll
0x00007ffb1c620000 - 0x00007ffb1c718000 	C:\WINDOWS\System32\SHCORE.dll
0x00007ffb1d620000 - 0x00007ffb1d686000 	C:\WINDOWS\System32\shlwapi.dll
0x00007ffb1adb0000 - 0x00007ffb1add9000 	C:\WINDOWS\SYSTEM32\profapi.dll
0x00007ffae6e30000 - 0x00007ffae6e48000 	C:\Users\oshad\.antigravity\extensions\redhat.java-1.54.0-win32-x64\jre\21.0.10-win32-x86_64\bin\zip.dll
0x00007ffaece70000 - 0x00007ffaece80000 	C:\Users\oshad\.antigravity\extensions\redhat.java-1.54.0-win32-x64\jre\21.0.10-win32-x86_64\bin\net.dll
0x00007ffb13880000 - 0x00007ffb139ad000 	C:\WINDOWS\SYSTEM32\WINHTTP.dll
0x00007ffb1a190000 - 0x00007ffb1a1fc000 	C:\WINDOWS\system32\mswsock.dll
0x00007ffae67e0000 - 0x00007ffae67f6000 	C:\Users\oshad\.antigravity\extensions\redhat.java-1.54.0-win32-x64\jre\21.0.10-win32-x86_64\bin\nio.dll
0x00007ffaeb010000 - 0x00007ffaeb020000 	C:\Users\oshad\.antigravity\extensions\redhat.java-1.54.0-win32-x64\jre\21.0.10-win32-x86_64\bin\verify.dll
0x00007ffab9310000 - 0x00007ffab9337000 	C:\Users\oshad\.gradle\native\1def1411415f61bf3af743bc5b6707747c0891f09f0c88961ee8f79bc544acac\windows-amd64\native-platform.dll
0x00007ffae7da0000 - 0x00007ffae7e18000 	C:\Users\oshad\.gradle\native\0.2.7\x86_64-windows-gnu\gradle-fileevents.dll
0x00007ffb0e2f0000 - 0x00007ffb0e2fa000 	C:\Users\oshad\.antigravity\extensions\redhat.java-1.54.0-win32-x64\jre\21.0.10-win32-x86_64\bin\management.dll
0x00007ffb0a3c0000 - 0x00007ffb0a3cc000 	C:\Users\oshad\.antigravity\extensions\redhat.java-1.54.0-win32-x64\jre\21.0.10-win32-x86_64\bin\management_ext.dll
0x00007ffb1dd40000 - 0x00007ffb1dd48000 	C:\WINDOWS\System32\PSAPI.DLL
0x00007ffb19620000 - 0x00007ffb19652000 	C:\WINDOWS\SYSTEM32\IPHLPAPI.DLL
0x00007ffb1e310000 - 0x00007ffb1e31a000 	C:\WINDOWS\System32\NSI.dll
0x00007ffae8a50000 - 0x00007ffae8a59000 	C:\Users\oshad\.antigravity\extensions\redhat.java-1.54.0-win32-x64\jre\21.0.10-win32-x86_64\bin\extnet.dll
0x00007ffb1a480000 - 0x00007ffb1a49b000 	C:\WINDOWS\SYSTEM32\CRYPTSP.dll
0x00007ffb19b80000 - 0x00007ffb19bb9000 	C:\WINDOWS\system32\rsaenh.dll
0x00007ffb1a240000 - 0x00007ffb1a273000 	C:\WINDOWS\SYSTEM32\USERENV.dll
0x00007ffb1ad80000 - 0x00007ffb1adaa000 	C:\WINDOWS\SYSTEM32\bcrypt.dll
0x00007ffb1a470000 - 0x00007ffb1a47c000 	C:\WINDOWS\SYSTEM32\CRYPTBASE.dll
0x00007ffaec320000 - 0x00007ffaec32e000 	C:\Users\oshad\.antigravity\extensions\redhat.java-1.54.0-win32-x64\jre\21.0.10-win32-x86_64\bin\sunmscapi.dll
0x00007ffb1b210000 - 0x00007ffb1b387000 	C:\WINDOWS\System32\CRYPT32.dll
0x00007ffb1a690000 - 0x00007ffb1a6c0000 	C:\WINDOWS\SYSTEM32\ncrypt.dll
0x00007ffb1a640000 - 0x00007ffb1a67f000 	C:\WINDOWS\SYSTEM32\NTASN1.dll
0x00007ffb0d450000 - 0x00007ffb0d458000 	C:\WINDOWS\system32\wshunix.dll
0x00007ffaf5cf0000 - 0x00007ffaf5d08000 	C:\WINDOWS\system32\napinsp.dll
0x00007ffb19660000 - 0x00007ffb19792000 	C:\WINDOWS\SYSTEM32\DNSAPI.dll
0x00007ffaf5d10000 - 0x00007ffaf5d23000 	C:\WINDOWS\System32\winrnr.dll
0x00007ffaecb00000 - 0x00007ffaecb22000 	C:\WINDOWS\system32\nlansp_c.dll
0x00007ffb10020000 - 0x00007ffb10036000 	C:\WINDOWS\system32\wshbth.dll
0x00007ffb0b970000 - 0x00007ffb0b97b000 	C:\Windows\System32\rasadhlp.dll
0x00007ffb0f9c0000 - 0x00007ffb0fa46000 	C:\WINDOWS\System32\fwpuclnt.dll
0x00007ffb06a70000 - 0x00007ffb06a77000 	C:\Users\oshad\.antigravity\extensions\redhat.java-1.54.0-win32-x64\jre\21.0.10-win32-x86_64\bin\rmi.dll

JVMTI agents:
C:\Users\oshad\.gradle\wrapper\dists\gradle-8.13-bin\5xuhj0ry160q40clulazy9h7d\gradle-8.13\lib\agents\gradle-instrumentation-agent-8.13.jar path:C:\Users\oshad\.antigravity\extensions\redhat.java-1.54.0-win32-x64\jre\21.0.10-win32-x86_64\bin\instrument.dll, loaded, initialized, instrumentlib options:none

dbghelp: loaded successfully - version: 4.0.5 - missing functions: none
symbol engine: initialized successfully - sym options: 0x614 - pdb path: .;C:\Users\oshad\.antigravity\extensions\redhat.java-1.54.0-win32-x64\jre\21.0.10-win32-x86_64\bin;C:\WINDOWS\SYSTEM32;C:\WINDOWS\WinSxS\amd64_microsoft.windows.common-controls_6595b64144ccf1df_6.0.26100.8115_none_3e075c82e3354f9c;C:\Users\oshad\.antigravity\extensions\redhat.java-1.54.0-win32-x64\jre\21.0.10-win32-x86_64\bin\server;C:\Users\oshad\.gradle\native\1def1411415f61bf3af743bc5b6707747c0891f09f0c88961ee8f79bc544acac\windows-amd64;C:\Users\oshad\.gradle\native\0.2.7\x86_64-windows-gnu

VM Arguments:
jvm_args: --add-opens=java.base/java.lang=ALL-UNNAMED --add-opens=java.base/java.lang.invoke=ALL-UNNAMED --add-opens=java.base/java.util=ALL-UNNAMED --add-opens=java.prefs/java.util.prefs=ALL-UNNAMED --add-exports=jdk.compiler/com.sun.tools.javac.api=ALL-UNNAMED --add-exports=jdk.compiler/com.sun.tools.javac.util=ALL-UNNAMED --add-opens=java.base/java.util=ALL-UNNAMED --add-opens=java.prefs/java.util.prefs=ALL-UNNAMED --add-opens=java.base/java.nio.charset=ALL-UNNAMED --add-opens=java.base/java.net=ALL-UNNAMED --add-opens=java.base/java.util.concurrent.atomic=ALL-UNNAMED --add-opens=java.xml/javax.xml.namespace=ALL-UNNAMED -XX:MaxMetaspaceSize=512m -XX:ReservedCodeCacheSize=128m -XX:+HeapDumpOnOutOfMemoryError -Xmx1536m -Dfile.encoding=UTF-8 -Duser.country=US -Duser.language=en -Duser.variant -javaagent:C:\Users\oshad\.gradle\wrapper\dists\gradle-8.13-bin\5xuhj0ry160q40clulazy9h7d\gradle-8.13\lib\agents\gradle-instrumentation-agent-8.13.jar 
java_command: org.gradle.launcher.daemon.bootstrap.GradleDaemon 8.13
java_class_path (initial): C:\Users\oshad\.gradle\wrapper\dists\gradle-8.13-bin\5xuhj0ry160q40clulazy9h7d\gradle-8.13\lib\gradle-daemon-main-8.13.jar
Launcher Type: SUN_STANDARD

[Global flags]
     intx CICompilerCount                          = 4                                         {product} {ergonomic}
   size_t CompressedClassSpaceSize                 = 436207616                                 {product} {ergonomic}
     uint ConcGCThreads                            = 2                                         {product} {ergonomic}
     uint G1ConcRefinementThreads                  = 8                                         {product} {ergonomic}
   size_t G1HeapRegionSize                         = 1048576                                   {product} {ergonomic}
    uintx GCDrainStackTargetSize                   = 64                                        {product} {ergonomic}
     bool HeapDumpOnOutOfMemoryError               = true                                   {manageable} {command line}
   size_t InitialHeapSize                          = 234881024                                 {product} {ergonomic}
   size_t MarkStackSize                            = 4194304                                   {product} {ergonomic}
   size_t MaxHeapSize                              = 1610612736                                {product} {command line}
   size_t MaxMetaspaceSize                         = 536870912                                 {product} {command line}
   size_t MaxNewSize                               = 965738496                                 {product} {ergonomic}
   size_t MinHeapDeltaBytes                        = 1048576                                   {product} {ergonomic}
   size_t MinHeapSize                              = 8388608                                   {product} {ergonomic}
    uintx NonNMethodCodeHeapSize                   = 4096                                   {pd product} {ergonomic}
    uintx NonProfiledCodeHeapSize                  = 0                                      {pd product} {ergonomic}
    uintx ProfiledCodeHeapSize                     = 0                                      {pd product} {ergonomic}
    uintx ReservedCodeCacheSize                    = 134217728                              {pd product} {command line}
   size_t SoftMaxHeapSize                          = 1610612736                             {manageable} {ergonomic}
     bool UseCompressedOops                        = true                           {product lp64_product} {ergonomic}
     bool UseG1GC                                  = true                                      {product} {ergonomic}
     bool UseLargePagesIndividualAllocation        = false                                  {pd product} {ergonomic}

Logging:
Log output configuration:
 #0: stdout all=warning uptime,level,tags foldmultilines=false
 #1: stderr all=off uptime,level,tags foldmultilines=false

Release file:
JAVA_VERSION="21.0.10" 
MODULES="java.base java.compiler java.datatransfer java.xml java.prefs java.desktop java.instrument java.logging java.management java.security.sasl java.naming java.rmi java.management.rmi java.net.http java.scripting java.security.jgss java.transaction.xa java.sql java.sql.rowset java.xml.crypto java.se java.smartcardio jdk.accessibility jdk.internal.jvmstat jdk.attach jdk.charsets jdk.internal.opt jdk.zipfs jdk.compiler jdk.crypto.ec jdk.crypto.cryptoki jdk.crypto.mscapi jdk.dynalink jdk.internal.ed jdk.editpad jdk.hotspot.agent jdk.httpserver jdk.internal.le jdk.internal.vm.ci jdk.internal.vm.compiler jdk.internal.vm.compiler.management jdk.jartool jdk.javadoc jdk.jcmd jdk.management jdk.management.agent jdk.jconsole jdk.jdeps jdk.jdwp.agent jdk.jdi jdk.jfr jdk.jshell jdk.jsobject jdk.jstatd jdk.localedata jdk.management.jfr jdk.naming.dns jdk.naming.rmi jdk.net jdk.nio.mapmode jdk.random jdk.sctp jdk.security.auth jdk.security.jgss jdk.unsupported jdk.unsupported.desktop jdk.xml.dom" 

Environment Variables:
JAVA_HOME=C:\Program Files\Eclipse Adoptium\jdk-25.0.2.10-hotspot\
PATH=C:\Program Files\Eclipse Adoptium\jdk-25.0.2.10-hotspot\bin;C:\WINDOWS\system32;C:\WINDOWS;C:\WINDOWS\System32\Wbem;C:\WINDOWS\System32\WindowsPowerShell\v1.0\;C:\WINDOWS\System32\OpenSSH\;C:\Program Files\Git\cmd;C:\Program Files\nodejs\;c:\Users\oshad\AppData\Local\Programs\cursor\resources\app\bin;C:\ProgramData\chocolatey\bin;C:\Program Files\dotnet\;C:\Users\oshad\Downloads\flutter_windows_3.38.5-stable\flutter\bin;C:\Users\oshad\AppData\Local\Android\Sdk\platform-tools;;C:\Program Files\Git LFS;C:\Users\oshad\AppData\Local\Programs\Python\Python311\Scripts\;C:\Users\oshad\AppData\Local\Programs\Python\Python311\;C:\Users\oshad\AppData\Local\Programs\Python\Python313\Scripts\;C:\Users\oshad\AppData\Local\Programs\Python\Python313\;C:\Users\oshad\AppData\Local\Programs\Python\Launcher\;C:\Users\oshad\AppData\Local\Microsoft\WindowsApps;C:\Users\oshad\AppData\Local\GitHubDesktop\bin;C:\Users\oshad\AppData\Roaming\npm;C:\Users\oshad\.dotnet\tools;C:\Users\oshad\AppData\Local\Programs\Antigravity\bin;C:\Users\oshad\develop\flutter\bin;C:\Users\oshad\AppData\Local\Programs\Microsoft VS Code\bin;C:\Users\oshad\AppData\Local\Programs\cursor\resources\app\bin
USERNAME=oshad
OS=Windows_NT
PROCESSOR_IDENTIFIER=AMD64 Family 23 Model 24 Stepping 1, AuthenticAMD
TMP=C:\Users\oshad\AppData\Local\Temp
TEMP=C:\Users\oshad\AppData\Local\Temp




Periodic native trim disabled

---------------  S Y S T E M  ---------------

OS:
 Windows 11 , 64 bit Build 26100 (10.0.26100.8246)
OS uptime: 14 days 3:41 hours

CPU: total 8 (initial active 8) (8 cores per cpu, 2 threads per core) family 23 model 24 stepping 1 microcode 0x810810e, cx8, cmov, fxsr, ht, mmx, 3dnowpref, sse, sse2, sse3, ssse3, sse4a, sse4.1, sse4.2, popcnt, lzcnt, tsc, tscinvbit, avx, avx2, aes, clmul, bmi1, bmi2, adx, sha, fma, vzeroupper, clflush, clflushopt, rdtscp, f16c
Processor Information for the first 8 processors :
  Max Mhz: 2300, Current Mhz: 2300, Mhz Limit: 2300

Memory: 4k page, system-wide physical 14222M (1028M free)
TotalPageFile size 27034M (AvailPageFile size 1M)
current process WorkingSet (physical memory assigned to process): 569M, peak: 584M
current process commit charge ("private bytes"): 606M, peak: 620M

vm_info: OpenJDK 64-Bit Server VM (21.0.10+7-LTS) for windows-amd64 JRE (21.0.10+7-LTS), built on 2026-01-20T00:00:00Z by "admin" with MS VC++ 17.12 (VS2022)

END.
